$ docker build .
Sending build context to Docker daemon  41.98kB
Step 1/11 : FROM debian:buster-slim
 ---> 052664ad4351
Step 2/11 : RUN apt-get update -y
 ---> Using cache
 ---> 5fb784a0244e
Step 3/11 : RUN apt-get install -y unzip curl wget
 ---> Using cache
 ---> 3f17c1349ad9
Step 4/11 : RUN apt-get install -y cmake build-essential
 ---> Running in f165c1002a81
Reading package lists...
Building dependency tree...
Reading state information...
The following additional packages will be installed:
  binutils binutils-common binutils-x86-64-linux-gnu bzip2 cmake-data cpp
  cpp-8 dirmngr dpkg-dev fakeroot g++ g++-8 gcc gcc-8 gnupg gnupg-l10n
  gnupg-utils gpg gpg-agent gpg-wks-client gpg-wks-server gpgconf gpgsm
  libalgorithm-diff-perl libalgorithm-diff-xs-perl libalgorithm-merge-perl
  libarchive13 libasan5 libassuan0 libatomic1 libbinutils libc-dev-bin
  libc6-dev libcc1-0 libdpkg-perl libexpat1 libfakeroot libfile-fcntllock-perl
  libgcc-8-dev libgdbm-compat4 libgdbm6 libgomp1 libgpm2 libicu63 libisl19
  libitm1 libjsoncpp1 libksba8 liblocale-gettext-perl liblsan0 libmpc3
  libmpfr6 libmpx2 libncurses6 libnpth0 libperl5.28 libprocps7 libquadmath0
  libreadline7 librhash0 libsqlite3-0 libstdc++-8-dev libtsan0 libubsan1
  libuv1 libxml2 linux-libc-dev lsb-base make manpages manpages-dev netbase
  patch perl perl-modules-5.28 pinentry-curses procps psmisc readline-common
  xz-utils
Suggested packages:
  binutils-doc bzip2-doc cmake-doc ninja-build cpp-doc gcc-8-locales
  dbus-user-session libpam-systemd pinentry-gnome3 tor debian-keyring
  g++-multilib g++-8-multilib gcc-8-doc libstdc++6-8-dbg gcc-multilib autoconf
  automake libtool flex bison gdb gcc-doc gcc-8-multilib libgcc1-dbg
  libgomp1-dbg libitm1-dbg libatomic1-dbg libasan5-dbg liblsan0-dbg
  libtsan0-dbg libubsan1-dbg libmpx2-dbg libquadmath0-dbg parcimonie
  xloadimage scdaemon lrzip glibc-doc sensible-utils git bzr gdbm-l10n gpm
  libstdc++-8-doc make-doc man-browser ed diffutils-doc perl-doc
  libterm-readline-gnu-perl | libterm-readline-perl-perl libb-debug-perl
  liblocale-codes-perl pinentry-doc readline-doc
The following NEW packages will be installed:
  binutils binutils-common binutils-x86-64-linux-gnu build-essential bzip2
  cmake cmake-data cpp cpp-8 dirmngr dpkg-dev fakeroot g++ g++-8 gcc gcc-8
  gnupg gnupg-l10n gnupg-utils gpg gpg-agent gpg-wks-client gpg-wks-server
  gpgconf gpgsm libalgorithm-diff-perl libalgorithm-diff-xs-perl
  libalgorithm-merge-perl libarchive13 libasan5 libassuan0 libatomic1
  libbinutils libc-dev-bin libc6-dev libcc1-0 libdpkg-perl libexpat1
  libfakeroot libfile-fcntllock-perl libgcc-8-dev libgdbm-compat4 libgdbm6
  libgomp1 libgpm2 libicu63 libisl19 libitm1 libjsoncpp1 libksba8
  liblocale-gettext-perl liblsan0 libmpc3 libmpfr6 libmpx2 libncurses6
  libnpth0 libperl5.28 libprocps7 libquadmath0 libreadline7 librhash0
  libsqlite3-0 libstdc++-8-dev libtsan0 libubsan1 libuv1 libxml2
  linux-libc-dev lsb-base make manpages manpages-dev netbase patch perl
  perl-modules-5.28 pinentry-curses procps psmisc readline-common xz-utils
0 upgraded, 82 newly installed, 0 to remove and 0 not upgraded.
Need to get 81.4 MB of archives.
After this operation, 315 MB of additional disk space will be used.
Get:1 http://deb.debian.org/debian buster/main amd64 perl-modules-5.28 all 5.28.1-6+deb10u1 [2873 kB]
Get:2 http://deb.debian.org/debian buster/main amd64 libgdbm6 amd64 1.18.1-4 [64.7 kB]
Get:3 http://deb.debian.org/debian buster/main amd64 libgdbm-compat4 amd64 1.18.1-4 [44.1 kB]
Get:4 http://deb.debian.org/debian buster/main amd64 libperl5.28 amd64 5.28.1-6+deb10u1 [3894 kB]
Get:5 http://deb.debian.org/debian buster/main amd64 perl amd64 5.28.1-6+deb10u1 [204 kB]
Get:6 http://deb.debian.org/debian buster/main amd64 liblocale-gettext-perl amd64 1.07-3+b4 [18.9 kB]
Get:7 http://deb.debian.org/debian buster/main amd64 netbase all 5.6 [19.4 kB]
Get:8 http://deb.debian.org/debian buster/main amd64 libncurses6 amd64 6.1+20181013-2+deb10u2 [102 kB]
Get:9 http://deb.debian.org/debian buster/main amd64 libprocps7 amd64 2:3.3.15-2 [61.7 kB]
Get:10 http://deb.debian.org/debian buster/main amd64 lsb-base all 10.2019051400 [28.4 kB]
Get:11 http://deb.debian.org/debian buster/main amd64 procps amd64 2:3.3.15-2 [259 kB]
Get:12 http://deb.debian.org/debian buster/main amd64 readline-common all 7.0-5 [70.6 kB]
Get:13 http://deb.debian.org/debian buster/main amd64 bzip2 amd64 1.0.6-9.2~deb10u1 [48.4 kB]
Get:14 http://deb.debian.org/debian buster/main amd64 manpages all 4.16-2 [1295 kB]
Get:15 http://deb.debian.org/debian buster/main amd64 xz-utils amd64 5.2.4-1 [183 kB]
Get:16 http://deb.debian.org/debian buster/main amd64 binutils-common amd64 2.31.1-16 [2073 kB]
Get:17 http://deb.debian.org/debian buster/main amd64 libbinutils amd64 2.31.1-16 [478 kB]
Get:18 http://deb.debian.org/debian buster/main amd64 binutils-x86-64-linux-gnu amd64 2.31.1-16 [1823 kB]
Get:19 http://deb.debian.org/debian buster/main amd64 binutils amd64 2.31.1-16 [56.8 kB]
Get:20 http://deb.debian.org/debian buster/main amd64 libc-dev-bin amd64 2.28-10 [275 kB]
Get:21 http://deb.debian.org/debian buster/main amd64 linux-libc-dev amd64 4.19.132-1 [1376 kB]
Get:22 http://deb.debian.org/debian buster/main amd64 libc6-dev amd64 2.28-10 [2691 kB]
Get:23 http://deb.debian.org/debian buster/main amd64 libisl19 amd64 0.20-2 [587 kB]
Get:24 http://deb.debian.org/debian buster/main amd64 libmpfr6 amd64 4.0.2-1 [775 kB]
Get:25 http://deb.debian.org/debian buster/main amd64 libmpc3 amd64 1.1.0-1 [41.3 kB]
Get:26 http://deb.debian.org/debian buster/main amd64 cpp-8 amd64 8.3.0-6 [8914 kB]
Get:27 http://deb.debian.org/debian buster/main amd64 cpp amd64 4:8.3.0-1 [19.4 kB]
Get:28 http://deb.debian.org/debian buster/main amd64 libcc1-0 amd64 8.3.0-6 [46.6 kB]
Get:29 http://deb.debian.org/debian buster/main amd64 libgomp1 amd64 8.3.0-6 [75.8 kB]
Get:30 http://deb.debian.org/debian buster/main amd64 libitm1 amd64 8.3.0-6 [27.7 kB]
Get:31 http://deb.debian.org/debian buster/main amd64 libatomic1 amd64 8.3.0-6 [9032 B]
Get:32 http://deb.debian.org/debian buster/main amd64 libasan5 amd64 8.3.0-6 [362 kB]
Get:33 http://deb.debian.org/debian buster/main amd64 liblsan0 amd64 8.3.0-6 [131 kB]
Get:34 http://deb.debian.org/debian buster/main amd64 libtsan0 amd64 8.3.0-6 [283 kB]
Get:35 http://deb.debian.org/debian buster/main amd64 libubsan1 amd64 8.3.0-6 [120 kB]
Get:36 http://deb.debian.org/debian buster/main amd64 libmpx2 amd64 8.3.0-6 [11.4 kB]
Get:37 http://deb.debian.org/debian buster/main amd64 libquadmath0 amd64 8.3.0-6 [133 kB]
Get:38 http://deb.debian.org/debian buster/main amd64 libgcc-8-dev amd64 8.3.0-6 [2298 kB]
Get:39 http://deb.debian.org/debian buster/main amd64 gcc-8 amd64 8.3.0-6 [9452 kB]
Get:40 http://deb.debian.org/debian buster/main amd64 gcc amd64 4:8.3.0-1 [5196 B]
Get:41 http://deb.debian.org/debian buster/main amd64 libstdc++-8-dev amd64 8.3.0-6 [1532 kB]
Get:42 http://deb.debian.org/debian buster/main amd64 g++-8 amd64 8.3.0-6 [9752 kB]
Get:43 http://deb.debian.org/debian buster/main amd64 g++ amd64 4:8.3.0-1 [1644 B]
Get:44 http://deb.debian.org/debian buster/main amd64 make amd64 4.2.1-1.2 [341 kB]
Get:45 http://deb.debian.org/debian buster/main amd64 libdpkg-perl all 1.19.7 [1414 kB]
Get:46 http://deb.debian.org/debian buster/main amd64 patch amd64 2.7.6-3+deb10u1 [126 kB]
Get:47 http://deb.debian.org/debian buster/main amd64 dpkg-dev all 1.19.7 [1773 kB]
Get:48 http://deb.debian.org/debian buster/main amd64 build-essential amd64 12.6 [7576 B]
Get:49 http://deb.debian.org/debian buster/main amd64 cmake-data all 3.13.4-1 [1476 kB]
Get:50 http://deb.debian.org/debian buster/main amd64 libicu63 amd64 63.1-6+deb10u1 [8300 kB]
Get:51 http://deb.debian.org/debian buster/main amd64 libxml2 amd64 2.9.4+dfsg1-7+b3 [687 kB]
Get:52 http://deb.debian.org/debian buster/main amd64 libarchive13 amd64 3.3.3-4+deb10u1 [313 kB]
Get:53 http://deb.debian.org/debian buster/main amd64 libexpat1 amd64 2.2.6-2+deb10u1 [106 kB]
Get:54 http://deb.debian.org/debian buster/main amd64 libjsoncpp1 amd64 1.7.4-3 [75.6 kB]
Get:55 http://deb.debian.org/debian buster/main amd64 librhash0 amd64 1.3.8-1 [122 kB]
Get:56 http://deb.debian.org/debian buster/main amd64 libuv1 amd64 1.24.1-1 [110 kB]
Get:57 http://deb.debian.org/debian buster/main amd64 cmake amd64 3.13.4-1 [3480 kB]
Get:58 http://deb.debian.org/debian buster/main amd64 libassuan0 amd64 2.5.2-1 [49.4 kB]
Get:59 http://deb.debian.org/debian buster/main amd64 libreadline7 amd64 7.0-5 [151 kB]
Get:60 http://deb.debian.org/debian buster/main amd64 gpgconf amd64 2.2.12-1+deb10u1 [510 kB]
Get:61 http://deb.debian.org/debian buster/main amd64 libksba8 amd64 1.3.5-2 [99.7 kB]
Get:62 http://deb.debian.org/debian buster/main amd64 libnpth0 amd64 1.6-1 [18.4 kB]
Get:63 http://deb.debian.org/debian buster/main amd64 dirmngr amd64 2.2.12-1+deb10u1 [712 kB]
Get:64 http://deb.debian.org/debian buster/main amd64 libfakeroot amd64 1.23-1 [45.9 kB]
Get:65 http://deb.debian.org/debian buster/main amd64 fakeroot amd64 1.23-1 [85.8 kB]
Get:66 http://deb.debian.org/debian buster/main amd64 gnupg-l10n all 2.2.12-1+deb10u1 [1010 kB]
Get:67 http://deb.debian.org/debian buster/main amd64 gnupg-utils amd64 2.2.12-1+deb10u1 [861 kB]
Get:68 http://deb.debian.org/debian buster/main amd64 libsqlite3-0 amd64 3.27.2-3 [641 kB]
Get:69 http://deb.debian.org/debian buster/main amd64 gpg amd64 2.2.12-1+deb10u1 [865 kB]
Get:70 http://deb.debian.org/debian buster/main amd64 pinentry-curses amd64 1.1.0-2 [64.5 kB]
Get:71 http://deb.debian.org/debian buster/main amd64 gpg-agent amd64 2.2.12-1+deb10u1 [617 kB]
Get:72 http://deb.debian.org/debian buster/main amd64 gpg-wks-client amd64 2.2.12-1+deb10u1 [485 kB]
Get:73 http://deb.debian.org/debian buster/main amd64 gpg-wks-server amd64 2.2.12-1+deb10u1 [478 kB]
Get:74 http://deb.debian.org/debian buster/main amd64 gpgsm amd64 2.2.12-1+deb10u1 [604 kB]
Get:75 http://deb.debian.org/debian buster/main amd64 gnupg all 2.2.12-1+deb10u1 [715 kB]
Get:76 http://deb.debian.org/debian buster/main amd64 libalgorithm-diff-perl all 1.19.03-2 [47.9 kB]
Get:77 http://deb.debian.org/debian buster/main amd64 libalgorithm-diff-xs-perl amd64 0.04-5+b1 [11.8 kB]
Get:78 http://deb.debian.org/debian buster/main amd64 libalgorithm-merge-perl all 0.08-3 [12.7 kB]
Get:79 http://deb.debian.org/debian buster/main amd64 libfile-fcntllock-perl amd64 0.22-3+b5 [35.4 kB]
Get:80 http://deb.debian.org/debian buster/main amd64 libgpm2 amd64 1.20.7-5 [35.1 kB]
Get:81 http://deb.debian.org/debian buster/main amd64 manpages-dev all 4.16-2 [2232 kB]
Get:82 http://deb.debian.org/debian buster/main amd64 psmisc amd64 23.2-1 [126 kB]
debconf: delaying package configuration, since apt-utils is not installed
Fetched 81.4 MB in 15s (5535 kB/s)
Selecting previously unselected package perl-modules-5.28.
(Reading database ... 7019 files and directories currently installed.)
Preparing to unpack .../00-perl-modules-5.28_5.28.1-6+deb10u1_all.deb ...
Unpacking perl-modules-5.28 (5.28.1-6+deb10u1) ...
Selecting previously unselected package libgdbm6:amd64.
Preparing to unpack .../01-libgdbm6_1.18.1-4_amd64.deb ...
Unpacking libgdbm6:amd64 (1.18.1-4) ...
Selecting previously unselected package libgdbm-compat4:amd64.
Preparing to unpack .../02-libgdbm-compat4_1.18.1-4_amd64.deb ...
Unpacking libgdbm-compat4:amd64 (1.18.1-4) ...
Selecting previously unselected package libperl5.28:amd64.
Preparing to unpack .../03-libperl5.28_5.28.1-6+deb10u1_amd64.deb ...
Unpacking libperl5.28:amd64 (5.28.1-6+deb10u1) ...
Selecting previously unselected package perl.
Preparing to unpack .../04-perl_5.28.1-6+deb10u1_amd64.deb ...
Unpacking perl (5.28.1-6+deb10u1) ...
Selecting previously unselected package liblocale-gettext-perl.
Preparing to unpack .../05-liblocale-gettext-perl_1.07-3+b4_amd64.deb ...
Unpacking liblocale-gettext-perl (1.07-3+b4) ...
Selecting previously unselected package netbase.
Preparing to unpack .../06-netbase_5.6_all.deb ...
Unpacking netbase (5.6) ...
Selecting previously unselected package libncurses6:amd64.
Preparing to unpack .../07-libncurses6_6.1+20181013-2+deb10u2_amd64.deb ...
Unpacking libncurses6:amd64 (6.1+20181013-2+deb10u2) ...
Selecting previously unselected package libprocps7:amd64.
Preparing to unpack .../08-libprocps7_2%3a3.3.15-2_amd64.deb ...
Unpacking libprocps7:amd64 (2:3.3.15-2) ...
Selecting previously unselected package lsb-base.
Preparing to unpack .../09-lsb-base_10.2019051400_all.deb ...
Unpacking lsb-base (10.2019051400) ...
Selecting previously unselected package procps.
Preparing to unpack .../10-procps_2%3a3.3.15-2_amd64.deb ...
Unpacking procps (2:3.3.15-2) ...
Selecting previously unselected package readline-common.
Preparing to unpack .../11-readline-common_7.0-5_all.deb ...
Unpacking readline-common (7.0-5) ...
Selecting previously unselected package bzip2.
Preparing to unpack .../12-bzip2_1.0.6-9.2~deb10u1_amd64.deb ...
Unpacking bzip2 (1.0.6-9.2~deb10u1) ...
Selecting previously unselected package manpages.
Preparing to unpack .../13-manpages_4.16-2_all.deb ...
Unpacking manpages (4.16-2) ...
Selecting previously unselected package xz-utils.
Preparing to unpack .../14-xz-utils_5.2.4-1_amd64.deb ...
Unpacking xz-utils (5.2.4-1) ...
Selecting previously unselected package binutils-common:amd64.
Preparing to unpack .../15-binutils-common_2.31.1-16_amd64.deb ...
Unpacking binutils-common:amd64 (2.31.1-16) ...
Selecting previously unselected package libbinutils:amd64.
Preparing to unpack .../16-libbinutils_2.31.1-16_amd64.deb ...
Unpacking libbinutils:amd64 (2.31.1-16) ...
Selecting previously unselected package binutils-x86-64-linux-gnu.
Preparing to unpack .../17-binutils-x86-64-linux-gnu_2.31.1-16_amd64.deb ...
Unpacking binutils-x86-64-linux-gnu (2.31.1-16) ...
Selecting previously unselected package binutils.
Preparing to unpack .../18-binutils_2.31.1-16_amd64.deb ...
Unpacking binutils (2.31.1-16) ...
Selecting previously unselected package libc-dev-bin.
Preparing to unpack .../19-libc-dev-bin_2.28-10_amd64.deb ...
Unpacking libc-dev-bin (2.28-10) ...
Selecting previously unselected package linux-libc-dev:amd64.
Preparing to unpack .../20-linux-libc-dev_4.19.132-1_amd64.deb ...
Unpacking linux-libc-dev:amd64 (4.19.132-1) ...
Selecting previously unselected package libc6-dev:amd64.
Preparing to unpack .../21-libc6-dev_2.28-10_amd64.deb ...
Unpacking libc6-dev:amd64 (2.28-10) ...
Selecting previously unselected package libisl19:amd64.
Preparing to unpack .../22-libisl19_0.20-2_amd64.deb ...
Unpacking libisl19:amd64 (0.20-2) ...
Selecting previously unselected package libmpfr6:amd64.
Preparing to unpack .../23-libmpfr6_4.0.2-1_amd64.deb ...
Unpacking libmpfr6:amd64 (4.0.2-1) ...
Selecting previously unselected package libmpc3:amd64.
Preparing to unpack .../24-libmpc3_1.1.0-1_amd64.deb ...
Unpacking libmpc3:amd64 (1.1.0-1) ...
Selecting previously unselected package cpp-8.
Preparing to unpack .../25-cpp-8_8.3.0-6_amd64.deb ...
Unpacking cpp-8 (8.3.0-6) ...
Selecting previously unselected package cpp.
Preparing to unpack .../26-cpp_4%3a8.3.0-1_amd64.deb ...
Unpacking cpp (4:8.3.0-1) ...
Selecting previously unselected package libcc1-0:amd64.
Preparing to unpack .../27-libcc1-0_8.3.0-6_amd64.deb ...
Unpacking libcc1-0:amd64 (8.3.0-6) ...
Selecting previously unselected package libgomp1:amd64.
Preparing to unpack .../28-libgomp1_8.3.0-6_amd64.deb ...
Unpacking libgomp1:amd64 (8.3.0-6) ...
Selecting previously unselected package libitm1:amd64.
Preparing to unpack .../29-libitm1_8.3.0-6_amd64.deb ...
Unpacking libitm1:amd64 (8.3.0-6) ...
Selecting previously unselected package libatomic1:amd64.
Preparing to unpack .../30-libatomic1_8.3.0-6_amd64.deb ...
Unpacking libatomic1:amd64 (8.3.0-6) ...
Selecting previously unselected package libasan5:amd64.
Preparing to unpack .../31-libasan5_8.3.0-6_amd64.deb ...
Unpacking libasan5:amd64 (8.3.0-6) ...
Selecting previously unselected package liblsan0:amd64.
Preparing to unpack .../32-liblsan0_8.3.0-6_amd64.deb ...
Unpacking liblsan0:amd64 (8.3.0-6) ...
Selecting previously unselected package libtsan0:amd64.
Preparing to unpack .../33-libtsan0_8.3.0-6_amd64.deb ...
Unpacking libtsan0:amd64 (8.3.0-6) ...
Selecting previously unselected package libubsan1:amd64.
Preparing to unpack .../34-libubsan1_8.3.0-6_amd64.deb ...
Unpacking libubsan1:amd64 (8.3.0-6) ...
Selecting previously unselected package libmpx2:amd64.
Preparing to unpack .../35-libmpx2_8.3.0-6_amd64.deb ...
Unpacking libmpx2:amd64 (8.3.0-6) ...
Selecting previously unselected package libquadmath0:amd64.
Preparing to unpack .../36-libquadmath0_8.3.0-6_amd64.deb ...
Unpacking libquadmath0:amd64 (8.3.0-6) ...
Selecting previously unselected package libgcc-8-dev:amd64.
Preparing to unpack .../37-libgcc-8-dev_8.3.0-6_amd64.deb ...
Unpacking libgcc-8-dev:amd64 (8.3.0-6) ...
Selecting previously unselected package gcc-8.
Preparing to unpack .../38-gcc-8_8.3.0-6_amd64.deb ...
Unpacking gcc-8 (8.3.0-6) ...
Selecting previously unselected package gcc.
Preparing to unpack .../39-gcc_4%3a8.3.0-1_amd64.deb ...
Unpacking gcc (4:8.3.0-1) ...
Selecting previously unselected package libstdc++-8-dev:amd64.
Preparing to unpack .../40-libstdc++-8-dev_8.3.0-6_amd64.deb ...
Unpacking libstdc++-8-dev:amd64 (8.3.0-6) ...
Selecting previously unselected package g++-8.
Preparing to unpack .../41-g++-8_8.3.0-6_amd64.deb ...
Unpacking g++-8 (8.3.0-6) ...
Selecting previously unselected package g++.
Preparing to unpack .../42-g++_4%3a8.3.0-1_amd64.deb ...
Unpacking g++ (4:8.3.0-1) ...
Selecting previously unselected package make.
Preparing to unpack .../43-make_4.2.1-1.2_amd64.deb ...
Unpacking make (4.2.1-1.2) ...
Selecting previously unselected package libdpkg-perl.
Preparing to unpack .../44-libdpkg-perl_1.19.7_all.deb ...
Unpacking libdpkg-perl (1.19.7) ...
Selecting previously unselected package patch.
Preparing to unpack .../45-patch_2.7.6-3+deb10u1_amd64.deb ...
Unpacking patch (2.7.6-3+deb10u1) ...
Selecting previously unselected package dpkg-dev.
Preparing to unpack .../46-dpkg-dev_1.19.7_all.deb ...
Unpacking dpkg-dev (1.19.7) ...
Selecting previously unselected package build-essential.
Preparing to unpack .../47-build-essential_12.6_amd64.deb ...
Unpacking build-essential (12.6) ...
Selecting previously unselected package cmake-data.
Preparing to unpack .../48-cmake-data_3.13.4-1_all.deb ...
Unpacking cmake-data (3.13.4-1) ...
Selecting previously unselected package libicu63:amd64.
Preparing to unpack .../49-libicu63_63.1-6+deb10u1_amd64.deb ...
Unpacking libicu63:amd64 (63.1-6+deb10u1) ...
Selecting previously unselected package libxml2:amd64.
Preparing to unpack .../50-libxml2_2.9.4+dfsg1-7+b3_amd64.deb ...
Unpacking libxml2:amd64 (2.9.4+dfsg1-7+b3) ...
Selecting previously unselected package libarchive13:amd64.
Preparing to unpack .../51-libarchive13_3.3.3-4+deb10u1_amd64.deb ...
Unpacking libarchive13:amd64 (3.3.3-4+deb10u1) ...
Selecting previously unselected package libexpat1:amd64.
Preparing to unpack .../52-libexpat1_2.2.6-2+deb10u1_amd64.deb ...
Unpacking libexpat1:amd64 (2.2.6-2+deb10u1) ...
Selecting previously unselected package libjsoncpp1:amd64.
Preparing to unpack .../53-libjsoncpp1_1.7.4-3_amd64.deb ...
Unpacking libjsoncpp1:amd64 (1.7.4-3) ...
Selecting previously unselected package librhash0:amd64.
Preparing to unpack .../54-librhash0_1.3.8-1_amd64.deb ...
Unpacking librhash0:amd64 (1.3.8-1) ...
Selecting previously unselected package libuv1:amd64.
Preparing to unpack .../55-libuv1_1.24.1-1_amd64.deb ...
Unpacking libuv1:amd64 (1.24.1-1) ...
Selecting previously unselected package cmake.
Preparing to unpack .../56-cmake_3.13.4-1_amd64.deb ...
Unpacking cmake (3.13.4-1) ...
Selecting previously unselected package libassuan0:amd64.
Preparing to unpack .../57-libassuan0_2.5.2-1_amd64.deb ...
Unpacking libassuan0:amd64 (2.5.2-1) ...
Selecting previously unselected package libreadline7:amd64.
Preparing to unpack .../58-libreadline7_7.0-5_amd64.deb ...
Unpacking libreadline7:amd64 (7.0-5) ...
Selecting previously unselected package gpgconf.
Preparing to unpack .../59-gpgconf_2.2.12-1+deb10u1_amd64.deb ...
Unpacking gpgconf (2.2.12-1+deb10u1) ...
Selecting previously unselected package libksba8:amd64.
Preparing to unpack .../60-libksba8_1.3.5-2_amd64.deb ...
Unpacking libksba8:amd64 (1.3.5-2) ...
Selecting previously unselected package libnpth0:amd64.
Preparing to unpack .../61-libnpth0_1.6-1_amd64.deb ...
Unpacking libnpth0:amd64 (1.6-1) ...
Selecting previously unselected package dirmngr.
Preparing to unpack .../62-dirmngr_2.2.12-1+deb10u1_amd64.deb ...
Unpacking dirmngr (2.2.12-1+deb10u1) ...
Selecting previously unselected package libfakeroot:amd64.
Preparing to unpack .../63-libfakeroot_1.23-1_amd64.deb ...
Unpacking libfakeroot:amd64 (1.23-1) ...
Selecting previously unselected package fakeroot.
Preparing to unpack .../64-fakeroot_1.23-1_amd64.deb ...
Unpacking fakeroot (1.23-1) ...
Selecting previously unselected package gnupg-l10n.
Preparing to unpack .../65-gnupg-l10n_2.2.12-1+deb10u1_all.deb ...
Unpacking gnupg-l10n (2.2.12-1+deb10u1) ...
Selecting previously unselected package gnupg-utils.
Preparing to unpack .../66-gnupg-utils_2.2.12-1+deb10u1_amd64.deb ...
Unpacking gnupg-utils (2.2.12-1+deb10u1) ...
Selecting previously unselected package libsqlite3-0:amd64.
Preparing to unpack .../67-libsqlite3-0_3.27.2-3_amd64.deb ...
Unpacking libsqlite3-0:amd64 (3.27.2-3) ...
Selecting previously unselected package gpg.
Preparing to unpack .../68-gpg_2.2.12-1+deb10u1_amd64.deb ...
Unpacking gpg (2.2.12-1+deb10u1) ...
Selecting previously unselected package pinentry-curses.
Preparing to unpack .../69-pinentry-curses_1.1.0-2_amd64.deb ...
Unpacking pinentry-curses (1.1.0-2) ...
Selecting previously unselected package gpg-agent.
Preparing to unpack .../70-gpg-agent_2.2.12-1+deb10u1_amd64.deb ...
Unpacking gpg-agent (2.2.12-1+deb10u1) ...
Selecting previously unselected package gpg-wks-client.
Preparing to unpack .../71-gpg-wks-client_2.2.12-1+deb10u1_amd64.deb ...
Unpacking gpg-wks-client (2.2.12-1+deb10u1) ...
Selecting previously unselected package gpg-wks-server.
Preparing to unpack .../72-gpg-wks-server_2.2.12-1+deb10u1_amd64.deb ...
Unpacking gpg-wks-server (2.2.12-1+deb10u1) ...
Selecting previously unselected package gpgsm.
Preparing to unpack .../73-gpgsm_2.2.12-1+deb10u1_amd64.deb ...
Unpacking gpgsm (2.2.12-1+deb10u1) ...
Selecting previously unselected package gnupg.
Preparing to unpack .../74-gnupg_2.2.12-1+deb10u1_all.deb ...
Unpacking gnupg (2.2.12-1+deb10u1) ...
Selecting previously unselected package libalgorithm-diff-perl.
Preparing to unpack .../75-libalgorithm-diff-perl_1.19.03-2_all.deb ...
Unpacking libalgorithm-diff-perl (1.19.03-2) ...
Selecting previously unselected package libalgorithm-diff-xs-perl.
Preparing to unpack .../76-libalgorithm-diff-xs-perl_0.04-5+b1_amd64.deb ...
Unpacking libalgorithm-diff-xs-perl (0.04-5+b1) ...
Selecting previously unselected package libalgorithm-merge-perl.
Preparing to unpack .../77-libalgorithm-merge-perl_0.08-3_all.deb ...
Unpacking libalgorithm-merge-perl (0.08-3) ...
Selecting previously unselected package libfile-fcntllock-perl.
Preparing to unpack .../78-libfile-fcntllock-perl_0.22-3+b5_amd64.deb ...
Unpacking libfile-fcntllock-perl (0.22-3+b5) ...
Selecting previously unselected package libgpm2:amd64.
Preparing to unpack .../79-libgpm2_1.20.7-5_amd64.deb ...
Unpacking libgpm2:amd64 (1.20.7-5) ...
Selecting previously unselected package manpages-dev.
Preparing to unpack .../80-manpages-dev_4.16-2_all.deb ...
Unpacking manpages-dev (4.16-2) ...
Selecting previously unselected package psmisc.
Preparing to unpack .../81-psmisc_23.2-1_amd64.deb ...
Unpacking psmisc (23.2-1) ...
Setting up perl-modules-5.28 (5.28.1-6+deb10u1) ...
Setting up libksba8:amd64 (1.3.5-2) ...
Setting up libexpat1:amd64 (2.2.6-2+deb10u1) ...
Setting up lsb-base (10.2019051400) ...
Setting up libgpm2:amd64 (1.20.7-5) ...
Setting up psmisc (23.2-1) ...
Setting up manpages (4.16-2) ...
Setting up libprocps7:amd64 (2:3.3.15-2) ...
Setting up libsqlite3-0:amd64 (3.27.2-3) ...
Setting up binutils-common:amd64 (2.31.1-16) ...
Setting up linux-libc-dev:amd64 (4.19.132-1) ...
Setting up libnpth0:amd64 (1.6-1) ...
Setting up libassuan0:amd64 (2.5.2-1) ...
Setting up libgomp1:amd64 (8.3.0-6) ...
Setting up bzip2 (1.0.6-9.2~deb10u1) ...
Setting up libicu63:amd64 (63.1-6+deb10u1) ...
Setting up libfakeroot:amd64 (1.23-1) ...
Setting up fakeroot (1.23-1) ...
update-alternatives: using /usr/bin/fakeroot-sysv to provide /usr/bin/fakeroot (fakeroot) in auto mode
update-alternatives: warning: skip creation of /usr/share/man/man1/fakeroot.1.gz because associated file /usr/share/man/man1/fakeroot-sysv.1.gz (of link group fakeroot) doesn't exist
update-alternatives: warning: skip creation of /usr/share/man/man1/faked.1.gz because associated file /usr/share/man/man1/faked-sysv.1.gz (of link group fakeroot) doesn't exist
update-alternatives: warning: skip creation of /usr/share/man/es/man1/fakeroot.1.gz because associated file /usr/share/man/es/man1/fakeroot-sysv.1.gz (of link group fakeroot) doesn't exist
update-alternatives: warning: skip creation of /usr/share/man/es/man1/faked.1.gz because associated file /usr/share/man/es/man1/faked-sysv.1.gz (of link group fakeroot) doesn't exist
update-alternatives: warning: skip creation of /usr/share/man/fr/man1/fakeroot.1.gz because associated file /usr/share/man/fr/man1/fakeroot-sysv.1.gz (of link group fakeroot) doesn't exist
update-alternatives: warning: skip creation of /usr/share/man/fr/man1/faked.1.gz because associated file /usr/share/man/fr/man1/faked-sysv.1.gz (of link group fakeroot) doesn't exist
update-alternatives: warning: skip creation of /usr/share/man/sv/man1/fakeroot.1.gz because associated file /usr/share/man/sv/man1/fakeroot-sysv.1.gz (of link group fakeroot) doesn't exist
update-alternatives: warning: skip creation of /usr/share/man/sv/man1/faked.1.gz because associated file /usr/share/man/sv/man1/faked-sysv.1.gz (of link group fakeroot) doesn't exist
Setting up libasan5:amd64 (8.3.0-6) ...
Setting up libuv1:amd64 (1.24.1-1) ...
Setting up make (4.2.1-1.2) ...
Setting up libmpfr6:amd64 (4.0.2-1) ...
Setting up gnupg-l10n (2.2.12-1+deb10u1) ...
Setting up libncurses6:amd64 (6.1+20181013-2+deb10u2) ...
Setting up xz-utils (5.2.4-1) ...
update-alternatives: using /usr/bin/xz to provide /usr/bin/lzma (lzma) in auto mode
update-alternatives: warning: skip creation of /usr/share/man/man1/lzma.1.gz because associated file /usr/share/man/man1/xz.1.gz (of link group lzma) doesn't exist
update-alternatives: warning: skip creation of /usr/share/man/man1/unlzma.1.gz because associated file /usr/share/man/man1/unxz.1.gz (of link group lzma) doesn't exist
update-alternatives: warning: skip creation of /usr/share/man/man1/lzcat.1.gz because associated file /usr/share/man/man1/xzcat.1.gz (of link group lzma) doesn't exist
update-alternatives: warning: skip creation of /usr/share/man/man1/lzmore.1.gz because associated file /usr/share/man/man1/xzmore.1.gz (of link group lzma) doesn't exist
update-alternatives: warning: skip creation of /usr/share/man/man1/lzless.1.gz because associated file /usr/share/man/man1/xzless.1.gz (of link group lzma) doesn't exist
update-alternatives: warning: skip creation of /usr/share/man/man1/lzdiff.1.gz because associated file /usr/share/man/man1/xzdiff.1.gz (of link group lzma) doesn't exist
update-alternatives: warning: skip creation of /usr/share/man/man1/lzcmp.1.gz because associated file /usr/share/man/man1/xzcmp.1.gz (of link group lzma) doesn't exist
update-alternatives: warning: skip creation of /usr/share/man/man1/lzgrep.1.gz because associated file /usr/share/man/man1/xzgrep.1.gz (of link group lzma) doesn't exist
update-alternatives: warning: skip creation of /usr/share/man/man1/lzegrep.1.gz because associated file /usr/share/man/man1/xzegrep.1.gz (of link group lzma) doesn't exist
update-alternatives: warning: skip creation of /usr/share/man/man1/lzfgrep.1.gz because associated file /usr/share/man/man1/xzfgrep.1.gz (of link group lzma) doesn't exist
Setting up libquadmath0:amd64 (8.3.0-6) ...
Setting up libmpc3:amd64 (1.1.0-1) ...
Setting up libatomic1:amd64 (8.3.0-6) ...
Setting up patch (2.7.6-3+deb10u1) ...
Setting up libmpx2:amd64 (8.3.0-6) ...
Setting up libubsan1:amd64 (8.3.0-6) ...
Setting up libisl19:amd64 (0.20-2) ...
Setting up librhash0:amd64 (1.3.8-1) ...
Setting up procps (2:3.3.15-2) ...
update-alternatives: using /usr/bin/w.procps to provide /usr/bin/w (w) in auto mode
update-alternatives: warning: skip creation of /usr/share/man/man1/w.1.gz because associated file /usr/share/man/man1/w.procps.1.gz (of link group w) doesn't exist
Setting up netbase (5.6) ...
Setting up cmake-data (3.13.4-1) ...
Setting up libbinutils:amd64 (2.31.1-16) ...
Setting up cpp-8 (8.3.0-6) ...
Setting up libc-dev-bin (2.28-10) ...
Setting up readline-common (7.0-5) ...
Setting up libxml2:amd64 (2.9.4+dfsg1-7+b3) ...
Setting up libcc1-0:amd64 (8.3.0-6) ...
Setting up liblocale-gettext-perl (1.07-3+b4) ...
Setting up liblsan0:amd64 (8.3.0-6) ...
Setting up libitm1:amd64 (8.3.0-6) ...
Setting up libjsoncpp1:amd64 (1.7.4-3) ...
Setting up libreadline7:amd64 (7.0-5) ...
Setting up libgdbm6:amd64 (1.18.1-4) ...
Setting up gnupg-utils (2.2.12-1+deb10u1) ...
Setting up binutils-x86-64-linux-gnu (2.31.1-16) ...
Setting up libtsan0:amd64 (8.3.0-6) ...
Setting up pinentry-curses (1.1.0-2) ...
Setting up manpages-dev (4.16-2) ...
Setting up libarchive13:amd64 (3.3.3-4+deb10u1) ...
Setting up binutils (2.31.1-16) ...
Setting up libgdbm-compat4:amd64 (1.18.1-4) ...
Setting up libgcc-8-dev:amd64 (8.3.0-6) ...
Setting up libperl5.28:amd64 (5.28.1-6+deb10u1) ...
Setting up cpp (4:8.3.0-1) ...
Setting up gpgconf (2.2.12-1+deb10u1) ...
Setting up cmake (3.13.4-1) ...
Setting up libc6-dev:amd64 (2.28-10) ...
Setting up gpg (2.2.12-1+deb10u1) ...
Setting up libstdc++-8-dev:amd64 (8.3.0-6) ...
Setting up gcc-8 (8.3.0-6) ...
Setting up gpg-agent (2.2.12-1+deb10u1) ...
Setting up gpgsm (2.2.12-1+deb10u1) ...
Setting up gcc (4:8.3.0-1) ...
Setting up dirmngr (2.2.12-1+deb10u1) ...
Setting up perl (5.28.1-6+deb10u1) ...
Setting up libdpkg-perl (1.19.7) ...
Setting up gpg-wks-server (2.2.12-1+deb10u1) ...
Setting up g++-8 (8.3.0-6) ...
Setting up gpg-wks-client (2.2.12-1+deb10u1) ...
Setting up libfile-fcntllock-perl (0.22-3+b5) ...
Setting up libalgorithm-diff-perl (1.19.03-2) ...
Setting up dpkg-dev (1.19.7) ...
Setting up g++ (4:8.3.0-1) ...
update-alternatives: using /usr/bin/g++ to provide /usr/bin/c++ (c++) in auto mode
Setting up gnupg (2.2.12-1+deb10u1) ...
Setting up build-essential (12.6) ...
Setting up libalgorithm-diff-xs-perl (0.04-5+b1) ...
Setting up libalgorithm-merge-perl (0.08-3) ...
Processing triggers for libc-bin (2.28-10) ...
Removing intermediate container f165c1002a81
 ---> 69f364707df6
Step 5/11 : RUN curl https://archive.apache.org/dist/incubator/datasketches/cpp/2.0.0-incubating/apache-datasketches-cpp-2.0.0-incubating-src.zip -O
 ---> Running in b4bd5b01f812
  % Total    % Received % Xferd  Average Speed   Time    Time     Time  Current
                                 Dload  Upload   Total   Spent    Left  Speed
100  617k  100  617k    0     0   326k      0  0:00:01  0:00:01 --:--:--  326k
Removing intermediate container b4bd5b01f812
 ---> 34d3ca3a27aa
Step 6/11 : RUN unzip apache-datasketches-cpp-2.0.0-incubating-src.zip
 ---> Running in e27fed83dc7e
Archive:  apache-datasketches-cpp-2.0.0-incubating-src.zip
90b66895c24d843f455ada80e9cc82927188cae7
   creating: apache-datasketches-cpp-2.0.0-incubating-src/
   creating: apache-datasketches-cpp-2.0.0-incubating-src/.github/
   creating: apache-datasketches-cpp-2.0.0-incubating-src/.github/workflows/
  inflating: apache-datasketches-cpp-2.0.0-incubating-src/.github/workflows/build_cmake.yml
  inflating: apache-datasketches-cpp-2.0.0-incubating-src/.gitignore
  inflating: apache-datasketches-cpp-2.0.0-incubating-src/.gitmodules
  inflating: apache-datasketches-cpp-2.0.0-incubating-src/CMakeLists.txt
  inflating: apache-datasketches-cpp-2.0.0-incubating-src/DISCLAIMER-WIP
  inflating: apache-datasketches-cpp-2.0.0-incubating-src/LICENSE
  inflating: apache-datasketches-cpp-2.0.0-incubating-src/MANIFEST.in
  inflating: apache-datasketches-cpp-2.0.0-incubating-src/NOTICE
  inflating: apache-datasketches-cpp-2.0.0-incubating-src/README.md
   creating: apache-datasketches-cpp-2.0.0-incubating-src/common/
  inflating: apache-datasketches-cpp-2.0.0-incubating-src/common/CMakeLists.txt
   creating: apache-datasketches-cpp-2.0.0-incubating-src/common/include/
  inflating: apache-datasketches-cpp-2.0.0-incubating-src/common/include/MurmurHash3.h
  inflating: apache-datasketches-cpp-2.0.0-incubating-src/common/include/bounds_binomial_proportions.hpp
  inflating: apache-datasketches-cpp-2.0.0-incubating-src/common/include/common_defs.hpp
  inflating: apache-datasketches-cpp-2.0.0-incubating-src/common/include/count_zeros.hpp
  inflating: apache-datasketches-cpp-2.0.0-incubating-src/common/include/inv_pow2_table.hpp
  inflating: apache-datasketches-cpp-2.0.0-incubating-src/common/include/memory_operations.hpp
  inflating: apache-datasketches-cpp-2.0.0-incubating-src/common/include/serde.hpp
   creating: apache-datasketches-cpp-2.0.0-incubating-src/common/test/
  inflating: apache-datasketches-cpp-2.0.0-incubating-src/common/test/CMakeLists.txt
  inflating: apache-datasketches-cpp-2.0.0-incubating-src/common/test/catch.hpp
  inflating: apache-datasketches-cpp-2.0.0-incubating-src/common/test/catch_runner.cpp
  inflating: apache-datasketches-cpp-2.0.0-incubating-src/common/test/test_allocator.cpp
  inflating: apache-datasketches-cpp-2.0.0-incubating-src/common/test/test_allocator.hpp
  inflating: apache-datasketches-cpp-2.0.0-incubating-src/common/test/test_runner.cpp
  inflating: apache-datasketches-cpp-2.0.0-incubating-src/common/test/test_type.hpp
   creating: apache-datasketches-cpp-2.0.0-incubating-src/cpc/
  inflating: apache-datasketches-cpp-2.0.0-incubating-src/cpc/CMakeLists.txt
   creating: apache-datasketches-cpp-2.0.0-incubating-src/cpc/include/
  inflating: apache-datasketches-cpp-2.0.0-incubating-src/cpc/include/compression_data.hpp
  inflating: apache-datasketches-cpp-2.0.0-incubating-src/cpc/include/cpc_common.hpp
  inflating: apache-datasketches-cpp-2.0.0-incubating-src/cpc/include/cpc_compressor.hpp
  inflating: apache-datasketches-cpp-2.0.0-incubating-src/cpc/include/cpc_compressor_impl.hpp
  inflating: apache-datasketches-cpp-2.0.0-incubating-src/cpc/include/cpc_confidence.hpp
  inflating: apache-datasketches-cpp-2.0.0-incubating-src/cpc/include/cpc_sketch.hpp
  inflating: apache-datasketches-cpp-2.0.0-incubating-src/cpc/include/cpc_sketch_impl.hpp
  inflating: apache-datasketches-cpp-2.0.0-incubating-src/cpc/include/cpc_union.hpp
  inflating: apache-datasketches-cpp-2.0.0-incubating-src/cpc/include/cpc_union_impl.hpp
  inflating: apache-datasketches-cpp-2.0.0-incubating-src/cpc/include/cpc_util.hpp
  inflating: apache-datasketches-cpp-2.0.0-incubating-src/cpc/include/icon_estimator.hpp
  inflating: apache-datasketches-cpp-2.0.0-incubating-src/cpc/include/kxp_byte_lookup.hpp
  inflating: apache-datasketches-cpp-2.0.0-incubating-src/cpc/include/u32_table.hpp
  inflating: apache-datasketches-cpp-2.0.0-incubating-src/cpc/include/u32_table_impl.hpp
   creating: apache-datasketches-cpp-2.0.0-incubating-src/cpc/test/
  inflating: apache-datasketches-cpp-2.0.0-incubating-src/cpc/test/CMakeLists.txt
  inflating: apache-datasketches-cpp-2.0.0-incubating-src/cpc/test/compression_test.cpp
  inflating: apache-datasketches-cpp-2.0.0-incubating-src/cpc/test/cpc_sketch_test.cpp
  inflating: apache-datasketches-cpp-2.0.0-incubating-src/cpc/test/cpc_union_test.cpp
   creating: apache-datasketches-cpp-2.0.0-incubating-src/fi/
  inflating: apache-datasketches-cpp-2.0.0-incubating-src/fi/CMakeLists.txt
   creating: apache-datasketches-cpp-2.0.0-incubating-src/fi/include/
  inflating: apache-datasketches-cpp-2.0.0-incubating-src/fi/include/frequent_items_sketch.hpp
  inflating: apache-datasketches-cpp-2.0.0-incubating-src/fi/include/frequent_items_sketch_impl.hpp
  inflating: apache-datasketches-cpp-2.0.0-incubating-src/fi/include/reverse_purge_hash_map.hpp
  inflating: apache-datasketches-cpp-2.0.0-incubating-src/fi/include/reverse_purge_hash_map_impl.hpp
   creating: apache-datasketches-cpp-2.0.0-incubating-src/fi/test/
  inflating: apache-datasketches-cpp-2.0.0-incubating-src/fi/test/CMakeLists.txt
  inflating: apache-datasketches-cpp-2.0.0-incubating-src/fi/test/frequent_items_sketch_custom_type_test.cpp
  inflating: apache-datasketches-cpp-2.0.0-incubating-src/fi/test/frequent_items_sketch_test.cpp
  inflating: apache-datasketches-cpp-2.0.0-incubating-src/fi/test/items_sketch_string_from_java.sk
  inflating: apache-datasketches-cpp-2.0.0-incubating-src/fi/test/items_sketch_string_utf8_from_java.sk
  inflating: apache-datasketches-cpp-2.0.0-incubating-src/fi/test/longs_sketch_from_java.sk
  inflating: apache-datasketches-cpp-2.0.0-incubating-src/fi/test/reverse_purge_hash_map_test.cpp
   creating: apache-datasketches-cpp-2.0.0-incubating-src/hll/
  inflating: apache-datasketches-cpp-2.0.0-incubating-src/hll/CMakeLists.txt
   creating: apache-datasketches-cpp-2.0.0-incubating-src/hll/include/
  inflating: apache-datasketches-cpp-2.0.0-incubating-src/hll/include/AuxHashMap-internal.hpp
  inflating: apache-datasketches-cpp-2.0.0-incubating-src/hll/include/AuxHashMap.hpp
  inflating: apache-datasketches-cpp-2.0.0-incubating-src/hll/include/CompositeInterpolationXTable-internal.hpp
  inflating: apache-datasketches-cpp-2.0.0-incubating-src/hll/include/CompositeInterpolationXTable.hpp
  inflating: apache-datasketches-cpp-2.0.0-incubating-src/hll/include/CouponHashSet-internal.hpp
  inflating: apache-datasketches-cpp-2.0.0-incubating-src/hll/include/CouponHashSet.hpp
  inflating: apache-datasketches-cpp-2.0.0-incubating-src/hll/include/CouponList-internal.hpp
  inflating: apache-datasketches-cpp-2.0.0-incubating-src/hll/include/CouponList.hpp
  inflating: apache-datasketches-cpp-2.0.0-incubating-src/hll/include/CubicInterpolation-internal.hpp
  inflating: apache-datasketches-cpp-2.0.0-incubating-src/hll/include/CubicInterpolation.hpp
  inflating: apache-datasketches-cpp-2.0.0-incubating-src/hll/include/HarmonicNumbers-internal.hpp
  inflating: apache-datasketches-cpp-2.0.0-incubating-src/hll/include/HarmonicNumbers.hpp
  inflating: apache-datasketches-cpp-2.0.0-incubating-src/hll/include/Hll4Array-internal.hpp
  inflating: apache-datasketches-cpp-2.0.0-incubating-src/hll/include/Hll4Array.hpp
  inflating: apache-datasketches-cpp-2.0.0-incubating-src/hll/include/Hll6Array-internal.hpp
  inflating: apache-datasketches-cpp-2.0.0-incubating-src/hll/include/Hll6Array.hpp
  inflating: apache-datasketches-cpp-2.0.0-incubating-src/hll/include/Hll8Array-internal.hpp
  inflating: apache-datasketches-cpp-2.0.0-incubating-src/hll/include/Hll8Array.hpp
  inflating: apache-datasketches-cpp-2.0.0-incubating-src/hll/include/HllArray-internal.hpp
  inflating: apache-datasketches-cpp-2.0.0-incubating-src/hll/include/HllArray.hpp
  inflating: apache-datasketches-cpp-2.0.0-incubating-src/hll/include/HllSketch-internal.hpp
  inflating: apache-datasketches-cpp-2.0.0-incubating-src/hll/include/HllSketchImpl-internal.hpp
  inflating: apache-datasketches-cpp-2.0.0-incubating-src/hll/include/HllSketchImpl.hpp
  inflating: apache-datasketches-cpp-2.0.0-incubating-src/hll/include/HllSketchImplFactory.hpp
  inflating: apache-datasketches-cpp-2.0.0-incubating-src/hll/include/HllUnion-internal.hpp
  inflating: apache-datasketches-cpp-2.0.0-incubating-src/hll/include/HllUtil.hpp
  inflating: apache-datasketches-cpp-2.0.0-incubating-src/hll/include/RelativeErrorTables-internal.hpp
  inflating: apache-datasketches-cpp-2.0.0-incubating-src/hll/include/RelativeErrorTables.hpp
  inflating: apache-datasketches-cpp-2.0.0-incubating-src/hll/include/coupon_iterator-internal.hpp
  inflating: apache-datasketches-cpp-2.0.0-incubating-src/hll/include/coupon_iterator.hpp
  inflating: apache-datasketches-cpp-2.0.0-incubating-src/hll/include/hll.hpp
  inflating: apache-datasketches-cpp-2.0.0-incubating-src/hll/include/hll.private.hpp
   creating: apache-datasketches-cpp-2.0.0-incubating-src/hll/test/
  inflating: apache-datasketches-cpp-2.0.0-incubating-src/hll/test/AuxHashMapTest.cpp
  inflating: apache-datasketches-cpp-2.0.0-incubating-src/hll/test/CMakeLists.txt
  inflating: apache-datasketches-cpp-2.0.0-incubating-src/hll/test/CouponHashSetTest.cpp
  inflating: apache-datasketches-cpp-2.0.0-incubating-src/hll/test/CouponListTest.cpp
  inflating: apache-datasketches-cpp-2.0.0-incubating-src/hll/test/CrossCountingTest.cpp
  inflating: apache-datasketches-cpp-2.0.0-incubating-src/hll/test/HllArrayTest.cpp
  inflating: apache-datasketches-cpp-2.0.0-incubating-src/hll/test/HllSketchTest.cpp
  inflating: apache-datasketches-cpp-2.0.0-incubating-src/hll/test/HllUnionTest.cpp
  inflating: apache-datasketches-cpp-2.0.0-incubating-src/hll/test/IsomorphicTest.cpp
  inflating: apache-datasketches-cpp-2.0.0-incubating-src/hll/test/TablesTest.cpp
  inflating: apache-datasketches-cpp-2.0.0-incubating-src/hll/test/ToFromByteArrayTest.cpp
  inflating: apache-datasketches-cpp-2.0.0-incubating-src/hll/test/array6_from_java.sk
  inflating: apache-datasketches-cpp-2.0.0-incubating-src/hll/test/compact_array4_from_java.sk
 extracting: apache-datasketches-cpp-2.0.0-incubating-src/hll/test/compact_set_from_java.sk
 extracting: apache-datasketches-cpp-2.0.0-incubating-src/hll/test/list_from_java.sk
  inflating: apache-datasketches-cpp-2.0.0-incubating-src/hll/test/updatable_array4_from_java.sk
  inflating: apache-datasketches-cpp-2.0.0-incubating-src/hll/test/updatable_set_from_java.sk
   creating: apache-datasketches-cpp-2.0.0-incubating-src/kll/
  inflating: apache-datasketches-cpp-2.0.0-incubating-src/kll/CMakeLists.txt
   creating: apache-datasketches-cpp-2.0.0-incubating-src/kll/include/
  inflating: apache-datasketches-cpp-2.0.0-incubating-src/kll/include/kll_helper.hpp
  inflating: apache-datasketches-cpp-2.0.0-incubating-src/kll/include/kll_helper_impl.hpp
  inflating: apache-datasketches-cpp-2.0.0-incubating-src/kll/include/kll_quantile_calculator.hpp
  inflating: apache-datasketches-cpp-2.0.0-incubating-src/kll/include/kll_quantile_calculator_impl.hpp
  inflating: apache-datasketches-cpp-2.0.0-incubating-src/kll/include/kll_sketch.hpp
  inflating: apache-datasketches-cpp-2.0.0-incubating-src/kll/include/kll_sketch_impl.hpp
   creating: apache-datasketches-cpp-2.0.0-incubating-src/kll/test/
  inflating: apache-datasketches-cpp-2.0.0-incubating-src/kll/test/CMakeLists.txt
  inflating: apache-datasketches-cpp-2.0.0-incubating-src/kll/test/kll_sketch_custom_type_test.cpp
  inflating: apache-datasketches-cpp-2.0.0-incubating-src/kll/test/kll_sketch_float_one_item_v1.sk
  inflating: apache-datasketches-cpp-2.0.0-incubating-src/kll/test/kll_sketch_from_java.sk
  inflating: apache-datasketches-cpp-2.0.0-incubating-src/kll/test/kll_sketch_test.cpp
  inflating: apache-datasketches-cpp-2.0.0-incubating-src/kll/test/kll_sketch_validation.cpp
  inflating: apache-datasketches-cpp-2.0.0-incubating-src/pyproject.toml
   creating: apache-datasketches-cpp-2.0.0-incubating-src/python/
  inflating: apache-datasketches-cpp-2.0.0-incubating-src/python/CMakeLists.txt
  inflating: apache-datasketches-cpp-2.0.0-incubating-src/python/README.md
   creating: apache-datasketches-cpp-2.0.0-incubating-src/python/jupyter/
  inflating: apache-datasketches-cpp-2.0.0-incubating-src/python/jupyter/CPCSketch.ipynb
  inflating: apache-datasketches-cpp-2.0.0-incubating-src/python/jupyter/FrequentItemsSketch.ipynb
  inflating: apache-datasketches-cpp-2.0.0-incubating-src/python/jupyter/HLLSketch.ipynb
  inflating: apache-datasketches-cpp-2.0.0-incubating-src/python/jupyter/KLLSketch.ipynb
  inflating: apache-datasketches-cpp-2.0.0-incubating-src/python/jupyter/ThetaSketchNotebook.ipynb
   creating: apache-datasketches-cpp-2.0.0-incubating-src/python/pybind11/
   creating: apache-datasketches-cpp-2.0.0-incubating-src/python/src/
 extracting: apache-datasketches-cpp-2.0.0-incubating-src/python/src/__init__.py
  inflating: apache-datasketches-cpp-2.0.0-incubating-src/python/src/cpc_wrapper.cpp
  inflating: apache-datasketches-cpp-2.0.0-incubating-src/python/src/datasketches.cpp
  inflating: apache-datasketches-cpp-2.0.0-incubating-src/python/src/fi_wrapper.cpp
  inflating: apache-datasketches-cpp-2.0.0-incubating-src/python/src/hll_wrapper.cpp
  inflating: apache-datasketches-cpp-2.0.0-incubating-src/python/src/kll_wrapper.cpp
  inflating: apache-datasketches-cpp-2.0.0-incubating-src/python/src/theta_wrapper.cpp
  inflating: apache-datasketches-cpp-2.0.0-incubating-src/python/src/vo_wrapper.cpp
   creating: apache-datasketches-cpp-2.0.0-incubating-src/python/tests/
 extracting: apache-datasketches-cpp-2.0.0-incubating-src/python/tests/__init__.py
  inflating: apache-datasketches-cpp-2.0.0-incubating-src/python/tests/cpc_test.py
  inflating: apache-datasketches-cpp-2.0.0-incubating-src/python/tests/fi_test.py
  inflating: apache-datasketches-cpp-2.0.0-incubating-src/python/tests/hll_test.py
  inflating: apache-datasketches-cpp-2.0.0-incubating-src/python/tests/kll_test.py
  inflating: apache-datasketches-cpp-2.0.0-incubating-src/python/tests/theta_test.py
  inflating: apache-datasketches-cpp-2.0.0-incubating-src/python/tests/vo_test.py
   creating: apache-datasketches-cpp-2.0.0-incubating-src/sampling/
  inflating: apache-datasketches-cpp-2.0.0-incubating-src/sampling/CMakeLists.txt
   creating: apache-datasketches-cpp-2.0.0-incubating-src/sampling/include/
  inflating: apache-datasketches-cpp-2.0.0-incubating-src/sampling/include/var_opt_sketch.hpp
  inflating: apache-datasketches-cpp-2.0.0-incubating-src/sampling/include/var_opt_sketch_impl.hpp
  inflating: apache-datasketches-cpp-2.0.0-incubating-src/sampling/include/var_opt_union.hpp
  inflating: apache-datasketches-cpp-2.0.0-incubating-src/sampling/include/var_opt_union_impl.hpp
   creating: apache-datasketches-cpp-2.0.0-incubating-src/sampling/test/
  inflating: apache-datasketches-cpp-2.0.0-incubating-src/sampling/test/CMakeLists.txt
  inflating: apache-datasketches-cpp-2.0.0-incubating-src/sampling/test/binaries_from_java.txt
  inflating: apache-datasketches-cpp-2.0.0-incubating-src/sampling/test/var_opt_sketch_test.cpp
  inflating: apache-datasketches-cpp-2.0.0-incubating-src/sampling/test/var_opt_union_test.cpp
  inflating: apache-datasketches-cpp-2.0.0-incubating-src/sampling/test/varopt_sketch_long_sampling.sk
  inflating: apache-datasketches-cpp-2.0.0-incubating-src/sampling/test/varopt_sketch_string_exact.sk
  inflating: apache-datasketches-cpp-2.0.0-incubating-src/sampling/test/varopt_union_double_sampling.sk
  inflating: apache-datasketches-cpp-2.0.0-incubating-src/setup.py
   creating: apache-datasketches-cpp-2.0.0-incubating-src/theta/
  inflating: apache-datasketches-cpp-2.0.0-incubating-src/theta/CMakeLists.txt
   creating: apache-datasketches-cpp-2.0.0-incubating-src/theta/include/
  inflating: apache-datasketches-cpp-2.0.0-incubating-src/theta/include/binomial_bounds.hpp
  inflating: apache-datasketches-cpp-2.0.0-incubating-src/theta/include/conditional_back_inserter.hpp
  inflating: apache-datasketches-cpp-2.0.0-incubating-src/theta/include/theta_a_not_b.hpp
  inflating: apache-datasketches-cpp-2.0.0-incubating-src/theta/include/theta_a_not_b_impl.hpp
  inflating: apache-datasketches-cpp-2.0.0-incubating-src/theta/include/theta_intersection.hpp
  inflating: apache-datasketches-cpp-2.0.0-incubating-src/theta/include/theta_intersection_impl.hpp
  inflating: apache-datasketches-cpp-2.0.0-incubating-src/theta/include/theta_sketch.hpp
  inflating: apache-datasketches-cpp-2.0.0-incubating-src/theta/include/theta_sketch_impl.hpp
  inflating: apache-datasketches-cpp-2.0.0-incubating-src/theta/include/theta_union.hpp
  inflating: apache-datasketches-cpp-2.0.0-incubating-src/theta/include/theta_union_impl.hpp
   creating: apache-datasketches-cpp-2.0.0-incubating-src/theta/test/
  inflating: apache-datasketches-cpp-2.0.0-incubating-src/theta/test/CMakeLists.txt
  inflating: apache-datasketches-cpp-2.0.0-incubating-src/theta/test/theta_a_not_b_test.cpp
 extracting: apache-datasketches-cpp-2.0.0-incubating-src/theta/test/theta_compact_empty_from_java.sk
  inflating: apache-datasketches-cpp-2.0.0-incubating-src/theta/test/theta_compact_estimation_from_java.sk
 extracting: apache-datasketches-cpp-2.0.0-incubating-src/theta/test/theta_compact_single_item_from_java.sk
  inflating: apache-datasketches-cpp-2.0.0-incubating-src/theta/test/theta_intersection_test.cpp
  inflating: apache-datasketches-cpp-2.0.0-incubating-src/theta/test/theta_sketch_test.cpp
  inflating: apache-datasketches-cpp-2.0.0-incubating-src/theta/test/theta_union_test.cpp
  inflating: apache-datasketches-cpp-2.0.0-incubating-src/theta/test/theta_update_empty_from_java.sk
  inflating: apache-datasketches-cpp-2.0.0-incubating-src/theta/test/theta_update_estimation_from_java.sk
  inflating: apache-datasketches-cpp-2.0.0-incubating-src/git.properties
Removing intermediate container e27fed83dc7e
 ---> 3e9cb3a31071
Step 7/11 : RUN mkdir apache-datasketches-cpp-2.0.0-incubating-src/build
 ---> Running in 3bc7b782f6cc
Removing intermediate container 3bc7b782f6cc
 ---> 4c5fd2ffe7ef
Step 8/11 : WORKDIR apache-datasketches-cpp-2.0.0-incubating-src/build
 ---> Running in def8b757b34e
Removing intermediate container def8b757b34e
 ---> ae6da95210d6
Step 9/11 : RUN /usr/bin/cmake ..
 ---> Running in 3b4169ca441c
-- The CXX compiler identification is GNU 8.3.0
-- Check for working CXX compiler: /usr/bin/c++
-- Check for working CXX compiler: /usr/bin/c++ -- works
-- Detecting CXX compiler ABI info
-- Detecting CXX compiler ABI info - done
-- Detecting CXX compile features
-- Detecting CXX compile features - done
-- Setting build type to 'Release' as none was specified.
-- Configuring done
-- Generating done
-- Build files have been written to: /apache-datasketches-cpp-2.0.0-incubating-src/build
Removing intermediate container 3b4169ca441c
 ---> aa200927eb69
Step 10/11 : RUN make
 ---> Running in e921b2b7a3ee
Scanning dependencies of target datasketches
[  2%] Linking CXX shared library libdatasketches.so
[  2%] Built target datasketches
Scanning dependencies of target common_test
[  5%] Building CXX object common/test/CMakeFiles/common_test.dir/catch_runner.cpp.o
[  8%] Building CXX object common/test/CMakeFiles/common_test.dir/test_allocator.cpp.o
[  8%] Built target common_test
Scanning dependencies of target hll_test
[ 11%] Building CXX object hll/test/CMakeFiles/hll_test.dir/AuxHashMapTest.cpp.o
[ 14%] Building CXX object hll/test/CMakeFiles/hll_test.dir/CouponHashSetTest.cpp.o
In file included from /apache-datasketches-cpp-2.0.0-incubating-src/hll/include/HllUtil.hpp:23,
                 from /apache-datasketches-cpp-2.0.0-incubating-src/hll/include/hll.hpp:24,
                 from /apache-datasketches-cpp-2.0.0-incubating-src/hll/test/CouponHashSetTest.cpp:20:
/apache-datasketches-cpp-2.0.0-incubating-src/common/include/MurmurHash3.h: In function 'void MurmurHash3_x64_128(const void*, int, uint64_t, HashState&)':
/apache-datasketches-cpp-2.0.0-incubating-src/common/include/MurmurHash3.h:135:15: warning: this statement may fall through [-Wimplicit-fallthrough=]
   case 15: k2 ^= ((uint64_t)tail[14]) << 48; //@suppress("No break at end of case")
            ~~~^~~~~~~~~~~~~~~~~~~~~~~~~~~~~
/apache-datasketches-cpp-2.0.0-incubating-src/common/include/MurmurHash3.h:136:3: note: here
   case 14: k2 ^= ((uint64_t)tail[13]) << 40; //@suppress("No break at end of case")
   ^~~~
/apache-datasketches-cpp-2.0.0-incubating-src/common/include/MurmurHash3.h:136:15: warning: this statement may fall through [-Wimplicit-fallthrough=]
   case 14: k2 ^= ((uint64_t)tail[13]) << 40; //@suppress("No break at end of case")
            ~~~^~~~~~~~~~~~~~~~~~~~~~~~~~~~~
/apache-datasketches-cpp-2.0.0-incubating-src/common/include/MurmurHash3.h:137:3: note: here
   case 13: k2 ^= ((uint64_t)tail[12]) << 32; //@suppress("No break at end of case")
   ^~~~
/apache-datasketches-cpp-2.0.0-incubating-src/common/include/MurmurHash3.h:137:15: warning: this statement may fall through [-Wimplicit-fallthrough=]
   case 13: k2 ^= ((uint64_t)tail[12]) << 32; //@suppress("No break at end of case")
            ~~~^~~~~~~~~~~~~~~~~~~~~~~~~~~~~
/apache-datasketches-cpp-2.0.0-incubating-src/common/include/MurmurHash3.h:138:3: note: here
   case 12: k2 ^= ((uint64_t)tail[11]) << 24; //@suppress("No break at end of case")
   ^~~~
/apache-datasketches-cpp-2.0.0-incubating-src/common/include/MurmurHash3.h:138:15: warning: this statement may fall through [-Wimplicit-fallthrough=]
   case 12: k2 ^= ((uint64_t)tail[11]) << 24; //@suppress("No break at end of case")
            ~~~^~~~~~~~~~~~~~~~~~~~~~~~~~~~~
/apache-datasketches-cpp-2.0.0-incubating-src/common/include/MurmurHash3.h:139:3: note: here
   case 11: k2 ^= ((uint64_t)tail[10]) << 16; //@suppress("No break at end of case")
   ^~~~
/apache-datasketches-cpp-2.0.0-incubating-src/common/include/MurmurHash3.h:139:15: warning: this statement may fall through [-Wimplicit-fallthrough=]
   case 11: k2 ^= ((uint64_t)tail[10]) << 16; //@suppress("No break at end of case")
            ~~~^~~~~~~~~~~~~~~~~~~~~~~~~~~~~
/apache-datasketches-cpp-2.0.0-incubating-src/common/include/MurmurHash3.h:140:3: note: here
   case 10: k2 ^= ((uint64_t)tail[ 9]) << 8;  //@suppress("No break at end of case")
   ^~~~
/apache-datasketches-cpp-2.0.0-incubating-src/common/include/MurmurHash3.h:140:15: warning: this statement may fall through [-Wimplicit-fallthrough=]
   case 10: k2 ^= ((uint64_t)tail[ 9]) << 8;  //@suppress("No break at end of case")
            ~~~^~~~~~~~~~~~~~~~~~~~~~~~~~~~
/apache-datasketches-cpp-2.0.0-incubating-src/common/include/MurmurHash3.h:141:3: note: here
   case  9: k2 ^= ((uint64_t)tail[ 8]) << 0;
   ^~~~
/apache-datasketches-cpp-2.0.0-incubating-src/common/include/MurmurHash3.h:142:60: warning: this statement may fall through [-Wimplicit-fallthrough=]
            k2 *= c2; k2  = ROTL64(k2,33); k2 *= c1; out.h2 ^= k2;
                                                     ~~~~~~~^~~~~
/apache-datasketches-cpp-2.0.0-incubating-src/common/include/MurmurHash3.h:144:3: note: here
   case  8: k1 ^= ((uint64_t)tail[ 7]) << 56; //@suppress("No break at end of case")
   ^~~~
/apache-datasketches-cpp-2.0.0-incubating-src/common/include/MurmurHash3.h:144:15: warning: this statement may fall through [-Wimplicit-fallthrough=]
   case  8: k1 ^= ((uint64_t)tail[ 7]) << 56; //@suppress("No break at end of case")
            ~~~^~~~~~~~~~~~~~~~~~~~~~~~~~~~~
/apache-datasketches-cpp-2.0.0-incubating-src/common/include/MurmurHash3.h:145:3: note: here
   case  7: k1 ^= ((uint64_t)tail[ 6]) << 48; //@suppress("No break at end of case")
   ^~~~
/apache-datasketches-cpp-2.0.0-incubating-src/common/include/MurmurHash3.h:145:15: warning: this statement may fall through [-Wimplicit-fallthrough=]
   case  7: k1 ^= ((uint64_t)tail[ 6]) << 48; //@suppress("No break at end of case")
            ~~~^~~~~~~~~~~~~~~~~~~~~~~~~~~~~
/apache-datasketches-cpp-2.0.0-incubating-src/common/include/MurmurHash3.h:146:3: note: here
   case  6: k1 ^= ((uint64_t)tail[ 5]) << 40; //@suppress("No break at end of case")
   ^~~~
/apache-datasketches-cpp-2.0.0-incubating-src/common/include/MurmurHash3.h:146:15: warning: this statement may fall through [-Wimplicit-fallthrough=]
   case  6: k1 ^= ((uint64_t)tail[ 5]) << 40; //@suppress("No break at end of case")
            ~~~^~~~~~~~~~~~~~~~~~~~~~~~~~~~~
/apache-datasketches-cpp-2.0.0-incubating-src/common/include/MurmurHash3.h:147:3: note: here
   case  5: k1 ^= ((uint64_t)tail[ 4]) << 32; //@suppress("No break at end of case")
   ^~~~
/apache-datasketches-cpp-2.0.0-incubating-src/common/include/MurmurHash3.h:147:15: warning: this statement may fall through [-Wimplicit-fallthrough=]
   case  5: k1 ^= ((uint64_t)tail[ 4]) << 32; //@suppress("No break at end of case")
            ~~~^~~~~~~~~~~~~~~~~~~~~~~~~~~~~
/apache-datasketches-cpp-2.0.0-incubating-src/common/include/MurmurHash3.h:148:3: note: here
   case  4: k1 ^= ((uint64_t)tail[ 3]) << 24; //@suppress("No break at end of case")
   ^~~~
/apache-datasketches-cpp-2.0.0-incubating-src/common/include/MurmurHash3.h:148:15: warning: this statement may fall through [-Wimplicit-fallthrough=]
   case  4: k1 ^= ((uint64_t)tail[ 3]) << 24; //@suppress("No break at end of case")
            ~~~^~~~~~~~~~~~~~~~~~~~~~~~~~~~~
/apache-datasketches-cpp-2.0.0-incubating-src/common/include/MurmurHash3.h:149:3: note: here
   case  3: k1 ^= ((uint64_t)tail[ 2]) << 16; //@suppress("No break at end of case")
   ^~~~
/apache-datasketches-cpp-2.0.0-incubating-src/common/include/MurmurHash3.h:149:15: warning: this statement may fall through [-Wimplicit-fallthrough=]
   case  3: k1 ^= ((uint64_t)tail[ 2]) << 16; //@suppress("No break at end of case")
            ~~~^~~~~~~~~~~~~~~~~~~~~~~~~~~~~
/apache-datasketches-cpp-2.0.0-incubating-src/common/include/MurmurHash3.h:150:3: note: here
   case  2: k1 ^= ((uint64_t)tail[ 1]) << 8; //@suppress("No break at end of case")
   ^~~~
/apache-datasketches-cpp-2.0.0-incubating-src/common/include/MurmurHash3.h:150:15: warning: this statement may fall through [-Wimplicit-fallthrough=]
   case  2: k1 ^= ((uint64_t)tail[ 1]) << 8; //@suppress("No break at end of case")
            ~~~^~~~~~~~~~~~~~~~~~~~~~~~~~~~
/apache-datasketches-cpp-2.0.0-incubating-src/common/include/MurmurHash3.h:151:3: note: here
   case  1: k1 ^= ((uint64_t)tail[ 0]) << 0;
   ^~~~
[ 17%] Building CXX object hll/test/CMakeFiles/hll_test.dir/CouponListTest.cpp.o
/apache-datasketches-cpp-2.0.0-incubating-src/hll/test/CouponListTest.cpp: In function 'void datasketches::println_string(std::__cxx11::string)':
/apache-datasketches-cpp-2.0.0-incubating-src/hll/test/CouponListTest.cpp:33:33: warning: unused parameter 'str' [-Wunused-parameter]
 void println_string(std::string str) {
                     ~~~~~~~~~~~~^~~
In file included from /apache-datasketches-cpp-2.0.0-incubating-src/hll/include/HllUtil.hpp:23,
                 from /apache-datasketches-cpp-2.0.0-incubating-src/hll/include/hll.hpp:24,
                 from /apache-datasketches-cpp-2.0.0-incubating-src/hll/test/CouponListTest.cpp:27:
/apache-datasketches-cpp-2.0.0-incubating-src/common/include/MurmurHash3.h: In function 'void MurmurHash3_x64_128(const void*, int, uint64_t, HashState&)':
/apache-datasketches-cpp-2.0.0-incubating-src/common/include/MurmurHash3.h:135:15: warning: this statement may fall through [-Wimplicit-fallthrough=]
   case 15: k2 ^= ((uint64_t)tail[14]) << 48; //@suppress("No break at end of case")
            ~~~^~~~~~~~~~~~~~~~~~~~~~~~~~~~~
/apache-datasketches-cpp-2.0.0-incubating-src/common/include/MurmurHash3.h:136:3: note: here
   case 14: k2 ^= ((uint64_t)tail[13]) << 40; //@suppress("No break at end of case")
   ^~~~
/apache-datasketches-cpp-2.0.0-incubating-src/common/include/MurmurHash3.h:136:15: warning: this statement may fall through [-Wimplicit-fallthrough=]
   case 14: k2 ^= ((uint64_t)tail[13]) << 40; //@suppress("No break at end of case")
            ~~~^~~~~~~~~~~~~~~~~~~~~~~~~~~~~
/apache-datasketches-cpp-2.0.0-incubating-src/common/include/MurmurHash3.h:137:3: note: here
   case 13: k2 ^= ((uint64_t)tail[12]) << 32; //@suppress("No break at end of case")
   ^~~~
/apache-datasketches-cpp-2.0.0-incubating-src/common/include/MurmurHash3.h:137:15: warning: this statement may fall through [-Wimplicit-fallthrough=]
   case 13: k2 ^= ((uint64_t)tail[12]) << 32; //@suppress("No break at end of case")
            ~~~^~~~~~~~~~~~~~~~~~~~~~~~~~~~~
/apache-datasketches-cpp-2.0.0-incubating-src/common/include/MurmurHash3.h:138:3: note: here
   case 12: k2 ^= ((uint64_t)tail[11]) << 24; //@suppress("No break at end of case")
   ^~~~
/apache-datasketches-cpp-2.0.0-incubating-src/common/include/MurmurHash3.h:138:15: warning: this statement may fall through [-Wimplicit-fallthrough=]
   case 12: k2 ^= ((uint64_t)tail[11]) << 24; //@suppress("No break at end of case")
            ~~~^~~~~~~~~~~~~~~~~~~~~~~~~~~~~
/apache-datasketches-cpp-2.0.0-incubating-src/common/include/MurmurHash3.h:139:3: note: here
   case 11: k2 ^= ((uint64_t)tail[10]) << 16; //@suppress("No break at end of case")
   ^~~~
/apache-datasketches-cpp-2.0.0-incubating-src/common/include/MurmurHash3.h:139:15: warning: this statement may fall through [-Wimplicit-fallthrough=]
   case 11: k2 ^= ((uint64_t)tail[10]) << 16; //@suppress("No break at end of case")
            ~~~^~~~~~~~~~~~~~~~~~~~~~~~~~~~~
/apache-datasketches-cpp-2.0.0-incubating-src/common/include/MurmurHash3.h:140:3: note: here
   case 10: k2 ^= ((uint64_t)tail[ 9]) << 8;  //@suppress("No break at end of case")
   ^~~~
/apache-datasketches-cpp-2.0.0-incubating-src/common/include/MurmurHash3.h:140:15: warning: this statement may fall through [-Wimplicit-fallthrough=]
   case 10: k2 ^= ((uint64_t)tail[ 9]) << 8;  //@suppress("No break at end of case")
            ~~~^~~~~~~~~~~~~~~~~~~~~~~~~~~~
/apache-datasketches-cpp-2.0.0-incubating-src/common/include/MurmurHash3.h:141:3: note: here
   case  9: k2 ^= ((uint64_t)tail[ 8]) << 0;
   ^~~~
/apache-datasketches-cpp-2.0.0-incubating-src/common/include/MurmurHash3.h:142:60: warning: this statement may fall through [-Wimplicit-fallthrough=]
            k2 *= c2; k2  = ROTL64(k2,33); k2 *= c1; out.h2 ^= k2;
                                                     ~~~~~~~^~~~~
/apache-datasketches-cpp-2.0.0-incubating-src/common/include/MurmurHash3.h:144:3: note: here
   case  8: k1 ^= ((uint64_t)tail[ 7]) << 56; //@suppress("No break at end of case")
   ^~~~
/apache-datasketches-cpp-2.0.0-incubating-src/common/include/MurmurHash3.h:144:15: warning: this statement may fall through [-Wimplicit-fallthrough=]
   case  8: k1 ^= ((uint64_t)tail[ 7]) << 56; //@suppress("No break at end of case")
            ~~~^~~~~~~~~~~~~~~~~~~~~~~~~~~~~
/apache-datasketches-cpp-2.0.0-incubating-src/common/include/MurmurHash3.h:145:3: note: here
   case  7: k1 ^= ((uint64_t)tail[ 6]) << 48; //@suppress("No break at end of case")
   ^~~~
/apache-datasketches-cpp-2.0.0-incubating-src/common/include/MurmurHash3.h:145:15: warning: this statement may fall through [-Wimplicit-fallthrough=]
   case  7: k1 ^= ((uint64_t)tail[ 6]) << 48; //@suppress("No break at end of case")
            ~~~^~~~~~~~~~~~~~~~~~~~~~~~~~~~~
/apache-datasketches-cpp-2.0.0-incubating-src/common/include/MurmurHash3.h:146:3: note: here
   case  6: k1 ^= ((uint64_t)tail[ 5]) << 40; //@suppress("No break at end of case")
   ^~~~
/apache-datasketches-cpp-2.0.0-incubating-src/common/include/MurmurHash3.h:146:15: warning: this statement may fall through [-Wimplicit-fallthrough=]
   case  6: k1 ^= ((uint64_t)tail[ 5]) << 40; //@suppress("No break at end of case")
            ~~~^~~~~~~~~~~~~~~~~~~~~~~~~~~~~
/apache-datasketches-cpp-2.0.0-incubating-src/common/include/MurmurHash3.h:147:3: note: here
   case  5: k1 ^= ((uint64_t)tail[ 4]) << 32; //@suppress("No break at end of case")
   ^~~~
/apache-datasketches-cpp-2.0.0-incubating-src/common/include/MurmurHash3.h:147:15: warning: this statement may fall through [-Wimplicit-fallthrough=]
   case  5: k1 ^= ((uint64_t)tail[ 4]) << 32; //@suppress("No break at end of case")
            ~~~^~~~~~~~~~~~~~~~~~~~~~~~~~~~~
/apache-datasketches-cpp-2.0.0-incubating-src/common/include/MurmurHash3.h:148:3: note: here
   case  4: k1 ^= ((uint64_t)tail[ 3]) << 24; //@suppress("No break at end of case")
   ^~~~
/apache-datasketches-cpp-2.0.0-incubating-src/common/include/MurmurHash3.h:148:15: warning: this statement may fall through [-Wimplicit-fallthrough=]
   case  4: k1 ^= ((uint64_t)tail[ 3]) << 24; //@suppress("No break at end of case")
            ~~~^~~~~~~~~~~~~~~~~~~~~~~~~~~~~
/apache-datasketches-cpp-2.0.0-incubating-src/common/include/MurmurHash3.h:149:3: note: here
   case  3: k1 ^= ((uint64_t)tail[ 2]) << 16; //@suppress("No break at end of case")
   ^~~~
/apache-datasketches-cpp-2.0.0-incubating-src/common/include/MurmurHash3.h:149:15: warning: this statement may fall through [-Wimplicit-fallthrough=]
   case  3: k1 ^= ((uint64_t)tail[ 2]) << 16; //@suppress("No break at end of case")
            ~~~^~~~~~~~~~~~~~~~~~~~~~~~~~~~~
/apache-datasketches-cpp-2.0.0-incubating-src/common/include/MurmurHash3.h:150:3: note: here
   case  2: k1 ^= ((uint64_t)tail[ 1]) << 8; //@suppress("No break at end of case")
   ^~~~
/apache-datasketches-cpp-2.0.0-incubating-src/common/include/MurmurHash3.h:150:15: warning: this statement may fall through [-Wimplicit-fallthrough=]
   case  2: k1 ^= ((uint64_t)tail[ 1]) << 8; //@suppress("No break at end of case")
            ~~~^~~~~~~~~~~~~~~~~~~~~~~~~~~~
/apache-datasketches-cpp-2.0.0-incubating-src/common/include/MurmurHash3.h:151:3: note: here
   case  1: k1 ^= ((uint64_t)tail[ 0]) << 0;
   ^~~~
[ 20%] Building CXX object hll/test/CMakeFiles/hll_test.dir/CrossCountingTest.cpp.o
In file included from /apache-datasketches-cpp-2.0.0-incubating-src/hll/include/HllUtil.hpp:23,
                 from /apache-datasketches-cpp-2.0.0-incubating-src/hll/include/hll.hpp:24,
                 from /apache-datasketches-cpp-2.0.0-incubating-src/hll/test/CrossCountingTest.cpp:25:
/apache-datasketches-cpp-2.0.0-incubating-src/common/include/MurmurHash3.h: In function 'void MurmurHash3_x64_128(const void*, int, uint64_t, HashState&)':
/apache-datasketches-cpp-2.0.0-incubating-src/common/include/MurmurHash3.h:135:15: warning: this statement may fall through [-Wimplicit-fallthrough=]
   case 15: k2 ^= ((uint64_t)tail[14]) << 48; //@suppress("No break at end of case")
            ~~~^~~~~~~~~~~~~~~~~~~~~~~~~~~~~
/apache-datasketches-cpp-2.0.0-incubating-src/common/include/MurmurHash3.h:136:3: note: here
   case 14: k2 ^= ((uint64_t)tail[13]) << 40; //@suppress("No break at end of case")
   ^~~~
/apache-datasketches-cpp-2.0.0-incubating-src/common/include/MurmurHash3.h:136:15: warning: this statement may fall through [-Wimplicit-fallthrough=]
   case 14: k2 ^= ((uint64_t)tail[13]) << 40; //@suppress("No break at end of case")
            ~~~^~~~~~~~~~~~~~~~~~~~~~~~~~~~~
/apache-datasketches-cpp-2.0.0-incubating-src/common/include/MurmurHash3.h:137:3: note: here
   case 13: k2 ^= ((uint64_t)tail[12]) << 32; //@suppress("No break at end of case")
   ^~~~
/apache-datasketches-cpp-2.0.0-incubating-src/common/include/MurmurHash3.h:137:15: warning: this statement may fall through [-Wimplicit-fallthrough=]
   case 13: k2 ^= ((uint64_t)tail[12]) << 32; //@suppress("No break at end of case")
            ~~~^~~~~~~~~~~~~~~~~~~~~~~~~~~~~
/apache-datasketches-cpp-2.0.0-incubating-src/common/include/MurmurHash3.h:138:3: note: here
   case 12: k2 ^= ((uint64_t)tail[11]) << 24; //@suppress("No break at end of case")
   ^~~~
/apache-datasketches-cpp-2.0.0-incubating-src/common/include/MurmurHash3.h:138:15: warning: this statement may fall through [-Wimplicit-fallthrough=]
   case 12: k2 ^= ((uint64_t)tail[11]) << 24; //@suppress("No break at end of case")
            ~~~^~~~~~~~~~~~~~~~~~~~~~~~~~~~~
/apache-datasketches-cpp-2.0.0-incubating-src/common/include/MurmurHash3.h:139:3: note: here
   case 11: k2 ^= ((uint64_t)tail[10]) << 16; //@suppress("No break at end of case")
   ^~~~
/apache-datasketches-cpp-2.0.0-incubating-src/common/include/MurmurHash3.h:139:15: warning: this statement may fall through [-Wimplicit-fallthrough=]
   case 11: k2 ^= ((uint64_t)tail[10]) << 16; //@suppress("No break at end of case")
            ~~~^~~~~~~~~~~~~~~~~~~~~~~~~~~~~
/apache-datasketches-cpp-2.0.0-incubating-src/common/include/MurmurHash3.h:140:3: note: here
   case 10: k2 ^= ((uint64_t)tail[ 9]) << 8;  //@suppress("No break at end of case")
   ^~~~
/apache-datasketches-cpp-2.0.0-incubating-src/common/include/MurmurHash3.h:140:15: warning: this statement may fall through [-Wimplicit-fallthrough=]
   case 10: k2 ^= ((uint64_t)tail[ 9]) << 8;  //@suppress("No break at end of case")
            ~~~^~~~~~~~~~~~~~~~~~~~~~~~~~~~
/apache-datasketches-cpp-2.0.0-incubating-src/common/include/MurmurHash3.h:141:3: note: here
   case  9: k2 ^= ((uint64_t)tail[ 8]) << 0;
   ^~~~
/apache-datasketches-cpp-2.0.0-incubating-src/common/include/MurmurHash3.h:142:60: warning: this statement may fall through [-Wimplicit-fallthrough=]
            k2 *= c2; k2  = ROTL64(k2,33); k2 *= c1; out.h2 ^= k2;
                                                     ~~~~~~~^~~~~
/apache-datasketches-cpp-2.0.0-incubating-src/common/include/MurmurHash3.h:144:3: note: here
   case  8: k1 ^= ((uint64_t)tail[ 7]) << 56; //@suppress("No break at end of case")
   ^~~~
/apache-datasketches-cpp-2.0.0-incubating-src/common/include/MurmurHash3.h:144:15: warning: this statement may fall through [-Wimplicit-fallthrough=]
   case  8: k1 ^= ((uint64_t)tail[ 7]) << 56; //@suppress("No break at end of case")
            ~~~^~~~~~~~~~~~~~~~~~~~~~~~~~~~~
/apache-datasketches-cpp-2.0.0-incubating-src/common/include/MurmurHash3.h:145:3: note: here
   case  7: k1 ^= ((uint64_t)tail[ 6]) << 48; //@suppress("No break at end of case")
   ^~~~
/apache-datasketches-cpp-2.0.0-incubating-src/common/include/MurmurHash3.h:145:15: warning: this statement may fall through [-Wimplicit-fallthrough=]
   case  7: k1 ^= ((uint64_t)tail[ 6]) << 48; //@suppress("No break at end of case")
            ~~~^~~~~~~~~~~~~~~~~~~~~~~~~~~~~
/apache-datasketches-cpp-2.0.0-incubating-src/common/include/MurmurHash3.h:146:3: note: here
   case  6: k1 ^= ((uint64_t)tail[ 5]) << 40; //@suppress("No break at end of case")
   ^~~~
/apache-datasketches-cpp-2.0.0-incubating-src/common/include/MurmurHash3.h:146:15: warning: this statement may fall through [-Wimplicit-fallthrough=]
   case  6: k1 ^= ((uint64_t)tail[ 5]) << 40; //@suppress("No break at end of case")
            ~~~^~~~~~~~~~~~~~~~~~~~~~~~~~~~~
/apache-datasketches-cpp-2.0.0-incubating-src/common/include/MurmurHash3.h:147:3: note: here
   case  5: k1 ^= ((uint64_t)tail[ 4]) << 32; //@suppress("No break at end of case")
   ^~~~
/apache-datasketches-cpp-2.0.0-incubating-src/common/include/MurmurHash3.h:147:15: warning: this statement may fall through [-Wimplicit-fallthrough=]
   case  5: k1 ^= ((uint64_t)tail[ 4]) << 32; //@suppress("No break at end of case")
            ~~~^~~~~~~~~~~~~~~~~~~~~~~~~~~~~
/apache-datasketches-cpp-2.0.0-incubating-src/common/include/MurmurHash3.h:148:3: note: here
   case  4: k1 ^= ((uint64_t)tail[ 3]) << 24; //@suppress("No break at end of case")
   ^~~~
/apache-datasketches-cpp-2.0.0-incubating-src/common/include/MurmurHash3.h:148:15: warning: this statement may fall through [-Wimplicit-fallthrough=]
   case  4: k1 ^= ((uint64_t)tail[ 3]) << 24; //@suppress("No break at end of case")
            ~~~^~~~~~~~~~~~~~~~~~~~~~~~~~~~~
/apache-datasketches-cpp-2.0.0-incubating-src/common/include/MurmurHash3.h:149:3: note: here
   case  3: k1 ^= ((uint64_t)tail[ 2]) << 16; //@suppress("No break at end of case")
   ^~~~
/apache-datasketches-cpp-2.0.0-incubating-src/common/include/MurmurHash3.h:149:15: warning: this statement may fall through [-Wimplicit-fallthrough=]
   case  3: k1 ^= ((uint64_t)tail[ 2]) << 16; //@suppress("No break at end of case")
            ~~~^~~~~~~~~~~~~~~~~~~~~~~~~~~~~
/apache-datasketches-cpp-2.0.0-incubating-src/common/include/MurmurHash3.h:150:3: note: here
   case  2: k1 ^= ((uint64_t)tail[ 1]) << 8; //@suppress("No break at end of case")
   ^~~~
/apache-datasketches-cpp-2.0.0-incubating-src/common/include/MurmurHash3.h:150:15: warning: this statement may fall through [-Wimplicit-fallthrough=]
   case  2: k1 ^= ((uint64_t)tail[ 1]) << 8; //@suppress("No break at end of case")
            ~~~^~~~~~~~~~~~~~~~~~~~~~~~~~~~
/apache-datasketches-cpp-2.0.0-incubating-src/common/include/MurmurHash3.h:151:3: note: here
   case  1: k1 ^= ((uint64_t)tail[ 0]) << 0;
   ^~~~
[ 23%] Building CXX object hll/test/CMakeFiles/hll_test.dir/HllArrayTest.cpp.o
In file included from /apache-datasketches-cpp-2.0.0-incubating-src/hll/include/HllUtil.hpp:23,
                 from /apache-datasketches-cpp-2.0.0-incubating-src/hll/include/hll.hpp:24,
                 from /apache-datasketches-cpp-2.0.0-incubating-src/hll/test/HllArrayTest.cpp:20:
/apache-datasketches-cpp-2.0.0-incubating-src/common/include/MurmurHash3.h: In function 'void MurmurHash3_x64_128(const void*, int, uint64_t, HashState&)':
/apache-datasketches-cpp-2.0.0-incubating-src/common/include/MurmurHash3.h:135:15: warning: this statement may fall through [-Wimplicit-fallthrough=]
   case 15: k2 ^= ((uint64_t)tail[14]) << 48; //@suppress("No break at end of case")
            ~~~^~~~~~~~~~~~~~~~~~~~~~~~~~~~~
/apache-datasketches-cpp-2.0.0-incubating-src/common/include/MurmurHash3.h:136:3: note: here
   case 14: k2 ^= ((uint64_t)tail[13]) << 40; //@suppress("No break at end of case")
   ^~~~
/apache-datasketches-cpp-2.0.0-incubating-src/common/include/MurmurHash3.h:136:15: warning: this statement may fall through [-Wimplicit-fallthrough=]
   case 14: k2 ^= ((uint64_t)tail[13]) << 40; //@suppress("No break at end of case")
            ~~~^~~~~~~~~~~~~~~~~~~~~~~~~~~~~
/apache-datasketches-cpp-2.0.0-incubating-src/common/include/MurmurHash3.h:137:3: note: here
   case 13: k2 ^= ((uint64_t)tail[12]) << 32; //@suppress("No break at end of case")
   ^~~~
/apache-datasketches-cpp-2.0.0-incubating-src/common/include/MurmurHash3.h:137:15: warning: this statement may fall through [-Wimplicit-fallthrough=]
   case 13: k2 ^= ((uint64_t)tail[12]) << 32; //@suppress("No break at end of case")
            ~~~^~~~~~~~~~~~~~~~~~~~~~~~~~~~~
/apache-datasketches-cpp-2.0.0-incubating-src/common/include/MurmurHash3.h:138:3: note: here
   case 12: k2 ^= ((uint64_t)tail[11]) << 24; //@suppress("No break at end of case")
   ^~~~
/apache-datasketches-cpp-2.0.0-incubating-src/common/include/MurmurHash3.h:138:15: warning: this statement may fall through [-Wimplicit-fallthrough=]
   case 12: k2 ^= ((uint64_t)tail[11]) << 24; //@suppress("No break at end of case")
            ~~~^~~~~~~~~~~~~~~~~~~~~~~~~~~~~
/apache-datasketches-cpp-2.0.0-incubating-src/common/include/MurmurHash3.h:139:3: note: here
   case 11: k2 ^= ((uint64_t)tail[10]) << 16; //@suppress("No break at end of case")
   ^~~~
/apache-datasketches-cpp-2.0.0-incubating-src/common/include/MurmurHash3.h:139:15: warning: this statement may fall through [-Wimplicit-fallthrough=]
   case 11: k2 ^= ((uint64_t)tail[10]) << 16; //@suppress("No break at end of case")
            ~~~^~~~~~~~~~~~~~~~~~~~~~~~~~~~~
/apache-datasketches-cpp-2.0.0-incubating-src/common/include/MurmurHash3.h:140:3: note: here
   case 10: k2 ^= ((uint64_t)tail[ 9]) << 8;  //@suppress("No break at end of case")
   ^~~~
/apache-datasketches-cpp-2.0.0-incubating-src/common/include/MurmurHash3.h:140:15: warning: this statement may fall through [-Wimplicit-fallthrough=]
   case 10: k2 ^= ((uint64_t)tail[ 9]) << 8;  //@suppress("No break at end of case")
            ~~~^~~~~~~~~~~~~~~~~~~~~~~~~~~~
/apache-datasketches-cpp-2.0.0-incubating-src/common/include/MurmurHash3.h:141:3: note: here
   case  9: k2 ^= ((uint64_t)tail[ 8]) << 0;
   ^~~~
/apache-datasketches-cpp-2.0.0-incubating-src/common/include/MurmurHash3.h:142:60: warning: this statement may fall through [-Wimplicit-fallthrough=]
            k2 *= c2; k2  = ROTL64(k2,33); k2 *= c1; out.h2 ^= k2;
                                                     ~~~~~~~^~~~~
/apache-datasketches-cpp-2.0.0-incubating-src/common/include/MurmurHash3.h:144:3: note: here
   case  8: k1 ^= ((uint64_t)tail[ 7]) << 56; //@suppress("No break at end of case")
   ^~~~
/apache-datasketches-cpp-2.0.0-incubating-src/common/include/MurmurHash3.h:144:15: warning: this statement may fall through [-Wimplicit-fallthrough=]
   case  8: k1 ^= ((uint64_t)tail[ 7]) << 56; //@suppress("No break at end of case")
            ~~~^~~~~~~~~~~~~~~~~~~~~~~~~~~~~
/apache-datasketches-cpp-2.0.0-incubating-src/common/include/MurmurHash3.h:145:3: note: here
   case  7: k1 ^= ((uint64_t)tail[ 6]) << 48; //@suppress("No break at end of case")
   ^~~~
/apache-datasketches-cpp-2.0.0-incubating-src/common/include/MurmurHash3.h:145:15: warning: this statement may fall through [-Wimplicit-fallthrough=]
   case  7: k1 ^= ((uint64_t)tail[ 6]) << 48; //@suppress("No break at end of case")
            ~~~^~~~~~~~~~~~~~~~~~~~~~~~~~~~~
/apache-datasketches-cpp-2.0.0-incubating-src/common/include/MurmurHash3.h:146:3: note: here
   case  6: k1 ^= ((uint64_t)tail[ 5]) << 40; //@suppress("No break at end of case")
   ^~~~
/apache-datasketches-cpp-2.0.0-incubating-src/common/include/MurmurHash3.h:146:15: warning: this statement may fall through [-Wimplicit-fallthrough=]
   case  6: k1 ^= ((uint64_t)tail[ 5]) << 40; //@suppress("No break at end of case")
            ~~~^~~~~~~~~~~~~~~~~~~~~~~~~~~~~
/apache-datasketches-cpp-2.0.0-incubating-src/common/include/MurmurHash3.h:147:3: note: here
   case  5: k1 ^= ((uint64_t)tail[ 4]) << 32; //@suppress("No break at end of case")
   ^~~~
/apache-datasketches-cpp-2.0.0-incubating-src/common/include/MurmurHash3.h:147:15: warning: this statement may fall through [-Wimplicit-fallthrough=]
   case  5: k1 ^= ((uint64_t)tail[ 4]) << 32; //@suppress("No break at end of case")
            ~~~^~~~~~~~~~~~~~~~~~~~~~~~~~~~~
/apache-datasketches-cpp-2.0.0-incubating-src/common/include/MurmurHash3.h:148:3: note: here
   case  4: k1 ^= ((uint64_t)tail[ 3]) << 24; //@suppress("No break at end of case")
   ^~~~
/apache-datasketches-cpp-2.0.0-incubating-src/common/include/MurmurHash3.h:148:15: warning: this statement may fall through [-Wimplicit-fallthrough=]
   case  4: k1 ^= ((uint64_t)tail[ 3]) << 24; //@suppress("No break at end of case")
            ~~~^~~~~~~~~~~~~~~~~~~~~~~~~~~~~
/apache-datasketches-cpp-2.0.0-incubating-src/common/include/MurmurHash3.h:149:3: note: here
   case  3: k1 ^= ((uint64_t)tail[ 2]) << 16; //@suppress("No break at end of case")
   ^~~~
/apache-datasketches-cpp-2.0.0-incubating-src/common/include/MurmurHash3.h:149:15: warning: this statement may fall through [-Wimplicit-fallthrough=]
   case  3: k1 ^= ((uint64_t)tail[ 2]) << 16; //@suppress("No break at end of case")
            ~~~^~~~~~~~~~~~~~~~~~~~~~~~~~~~~
/apache-datasketches-cpp-2.0.0-incubating-src/common/include/MurmurHash3.h:150:3: note: here
   case  2: k1 ^= ((uint64_t)tail[ 1]) << 8; //@suppress("No break at end of case")
   ^~~~
/apache-datasketches-cpp-2.0.0-incubating-src/common/include/MurmurHash3.h:150:15: warning: this statement may fall through [-Wimplicit-fallthrough=]
   case  2: k1 ^= ((uint64_t)tail[ 1]) << 8; //@suppress("No break at end of case")
            ~~~^~~~~~~~~~~~~~~~~~~~~~~~~~~~
/apache-datasketches-cpp-2.0.0-incubating-src/common/include/MurmurHash3.h:151:3: note: here
   case  1: k1 ^= ((uint64_t)tail[ 0]) << 0;
   ^~~~
[ 26%] Building CXX object hll/test/CMakeFiles/hll_test.dir/HllSketchTest.cpp.o
In file included from /apache-datasketches-cpp-2.0.0-incubating-src/hll/include/HllUtil.hpp:23,
                 from /apache-datasketches-cpp-2.0.0-incubating-src/hll/include/hll.hpp:24,
                 from /apache-datasketches-cpp-2.0.0-incubating-src/hll/test/HllSketchTest.cpp:20:
/apache-datasketches-cpp-2.0.0-incubating-src/common/include/MurmurHash3.h: In function 'void MurmurHash3_x64_128(const void*, int, uint64_t, HashState&)':
/apache-datasketches-cpp-2.0.0-incubating-src/common/include/MurmurHash3.h:135:15: warning: this statement may fall through [-Wimplicit-fallthrough=]
   case 15: k2 ^= ((uint64_t)tail[14]) << 48; //@suppress("No break at end of case")
            ~~~^~~~~~~~~~~~~~~~~~~~~~~~~~~~~
/apache-datasketches-cpp-2.0.0-incubating-src/common/include/MurmurHash3.h:136:3: note: here
   case 14: k2 ^= ((uint64_t)tail[13]) << 40; //@suppress("No break at end of case")
   ^~~~
/apache-datasketches-cpp-2.0.0-incubating-src/common/include/MurmurHash3.h:136:15: warning: this statement may fall through [-Wimplicit-fallthrough=]
   case 14: k2 ^= ((uint64_t)tail[13]) << 40; //@suppress("No break at end of case")
            ~~~^~~~~~~~~~~~~~~~~~~~~~~~~~~~~
/apache-datasketches-cpp-2.0.0-incubating-src/common/include/MurmurHash3.h:137:3: note: here
   case 13: k2 ^= ((uint64_t)tail[12]) << 32; //@suppress("No break at end of case")
   ^~~~
/apache-datasketches-cpp-2.0.0-incubating-src/common/include/MurmurHash3.h:137:15: warning: this statement may fall through [-Wimplicit-fallthrough=]
   case 13: k2 ^= ((uint64_t)tail[12]) << 32; //@suppress("No break at end of case")
            ~~~^~~~~~~~~~~~~~~~~~~~~~~~~~~~~
/apache-datasketches-cpp-2.0.0-incubating-src/common/include/MurmurHash3.h:138:3: note: here
   case 12: k2 ^= ((uint64_t)tail[11]) << 24; //@suppress("No break at end of case")
   ^~~~
/apache-datasketches-cpp-2.0.0-incubating-src/common/include/MurmurHash3.h:138:15: warning: this statement may fall through [-Wimplicit-fallthrough=]
   case 12: k2 ^= ((uint64_t)tail[11]) << 24; //@suppress("No break at end of case")
            ~~~^~~~~~~~~~~~~~~~~~~~~~~~~~~~~
/apache-datasketches-cpp-2.0.0-incubating-src/common/include/MurmurHash3.h:139:3: note: here
   case 11: k2 ^= ((uint64_t)tail[10]) << 16; //@suppress("No break at end of case")
   ^~~~
/apache-datasketches-cpp-2.0.0-incubating-src/common/include/MurmurHash3.h:139:15: warning: this statement may fall through [-Wimplicit-fallthrough=]
   case 11: k2 ^= ((uint64_t)tail[10]) << 16; //@suppress("No break at end of case")
            ~~~^~~~~~~~~~~~~~~~~~~~~~~~~~~~~
/apache-datasketches-cpp-2.0.0-incubating-src/common/include/MurmurHash3.h:140:3: note: here
   case 10: k2 ^= ((uint64_t)tail[ 9]) << 8;  //@suppress("No break at end of case")
   ^~~~
/apache-datasketches-cpp-2.0.0-incubating-src/common/include/MurmurHash3.h:140:15: warning: this statement may fall through [-Wimplicit-fallthrough=]
   case 10: k2 ^= ((uint64_t)tail[ 9]) << 8;  //@suppress("No break at end of case")
            ~~~^~~~~~~~~~~~~~~~~~~~~~~~~~~~
/apache-datasketches-cpp-2.0.0-incubating-src/common/include/MurmurHash3.h:141:3: note: here
   case  9: k2 ^= ((uint64_t)tail[ 8]) << 0;
   ^~~~
/apache-datasketches-cpp-2.0.0-incubating-src/common/include/MurmurHash3.h:142:60: warning: this statement may fall through [-Wimplicit-fallthrough=]
            k2 *= c2; k2  = ROTL64(k2,33); k2 *= c1; out.h2 ^= k2;
                                                     ~~~~~~~^~~~~
/apache-datasketches-cpp-2.0.0-incubating-src/common/include/MurmurHash3.h:144:3: note: here
   case  8: k1 ^= ((uint64_t)tail[ 7]) << 56; //@suppress("No break at end of case")
   ^~~~
/apache-datasketches-cpp-2.0.0-incubating-src/common/include/MurmurHash3.h:144:15: warning: this statement may fall through [-Wimplicit-fallthrough=]
   case  8: k1 ^= ((uint64_t)tail[ 7]) << 56; //@suppress("No break at end of case")
            ~~~^~~~~~~~~~~~~~~~~~~~~~~~~~~~~
/apache-datasketches-cpp-2.0.0-incubating-src/common/include/MurmurHash3.h:145:3: note: here
   case  7: k1 ^= ((uint64_t)tail[ 6]) << 48; //@suppress("No break at end of case")
   ^~~~
/apache-datasketches-cpp-2.0.0-incubating-src/common/include/MurmurHash3.h:145:15: warning: this statement may fall through [-Wimplicit-fallthrough=]
   case  7: k1 ^= ((uint64_t)tail[ 6]) << 48; //@suppress("No break at end of case")
            ~~~^~~~~~~~~~~~~~~~~~~~~~~~~~~~~
/apache-datasketches-cpp-2.0.0-incubating-src/common/include/MurmurHash3.h:146:3: note: here
   case  6: k1 ^= ((uint64_t)tail[ 5]) << 40; //@suppress("No break at end of case")
   ^~~~
/apache-datasketches-cpp-2.0.0-incubating-src/common/include/MurmurHash3.h:146:15: warning: this statement may fall through [-Wimplicit-fallthrough=]
   case  6: k1 ^= ((uint64_t)tail[ 5]) << 40; //@suppress("No break at end of case")
            ~~~^~~~~~~~~~~~~~~~~~~~~~~~~~~~~
/apache-datasketches-cpp-2.0.0-incubating-src/common/include/MurmurHash3.h:147:3: note: here
   case  5: k1 ^= ((uint64_t)tail[ 4]) << 32; //@suppress("No break at end of case")
   ^~~~
/apache-datasketches-cpp-2.0.0-incubating-src/common/include/MurmurHash3.h:147:15: warning: this statement may fall through [-Wimplicit-fallthrough=]
   case  5: k1 ^= ((uint64_t)tail[ 4]) << 32; //@suppress("No break at end of case")
            ~~~^~~~~~~~~~~~~~~~~~~~~~~~~~~~~
/apache-datasketches-cpp-2.0.0-incubating-src/common/include/MurmurHash3.h:148:3: note: here
   case  4: k1 ^= ((uint64_t)tail[ 3]) << 24; //@suppress("No break at end of case")
   ^~~~
/apache-datasketches-cpp-2.0.0-incubating-src/common/include/MurmurHash3.h:148:15: warning: this statement may fall through [-Wimplicit-fallthrough=]
   case  4: k1 ^= ((uint64_t)tail[ 3]) << 24; //@suppress("No break at end of case")
            ~~~^~~~~~~~~~~~~~~~~~~~~~~~~~~~~
/apache-datasketches-cpp-2.0.0-incubating-src/common/include/MurmurHash3.h:149:3: note: here
   case  3: k1 ^= ((uint64_t)tail[ 2]) << 16; //@suppress("No break at end of case")
   ^~~~
/apache-datasketches-cpp-2.0.0-incubating-src/common/include/MurmurHash3.h:149:15: warning: this statement may fall through [-Wimplicit-fallthrough=]
   case  3: k1 ^= ((uint64_t)tail[ 2]) << 16; //@suppress("No break at end of case")
            ~~~^~~~~~~~~~~~~~~~~~~~~~~~~~~~~
/apache-datasketches-cpp-2.0.0-incubating-src/common/include/MurmurHash3.h:150:3: note: here
   case  2: k1 ^= ((uint64_t)tail[ 1]) << 8; //@suppress("No break at end of case")
   ^~~~
/apache-datasketches-cpp-2.0.0-incubating-src/common/include/MurmurHash3.h:150:15: warning: this statement may fall through [-Wimplicit-fallthrough=]
   case  2: k1 ^= ((uint64_t)tail[ 1]) << 8; //@suppress("No break at end of case")
            ~~~^~~~~~~~~~~~~~~~~~~~~~~~~~~~
/apache-datasketches-cpp-2.0.0-incubating-src/common/include/MurmurHash3.h:151:3: note: here
   case  1: k1 ^= ((uint64_t)tail[ 0]) << 0;
   ^~~~
[ 29%] Building CXX object hll/test/CMakeFiles/hll_test.dir/HllUnionTest.cpp.o
/apache-datasketches-cpp-2.0.0-incubating-src/hll/test/HllUnionTest.cpp: In function 'void datasketches::println(std::__cxx11::string&)':
/apache-datasketches-cpp-2.0.0-incubating-src/hll/test/HllUnionTest.cpp:31:34: warning: unused parameter 'str' [-Wunused-parameter]
 static void println(std::string& str) {
                     ~~~~~~~~~~~~~^~~
In file included from /apache-datasketches-cpp-2.0.0-incubating-src/hll/include/HllUtil.hpp:23,
                 from /apache-datasketches-cpp-2.0.0-incubating-src/hll/include/hll.hpp:24,
                 from /apache-datasketches-cpp-2.0.0-incubating-src/hll/test/HllUnionTest.cpp:23:
/apache-datasketches-cpp-2.0.0-incubating-src/common/include/MurmurHash3.h: In function 'void MurmurHash3_x64_128(const void*, int, uint64_t, HashState&)':
/apache-datasketches-cpp-2.0.0-incubating-src/common/include/MurmurHash3.h:135:15: warning: this statement may fall through [-Wimplicit-fallthrough=]
   case 15: k2 ^= ((uint64_t)tail[14]) << 48; //@suppress("No break at end of case")
            ~~~^~~~~~~~~~~~~~~~~~~~~~~~~~~~~
/apache-datasketches-cpp-2.0.0-incubating-src/common/include/MurmurHash3.h:136:3: note: here
   case 14: k2 ^= ((uint64_t)tail[13]) << 40; //@suppress("No break at end of case")
   ^~~~
/apache-datasketches-cpp-2.0.0-incubating-src/common/include/MurmurHash3.h:136:15: warning: this statement may fall through [-Wimplicit-fallthrough=]
   case 14: k2 ^= ((uint64_t)tail[13]) << 40; //@suppress("No break at end of case")
            ~~~^~~~~~~~~~~~~~~~~~~~~~~~~~~~~
/apache-datasketches-cpp-2.0.0-incubating-src/common/include/MurmurHash3.h:137:3: note: here
   case 13: k2 ^= ((uint64_t)tail[12]) << 32; //@suppress("No break at end of case")
   ^~~~
/apache-datasketches-cpp-2.0.0-incubating-src/common/include/MurmurHash3.h:137:15: warning: this statement may fall through [-Wimplicit-fallthrough=]
   case 13: k2 ^= ((uint64_t)tail[12]) << 32; //@suppress("No break at end of case")
            ~~~^~~~~~~~~~~~~~~~~~~~~~~~~~~~~
/apache-datasketches-cpp-2.0.0-incubating-src/common/include/MurmurHash3.h:138:3: note: here
   case 12: k2 ^= ((uint64_t)tail[11]) << 24; //@suppress("No break at end of case")
   ^~~~
/apache-datasketches-cpp-2.0.0-incubating-src/common/include/MurmurHash3.h:138:15: warning: this statement may fall through [-Wimplicit-fallthrough=]
   case 12: k2 ^= ((uint64_t)tail[11]) << 24; //@suppress("No break at end of case")
            ~~~^~~~~~~~~~~~~~~~~~~~~~~~~~~~~
/apache-datasketches-cpp-2.0.0-incubating-src/common/include/MurmurHash3.h:139:3: note: here
   case 11: k2 ^= ((uint64_t)tail[10]) << 16; //@suppress("No break at end of case")
   ^~~~
/apache-datasketches-cpp-2.0.0-incubating-src/common/include/MurmurHash3.h:139:15: warning: this statement may fall through [-Wimplicit-fallthrough=]
   case 11: k2 ^= ((uint64_t)tail[10]) << 16; //@suppress("No break at end of case")
            ~~~^~~~~~~~~~~~~~~~~~~~~~~~~~~~~
/apache-datasketches-cpp-2.0.0-incubating-src/common/include/MurmurHash3.h:140:3: note: here
   case 10: k2 ^= ((uint64_t)tail[ 9]) << 8;  //@suppress("No break at end of case")
   ^~~~
/apache-datasketches-cpp-2.0.0-incubating-src/common/include/MurmurHash3.h:140:15: warning: this statement may fall through [-Wimplicit-fallthrough=]
   case 10: k2 ^= ((uint64_t)tail[ 9]) << 8;  //@suppress("No break at end of case")
            ~~~^~~~~~~~~~~~~~~~~~~~~~~~~~~~
/apache-datasketches-cpp-2.0.0-incubating-src/common/include/MurmurHash3.h:141:3: note: here
   case  9: k2 ^= ((uint64_t)tail[ 8]) << 0;
   ^~~~
/apache-datasketches-cpp-2.0.0-incubating-src/common/include/MurmurHash3.h:142:60: warning: this statement may fall through [-Wimplicit-fallthrough=]
            k2 *= c2; k2  = ROTL64(k2,33); k2 *= c1; out.h2 ^= k2;
                                                     ~~~~~~~^~~~~
/apache-datasketches-cpp-2.0.0-incubating-src/common/include/MurmurHash3.h:144:3: note: here
   case  8: k1 ^= ((uint64_t)tail[ 7]) << 56; //@suppress("No break at end of case")
   ^~~~
/apache-datasketches-cpp-2.0.0-incubating-src/common/include/MurmurHash3.h:144:15: warning: this statement may fall through [-Wimplicit-fallthrough=]
   case  8: k1 ^= ((uint64_t)tail[ 7]) << 56; //@suppress("No break at end of case")
            ~~~^~~~~~~~~~~~~~~~~~~~~~~~~~~~~
/apache-datasketches-cpp-2.0.0-incubating-src/common/include/MurmurHash3.h:145:3: note: here
   case  7: k1 ^= ((uint64_t)tail[ 6]) << 48; //@suppress("No break at end of case")
   ^~~~
/apache-datasketches-cpp-2.0.0-incubating-src/common/include/MurmurHash3.h:145:15: warning: this statement may fall through [-Wimplicit-fallthrough=]
   case  7: k1 ^= ((uint64_t)tail[ 6]) << 48; //@suppress("No break at end of case")
            ~~~^~~~~~~~~~~~~~~~~~~~~~~~~~~~~
/apache-datasketches-cpp-2.0.0-incubating-src/common/include/MurmurHash3.h:146:3: note: here
   case  6: k1 ^= ((uint64_t)tail[ 5]) << 40; //@suppress("No break at end of case")
   ^~~~
/apache-datasketches-cpp-2.0.0-incubating-src/common/include/MurmurHash3.h:146:15: warning: this statement may fall through [-Wimplicit-fallthrough=]
   case  6: k1 ^= ((uint64_t)tail[ 5]) << 40; //@suppress("No break at end of case")
            ~~~^~~~~~~~~~~~~~~~~~~~~~~~~~~~~
/apache-datasketches-cpp-2.0.0-incubating-src/common/include/MurmurHash3.h:147:3: note: here
   case  5: k1 ^= ((uint64_t)tail[ 4]) << 32; //@suppress("No break at end of case")
   ^~~~
/apache-datasketches-cpp-2.0.0-incubating-src/common/include/MurmurHash3.h:147:15: warning: this statement may fall through [-Wimplicit-fallthrough=]
   case  5: k1 ^= ((uint64_t)tail[ 4]) << 32; //@suppress("No break at end of case")
            ~~~^~~~~~~~~~~~~~~~~~~~~~~~~~~~~
/apache-datasketches-cpp-2.0.0-incubating-src/common/include/MurmurHash3.h:148:3: note: here
   case  4: k1 ^= ((uint64_t)tail[ 3]) << 24; //@suppress("No break at end of case")
   ^~~~
/apache-datasketches-cpp-2.0.0-incubating-src/common/include/MurmurHash3.h:148:15: warning: this statement may fall through [-Wimplicit-fallthrough=]
   case  4: k1 ^= ((uint64_t)tail[ 3]) << 24; //@suppress("No break at end of case")
            ~~~^~~~~~~~~~~~~~~~~~~~~~~~~~~~~
/apache-datasketches-cpp-2.0.0-incubating-src/common/include/MurmurHash3.h:149:3: note: here
   case  3: k1 ^= ((uint64_t)tail[ 2]) << 16; //@suppress("No break at end of case")
   ^~~~
/apache-datasketches-cpp-2.0.0-incubating-src/common/include/MurmurHash3.h:149:15: warning: this statement may fall through [-Wimplicit-fallthrough=]
   case  3: k1 ^= ((uint64_t)tail[ 2]) << 16; //@suppress("No break at end of case")
            ~~~^~~~~~~~~~~~~~~~~~~~~~~~~~~~~
/apache-datasketches-cpp-2.0.0-incubating-src/common/include/MurmurHash3.h:150:3: note: here
   case  2: k1 ^= ((uint64_t)tail[ 1]) << 8; //@suppress("No break at end of case")
   ^~~~
/apache-datasketches-cpp-2.0.0-incubating-src/common/include/MurmurHash3.h:150:15: warning: this statement may fall through [-Wimplicit-fallthrough=]
   case  2: k1 ^= ((uint64_t)tail[ 1]) << 8; //@suppress("No break at end of case")
            ~~~^~~~~~~~~~~~~~~~~~~~~~~~~~~~
/apache-datasketches-cpp-2.0.0-incubating-src/common/include/MurmurHash3.h:151:3: note: here
   case  1: k1 ^= ((uint64_t)tail[ 0]) << 0;
   ^~~~
[ 32%] Building CXX object hll/test/CMakeFiles/hll_test.dir/TablesTest.cpp.o
[ 35%] Building CXX object hll/test/CMakeFiles/hll_test.dir/ToFromByteArrayTest.cpp.o
In file included from /apache-datasketches-cpp-2.0.0-incubating-src/hll/include/HllUtil.hpp:23,
                 from /apache-datasketches-cpp-2.0.0-incubating-src/hll/include/hll.hpp:24,
                 from /apache-datasketches-cpp-2.0.0-incubating-src/hll/test/ToFromByteArrayTest.cpp:23:
/apache-datasketches-cpp-2.0.0-incubating-src/common/include/MurmurHash3.h: In function 'void MurmurHash3_x64_128(const void*, int, uint64_t, HashState&)':
/apache-datasketches-cpp-2.0.0-incubating-src/common/include/MurmurHash3.h:135:15: warning: this statement may fall through [-Wimplicit-fallthrough=]
   case 15: k2 ^= ((uint64_t)tail[14]) << 48; //@suppress("No break at end of case")
            ~~~^~~~~~~~~~~~~~~~~~~~~~~~~~~~~
/apache-datasketches-cpp-2.0.0-incubating-src/common/include/MurmurHash3.h:136:3: note: here
   case 14: k2 ^= ((uint64_t)tail[13]) << 40; //@suppress("No break at end of case")
   ^~~~
/apache-datasketches-cpp-2.0.0-incubating-src/common/include/MurmurHash3.h:136:15: warning: this statement may fall through [-Wimplicit-fallthrough=]
   case 14: k2 ^= ((uint64_t)tail[13]) << 40; //@suppress("No break at end of case")
            ~~~^~~~~~~~~~~~~~~~~~~~~~~~~~~~~
/apache-datasketches-cpp-2.0.0-incubating-src/common/include/MurmurHash3.h:137:3: note: here
   case 13: k2 ^= ((uint64_t)tail[12]) << 32; //@suppress("No break at end of case")
   ^~~~
/apache-datasketches-cpp-2.0.0-incubating-src/common/include/MurmurHash3.h:137:15: warning: this statement may fall through [-Wimplicit-fallthrough=]
   case 13: k2 ^= ((uint64_t)tail[12]) << 32; //@suppress("No break at end of case")
            ~~~^~~~~~~~~~~~~~~~~~~~~~~~~~~~~
/apache-datasketches-cpp-2.0.0-incubating-src/common/include/MurmurHash3.h:138:3: note: here
   case 12: k2 ^= ((uint64_t)tail[11]) << 24; //@suppress("No break at end of case")
   ^~~~
/apache-datasketches-cpp-2.0.0-incubating-src/common/include/MurmurHash3.h:138:15: warning: this statement may fall through [-Wimplicit-fallthrough=]
   case 12: k2 ^= ((uint64_t)tail[11]) << 24; //@suppress("No break at end of case")
            ~~~^~~~~~~~~~~~~~~~~~~~~~~~~~~~~
/apache-datasketches-cpp-2.0.0-incubating-src/common/include/MurmurHash3.h:139:3: note: here
   case 11: k2 ^= ((uint64_t)tail[10]) << 16; //@suppress("No break at end of case")
   ^~~~
/apache-datasketches-cpp-2.0.0-incubating-src/common/include/MurmurHash3.h:139:15: warning: this statement may fall through [-Wimplicit-fallthrough=]
   case 11: k2 ^= ((uint64_t)tail[10]) << 16; //@suppress("No break at end of case")
            ~~~^~~~~~~~~~~~~~~~~~~~~~~~~~~~~
/apache-datasketches-cpp-2.0.0-incubating-src/common/include/MurmurHash3.h:140:3: note: here
   case 10: k2 ^= ((uint64_t)tail[ 9]) << 8;  //@suppress("No break at end of case")
   ^~~~
/apache-datasketches-cpp-2.0.0-incubating-src/common/include/MurmurHash3.h:140:15: warning: this statement may fall through [-Wimplicit-fallthrough=]
   case 10: k2 ^= ((uint64_t)tail[ 9]) << 8;  //@suppress("No break at end of case")
            ~~~^~~~~~~~~~~~~~~~~~~~~~~~~~~~
/apache-datasketches-cpp-2.0.0-incubating-src/common/include/MurmurHash3.h:141:3: note: here
   case  9: k2 ^= ((uint64_t)tail[ 8]) << 0;
   ^~~~
/apache-datasketches-cpp-2.0.0-incubating-src/common/include/MurmurHash3.h:142:60: warning: this statement may fall through [-Wimplicit-fallthrough=]
            k2 *= c2; k2  = ROTL64(k2,33); k2 *= c1; out.h2 ^= k2;
                                                     ~~~~~~~^~~~~
/apache-datasketches-cpp-2.0.0-incubating-src/common/include/MurmurHash3.h:144:3: note: here
   case  8: k1 ^= ((uint64_t)tail[ 7]) << 56; //@suppress("No break at end of case")
   ^~~~
/apache-datasketches-cpp-2.0.0-incubating-src/common/include/MurmurHash3.h:144:15: warning: this statement may fall through [-Wimplicit-fallthrough=]
   case  8: k1 ^= ((uint64_t)tail[ 7]) << 56; //@suppress("No break at end of case")
            ~~~^~~~~~~~~~~~~~~~~~~~~~~~~~~~~
/apache-datasketches-cpp-2.0.0-incubating-src/common/include/MurmurHash3.h:145:3: note: here
   case  7: k1 ^= ((uint64_t)tail[ 6]) << 48; //@suppress("No break at end of case")
   ^~~~
/apache-datasketches-cpp-2.0.0-incubating-src/common/include/MurmurHash3.h:145:15: warning: this statement may fall through [-Wimplicit-fallthrough=]
   case  7: k1 ^= ((uint64_t)tail[ 6]) << 48; //@suppress("No break at end of case")
            ~~~^~~~~~~~~~~~~~~~~~~~~~~~~~~~~
/apache-datasketches-cpp-2.0.0-incubating-src/common/include/MurmurHash3.h:146:3: note: here
   case  6: k1 ^= ((uint64_t)tail[ 5]) << 40; //@suppress("No break at end of case")
   ^~~~
/apache-datasketches-cpp-2.0.0-incubating-src/common/include/MurmurHash3.h:146:15: warning: this statement may fall through [-Wimplicit-fallthrough=]
   case  6: k1 ^= ((uint64_t)tail[ 5]) << 40; //@suppress("No break at end of case")
            ~~~^~~~~~~~~~~~~~~~~~~~~~~~~~~~~
/apache-datasketches-cpp-2.0.0-incubating-src/common/include/MurmurHash3.h:147:3: note: here
   case  5: k1 ^= ((uint64_t)tail[ 4]) << 32; //@suppress("No break at end of case")
   ^~~~
/apache-datasketches-cpp-2.0.0-incubating-src/common/include/MurmurHash3.h:147:15: warning: this statement may fall through [-Wimplicit-fallthrough=]
   case  5: k1 ^= ((uint64_t)tail[ 4]) << 32; //@suppress("No break at end of case")
            ~~~^~~~~~~~~~~~~~~~~~~~~~~~~~~~~
/apache-datasketches-cpp-2.0.0-incubating-src/common/include/MurmurHash3.h:148:3: note: here
   case  4: k1 ^= ((uint64_t)tail[ 3]) << 24; //@suppress("No break at end of case")
   ^~~~
/apache-datasketches-cpp-2.0.0-incubating-src/common/include/MurmurHash3.h:148:15: warning: this statement may fall through [-Wimplicit-fallthrough=]
   case  4: k1 ^= ((uint64_t)tail[ 3]) << 24; //@suppress("No break at end of case")
            ~~~^~~~~~~~~~~~~~~~~~~~~~~~~~~~~
/apache-datasketches-cpp-2.0.0-incubating-src/common/include/MurmurHash3.h:149:3: note: here
   case  3: k1 ^= ((uint64_t)tail[ 2]) << 16; //@suppress("No break at end of case")
   ^~~~
/apache-datasketches-cpp-2.0.0-incubating-src/common/include/MurmurHash3.h:149:15: warning: this statement may fall through [-Wimplicit-fallthrough=]
   case  3: k1 ^= ((uint64_t)tail[ 2]) << 16; //@suppress("No break at end of case")
            ~~~^~~~~~~~~~~~~~~~~~~~~~~~~~~~~
/apache-datasketches-cpp-2.0.0-incubating-src/common/include/MurmurHash3.h:150:3: note: here
   case  2: k1 ^= ((uint64_t)tail[ 1]) << 8; //@suppress("No break at end of case")
   ^~~~
/apache-datasketches-cpp-2.0.0-incubating-src/common/include/MurmurHash3.h:150:15: warning: this statement may fall through [-Wimplicit-fallthrough=]
   case  2: k1 ^= ((uint64_t)tail[ 1]) << 8; //@suppress("No break at end of case")
            ~~~^~~~~~~~~~~~~~~~~~~~~~~~~~~~
/apache-datasketches-cpp-2.0.0-incubating-src/common/include/MurmurHash3.h:151:3: note: here
   case  1: k1 ^= ((uint64_t)tail[ 0]) << 0;
   ^~~~
[ 38%] Building CXX object hll/test/CMakeFiles/hll_test.dir/IsomorphicTest.cpp.o
In file included from /apache-datasketches-cpp-2.0.0-incubating-src/hll/include/HllUtil.hpp:23,
                 from /apache-datasketches-cpp-2.0.0-incubating-src/hll/include/hll.hpp:24,
                 from /apache-datasketches-cpp-2.0.0-incubating-src/hll/test/IsomorphicTest.cpp:24:
/apache-datasketches-cpp-2.0.0-incubating-src/common/include/MurmurHash3.h: In function 'void MurmurHash3_x64_128(const void*, int, uint64_t, HashState&)':
/apache-datasketches-cpp-2.0.0-incubating-src/common/include/MurmurHash3.h:135:15: warning: this statement may fall through [-Wimplicit-fallthrough=]
   case 15: k2 ^= ((uint64_t)tail[14]) << 48; //@suppress("No break at end of case")
            ~~~^~~~~~~~~~~~~~~~~~~~~~~~~~~~~
/apache-datasketches-cpp-2.0.0-incubating-src/common/include/MurmurHash3.h:136:3: note: here
   case 14: k2 ^= ((uint64_t)tail[13]) << 40; //@suppress("No break at end of case")
   ^~~~
/apache-datasketches-cpp-2.0.0-incubating-src/common/include/MurmurHash3.h:136:15: warning: this statement may fall through [-Wimplicit-fallthrough=]
   case 14: k2 ^= ((uint64_t)tail[13]) << 40; //@suppress("No break at end of case")
            ~~~^~~~~~~~~~~~~~~~~~~~~~~~~~~~~
/apache-datasketches-cpp-2.0.0-incubating-src/common/include/MurmurHash3.h:137:3: note: here
   case 13: k2 ^= ((uint64_t)tail[12]) << 32; //@suppress("No break at end of case")
   ^~~~
/apache-datasketches-cpp-2.0.0-incubating-src/common/include/MurmurHash3.h:137:15: warning: this statement may fall through [-Wimplicit-fallthrough=]
   case 13: k2 ^= ((uint64_t)tail[12]) << 32; //@suppress("No break at end of case")
            ~~~^~~~~~~~~~~~~~~~~~~~~~~~~~~~~
/apache-datasketches-cpp-2.0.0-incubating-src/common/include/MurmurHash3.h:138:3: note: here
   case 12: k2 ^= ((uint64_t)tail[11]) << 24; //@suppress("No break at end of case")
   ^~~~
/apache-datasketches-cpp-2.0.0-incubating-src/common/include/MurmurHash3.h:138:15: warning: this statement may fall through [-Wimplicit-fallthrough=]
   case 12: k2 ^= ((uint64_t)tail[11]) << 24; //@suppress("No break at end of case")
            ~~~^~~~~~~~~~~~~~~~~~~~~~~~~~~~~
/apache-datasketches-cpp-2.0.0-incubating-src/common/include/MurmurHash3.h:139:3: note: here
   case 11: k2 ^= ((uint64_t)tail[10]) << 16; //@suppress("No break at end of case")
   ^~~~
/apache-datasketches-cpp-2.0.0-incubating-src/common/include/MurmurHash3.h:139:15: warning: this statement may fall through [-Wimplicit-fallthrough=]
   case 11: k2 ^= ((uint64_t)tail[10]) << 16; //@suppress("No break at end of case")
            ~~~^~~~~~~~~~~~~~~~~~~~~~~~~~~~~
/apache-datasketches-cpp-2.0.0-incubating-src/common/include/MurmurHash3.h:140:3: note: here
   case 10: k2 ^= ((uint64_t)tail[ 9]) << 8;  //@suppress("No break at end of case")
   ^~~~
/apache-datasketches-cpp-2.0.0-incubating-src/common/include/MurmurHash3.h:140:15: warning: this statement may fall through [-Wimplicit-fallthrough=]
   case 10: k2 ^= ((uint64_t)tail[ 9]) << 8;  //@suppress("No break at end of case")
            ~~~^~~~~~~~~~~~~~~~~~~~~~~~~~~~
/apache-datasketches-cpp-2.0.0-incubating-src/common/include/MurmurHash3.h:141:3: note: here
   case  9: k2 ^= ((uint64_t)tail[ 8]) << 0;
   ^~~~
/apache-datasketches-cpp-2.0.0-incubating-src/common/include/MurmurHash3.h:142:60: warning: this statement may fall through [-Wimplicit-fallthrough=]
            k2 *= c2; k2  = ROTL64(k2,33); k2 *= c1; out.h2 ^= k2;
                                                     ~~~~~~~^~~~~
/apache-datasketches-cpp-2.0.0-incubating-src/common/include/MurmurHash3.h:144:3: note: here
   case  8: k1 ^= ((uint64_t)tail[ 7]) << 56; //@suppress("No break at end of case")
   ^~~~
/apache-datasketches-cpp-2.0.0-incubating-src/common/include/MurmurHash3.h:144:15: warning: this statement may fall through [-Wimplicit-fallthrough=]
   case  8: k1 ^= ((uint64_t)tail[ 7]) << 56; //@suppress("No break at end of case")
            ~~~^~~~~~~~~~~~~~~~~~~~~~~~~~~~~
/apache-datasketches-cpp-2.0.0-incubating-src/common/include/MurmurHash3.h:145:3: note: here
   case  7: k1 ^= ((uint64_t)tail[ 6]) << 48; //@suppress("No break at end of case")
   ^~~~
/apache-datasketches-cpp-2.0.0-incubating-src/common/include/MurmurHash3.h:145:15: warning: this statement may fall through [-Wimplicit-fallthrough=]
   case  7: k1 ^= ((uint64_t)tail[ 6]) << 48; //@suppress("No break at end of case")
            ~~~^~~~~~~~~~~~~~~~~~~~~~~~~~~~~
/apache-datasketches-cpp-2.0.0-incubating-src/common/include/MurmurHash3.h:146:3: note: here
   case  6: k1 ^= ((uint64_t)tail[ 5]) << 40; //@suppress("No break at end of case")
   ^~~~
/apache-datasketches-cpp-2.0.0-incubating-src/common/include/MurmurHash3.h:146:15: warning: this statement may fall through [-Wimplicit-fallthrough=]
   case  6: k1 ^= ((uint64_t)tail[ 5]) << 40; //@suppress("No break at end of case")
            ~~~^~~~~~~~~~~~~~~~~~~~~~~~~~~~~
/apache-datasketches-cpp-2.0.0-incubating-src/common/include/MurmurHash3.h:147:3: note: here
   case  5: k1 ^= ((uint64_t)tail[ 4]) << 32; //@suppress("No break at end of case")
   ^~~~
/apache-datasketches-cpp-2.0.0-incubating-src/common/include/MurmurHash3.h:147:15: warning: this statement may fall through [-Wimplicit-fallthrough=]
   case  5: k1 ^= ((uint64_t)tail[ 4]) << 32; //@suppress("No break at end of case")
            ~~~^~~~~~~~~~~~~~~~~~~~~~~~~~~~~
/apache-datasketches-cpp-2.0.0-incubating-src/common/include/MurmurHash3.h:148:3: note: here
   case  4: k1 ^= ((uint64_t)tail[ 3]) << 24; //@suppress("No break at end of case")
   ^~~~
/apache-datasketches-cpp-2.0.0-incubating-src/common/include/MurmurHash3.h:148:15: warning: this statement may fall through [-Wimplicit-fallthrough=]
   case  4: k1 ^= ((uint64_t)tail[ 3]) << 24; //@suppress("No break at end of case")
            ~~~^~~~~~~~~~~~~~~~~~~~~~~~~~~~~
/apache-datasketches-cpp-2.0.0-incubating-src/common/include/MurmurHash3.h:149:3: note: here
   case  3: k1 ^= ((uint64_t)tail[ 2]) << 16; //@suppress("No break at end of case")
   ^~~~
/apache-datasketches-cpp-2.0.0-incubating-src/common/include/MurmurHash3.h:149:15: warning: this statement may fall through [-Wimplicit-fallthrough=]
   case  3: k1 ^= ((uint64_t)tail[ 2]) << 16; //@suppress("No break at end of case")
            ~~~^~~~~~~~~~~~~~~~~~~~~~~~~~~~~
/apache-datasketches-cpp-2.0.0-incubating-src/common/include/MurmurHash3.h:150:3: note: here
   case  2: k1 ^= ((uint64_t)tail[ 1]) << 8; //@suppress("No break at end of case")
   ^~~~
/apache-datasketches-cpp-2.0.0-incubating-src/common/include/MurmurHash3.h:150:15: warning: this statement may fall through [-Wimplicit-fallthrough=]
   case  2: k1 ^= ((uint64_t)tail[ 1]) << 8; //@suppress("No break at end of case")
            ~~~^~~~~~~~~~~~~~~~~~~~~~~~~~~~
/apache-datasketches-cpp-2.0.0-incubating-src/common/include/MurmurHash3.h:151:3: note: here
   case  1: k1 ^= ((uint64_t)tail[ 0]) << 0;
   ^~~~
[ 41%] Linking CXX executable hll_test
[ 41%] Built target hll_test
Scanning dependencies of target cpc_test
[ 44%] Building CXX object cpc/test/CMakeFiles/cpc_test.dir/cpc_sketch_test.cpp.o
In file included from /apache-datasketches-cpp-2.0.0-incubating-src/cpc/include/cpc_common.hpp:25,
                 from /apache-datasketches-cpp-2.0.0-incubating-src/cpc/include/u32_table.hpp:28,
                 from /apache-datasketches-cpp-2.0.0-incubating-src/cpc/include/cpc_sketch.hpp:28,
                 from /apache-datasketches-cpp-2.0.0-incubating-src/cpc/test/cpc_sketch_test.cpp:27:
/apache-datasketches-cpp-2.0.0-incubating-src/common/include/MurmurHash3.h: In function 'void MurmurHash3_x64_128(const void*, int, uint64_t, HashState&)':
/apache-datasketches-cpp-2.0.0-incubating-src/common/include/MurmurHash3.h:135:15: warning: this statement may fall through [-Wimplicit-fallthrough=]
   case 15: k2 ^= ((uint64_t)tail[14]) << 48; //@suppress("No break at end of case")
            ~~~^~~~~~~~~~~~~~~~~~~~~~~~~~~~~
/apache-datasketches-cpp-2.0.0-incubating-src/common/include/MurmurHash3.h:136:3: note: here
   case 14: k2 ^= ((uint64_t)tail[13]) << 40; //@suppress("No break at end of case")
   ^~~~
/apache-datasketches-cpp-2.0.0-incubating-src/common/include/MurmurHash3.h:136:15: warning: this statement may fall through [-Wimplicit-fallthrough=]
   case 14: k2 ^= ((uint64_t)tail[13]) << 40; //@suppress("No break at end of case")
            ~~~^~~~~~~~~~~~~~~~~~~~~~~~~~~~~
/apache-datasketches-cpp-2.0.0-incubating-src/common/include/MurmurHash3.h:137:3: note: here
   case 13: k2 ^= ((uint64_t)tail[12]) << 32; //@suppress("No break at end of case")
   ^~~~
/apache-datasketches-cpp-2.0.0-incubating-src/common/include/MurmurHash3.h:137:15: warning: this statement may fall through [-Wimplicit-fallthrough=]
   case 13: k2 ^= ((uint64_t)tail[12]) << 32; //@suppress("No break at end of case")
            ~~~^~~~~~~~~~~~~~~~~~~~~~~~~~~~~
/apache-datasketches-cpp-2.0.0-incubating-src/common/include/MurmurHash3.h:138:3: note: here
   case 12: k2 ^= ((uint64_t)tail[11]) << 24; //@suppress("No break at end of case")
   ^~~~
/apache-datasketches-cpp-2.0.0-incubating-src/common/include/MurmurHash3.h:138:15: warning: this statement may fall through [-Wimplicit-fallthrough=]
   case 12: k2 ^= ((uint64_t)tail[11]) << 24; //@suppress("No break at end of case")
            ~~~^~~~~~~~~~~~~~~~~~~~~~~~~~~~~
/apache-datasketches-cpp-2.0.0-incubating-src/common/include/MurmurHash3.h:139:3: note: here
   case 11: k2 ^= ((uint64_t)tail[10]) << 16; //@suppress("No break at end of case")
   ^~~~
/apache-datasketches-cpp-2.0.0-incubating-src/common/include/MurmurHash3.h:139:15: warning: this statement may fall through [-Wimplicit-fallthrough=]
   case 11: k2 ^= ((uint64_t)tail[10]) << 16; //@suppress("No break at end of case")
            ~~~^~~~~~~~~~~~~~~~~~~~~~~~~~~~~
/apache-datasketches-cpp-2.0.0-incubating-src/common/include/MurmurHash3.h:140:3: note: here
   case 10: k2 ^= ((uint64_t)tail[ 9]) << 8;  //@suppress("No break at end of case")
   ^~~~
/apache-datasketches-cpp-2.0.0-incubating-src/common/include/MurmurHash3.h:140:15: warning: this statement may fall through [-Wimplicit-fallthrough=]
   case 10: k2 ^= ((uint64_t)tail[ 9]) << 8;  //@suppress("No break at end of case")
            ~~~^~~~~~~~~~~~~~~~~~~~~~~~~~~~
/apache-datasketches-cpp-2.0.0-incubating-src/common/include/MurmurHash3.h:141:3: note: here
   case  9: k2 ^= ((uint64_t)tail[ 8]) << 0;
   ^~~~
/apache-datasketches-cpp-2.0.0-incubating-src/common/include/MurmurHash3.h:142:60: warning: this statement may fall through [-Wimplicit-fallthrough=]
            k2 *= c2; k2  = ROTL64(k2,33); k2 *= c1; out.h2 ^= k2;
                                                     ~~~~~~~^~~~~
/apache-datasketches-cpp-2.0.0-incubating-src/common/include/MurmurHash3.h:144:3: note: here
   case  8: k1 ^= ((uint64_t)tail[ 7]) << 56; //@suppress("No break at end of case")
   ^~~~
/apache-datasketches-cpp-2.0.0-incubating-src/common/include/MurmurHash3.h:144:15: warning: this statement may fall through [-Wimplicit-fallthrough=]
   case  8: k1 ^= ((uint64_t)tail[ 7]) << 56; //@suppress("No break at end of case")
            ~~~^~~~~~~~~~~~~~~~~~~~~~~~~~~~~
/apache-datasketches-cpp-2.0.0-incubating-src/common/include/MurmurHash3.h:145:3: note: here
   case  7: k1 ^= ((uint64_t)tail[ 6]) << 48; //@suppress("No break at end of case")
   ^~~~
/apache-datasketches-cpp-2.0.0-incubating-src/common/include/MurmurHash3.h:145:15: warning: this statement may fall through [-Wimplicit-fallthrough=]
   case  7: k1 ^= ((uint64_t)tail[ 6]) << 48; //@suppress("No break at end of case")
            ~~~^~~~~~~~~~~~~~~~~~~~~~~~~~~~~
/apache-datasketches-cpp-2.0.0-incubating-src/common/include/MurmurHash3.h:146:3: note: here
   case  6: k1 ^= ((uint64_t)tail[ 5]) << 40; //@suppress("No break at end of case")
   ^~~~
/apache-datasketches-cpp-2.0.0-incubating-src/common/include/MurmurHash3.h:146:15: warning: this statement may fall through [-Wimplicit-fallthrough=]
   case  6: k1 ^= ((uint64_t)tail[ 5]) << 40; //@suppress("No break at end of case")
            ~~~^~~~~~~~~~~~~~~~~~~~~~~~~~~~~
/apache-datasketches-cpp-2.0.0-incubating-src/common/include/MurmurHash3.h:147:3: note: here
   case  5: k1 ^= ((uint64_t)tail[ 4]) << 32; //@suppress("No break at end of case")
   ^~~~
/apache-datasketches-cpp-2.0.0-incubating-src/common/include/MurmurHash3.h:147:15: warning: this statement may fall through [-Wimplicit-fallthrough=]
   case  5: k1 ^= ((uint64_t)tail[ 4]) << 32; //@suppress("No break at end of case")
            ~~~^~~~~~~~~~~~~~~~~~~~~~~~~~~~~
/apache-datasketches-cpp-2.0.0-incubating-src/common/include/MurmurHash3.h:148:3: note: here
   case  4: k1 ^= ((uint64_t)tail[ 3]) << 24; //@suppress("No break at end of case")
   ^~~~
/apache-datasketches-cpp-2.0.0-incubating-src/common/include/MurmurHash3.h:148:15: warning: this statement may fall through [-Wimplicit-fallthrough=]
   case  4: k1 ^= ((uint64_t)tail[ 3]) << 24; //@suppress("No break at end of case")
            ~~~^~~~~~~~~~~~~~~~~~~~~~~~~~~~~
/apache-datasketches-cpp-2.0.0-incubating-src/common/include/MurmurHash3.h:149:3: note: here
   case  3: k1 ^= ((uint64_t)tail[ 2]) << 16; //@suppress("No break at end of case")
   ^~~~
/apache-datasketches-cpp-2.0.0-incubating-src/common/include/MurmurHash3.h:149:15: warning: this statement may fall through [-Wimplicit-fallthrough=]
   case  3: k1 ^= ((uint64_t)tail[ 2]) << 16; //@suppress("No break at end of case")
            ~~~^~~~~~~~~~~~~~~~~~~~~~~~~~~~~
/apache-datasketches-cpp-2.0.0-incubating-src/common/include/MurmurHash3.h:150:3: note: here
   case  2: k1 ^= ((uint64_t)tail[ 1]) << 8; //@suppress("No break at end of case")
   ^~~~
/apache-datasketches-cpp-2.0.0-incubating-src/common/include/MurmurHash3.h:150:15: warning: this statement may fall through [-Wimplicit-fallthrough=]
   case  2: k1 ^= ((uint64_t)tail[ 1]) << 8; //@suppress("No break at end of case")
            ~~~^~~~~~~~~~~~~~~~~~~~~~~~~~~~
/apache-datasketches-cpp-2.0.0-incubating-src/common/include/MurmurHash3.h:151:3: note: here
   case  1: k1 ^= ((uint64_t)tail[ 0]) << 0;
   ^~~~
[ 47%] Building CXX object cpc/test/CMakeFiles/cpc_test.dir/cpc_union_test.cpp.o
In file included from /apache-datasketches-cpp-2.0.0-incubating-src/cpc/include/cpc_common.hpp:25,
                 from /apache-datasketches-cpp-2.0.0-incubating-src/cpc/include/u32_table.hpp:28,
                 from /apache-datasketches-cpp-2.0.0-incubating-src/cpc/include/cpc_sketch.hpp:28,
                 from /apache-datasketches-cpp-2.0.0-incubating-src/cpc/include/cpc_union.hpp:25,
                 from /apache-datasketches-cpp-2.0.0-incubating-src/cpc/test/cpc_union_test.cpp:22:
/apache-datasketches-cpp-2.0.0-incubating-src/common/include/MurmurHash3.h: In function 'void MurmurHash3_x64_128(const void*, int, uint64_t, HashState&)':
/apache-datasketches-cpp-2.0.0-incubating-src/common/include/MurmurHash3.h:135:15: warning: this statement may fall through [-Wimplicit-fallthrough=]
   case 15: k2 ^= ((uint64_t)tail[14]) << 48; //@suppress("No break at end of case")
            ~~~^~~~~~~~~~~~~~~~~~~~~~~~~~~~~
/apache-datasketches-cpp-2.0.0-incubating-src/common/include/MurmurHash3.h:136:3: note: here
   case 14: k2 ^= ((uint64_t)tail[13]) << 40; //@suppress("No break at end of case")
   ^~~~
/apache-datasketches-cpp-2.0.0-incubating-src/common/include/MurmurHash3.h:136:15: warning: this statement may fall through [-Wimplicit-fallthrough=]
   case 14: k2 ^= ((uint64_t)tail[13]) << 40; //@suppress("No break at end of case")
            ~~~^~~~~~~~~~~~~~~~~~~~~~~~~~~~~
/apache-datasketches-cpp-2.0.0-incubating-src/common/include/MurmurHash3.h:137:3: note: here
   case 13: k2 ^= ((uint64_t)tail[12]) << 32; //@suppress("No break at end of case")
   ^~~~
/apache-datasketches-cpp-2.0.0-incubating-src/common/include/MurmurHash3.h:137:15: warning: this statement may fall through [-Wimplicit-fallthrough=]
   case 13: k2 ^= ((uint64_t)tail[12]) << 32; //@suppress("No break at end of case")
            ~~~^~~~~~~~~~~~~~~~~~~~~~~~~~~~~
/apache-datasketches-cpp-2.0.0-incubating-src/common/include/MurmurHash3.h:138:3: note: here
   case 12: k2 ^= ((uint64_t)tail[11]) << 24; //@suppress("No break at end of case")
   ^~~~
/apache-datasketches-cpp-2.0.0-incubating-src/common/include/MurmurHash3.h:138:15: warning: this statement may fall through [-Wimplicit-fallthrough=]
   case 12: k2 ^= ((uint64_t)tail[11]) << 24; //@suppress("No break at end of case")
            ~~~^~~~~~~~~~~~~~~~~~~~~~~~~~~~~
/apache-datasketches-cpp-2.0.0-incubating-src/common/include/MurmurHash3.h:139:3: note: here
   case 11: k2 ^= ((uint64_t)tail[10]) << 16; //@suppress("No break at end of case")
   ^~~~
/apache-datasketches-cpp-2.0.0-incubating-src/common/include/MurmurHash3.h:139:15: warning: this statement may fall through [-Wimplicit-fallthrough=]
   case 11: k2 ^= ((uint64_t)tail[10]) << 16; //@suppress("No break at end of case")
            ~~~^~~~~~~~~~~~~~~~~~~~~~~~~~~~~
/apache-datasketches-cpp-2.0.0-incubating-src/common/include/MurmurHash3.h:140:3: note: here
   case 10: k2 ^= ((uint64_t)tail[ 9]) << 8;  //@suppress("No break at end of case")
   ^~~~
/apache-datasketches-cpp-2.0.0-incubating-src/common/include/MurmurHash3.h:140:15: warning: this statement may fall through [-Wimplicit-fallthrough=]
   case 10: k2 ^= ((uint64_t)tail[ 9]) << 8;  //@suppress("No break at end of case")
            ~~~^~~~~~~~~~~~~~~~~~~~~~~~~~~~
/apache-datasketches-cpp-2.0.0-incubating-src/common/include/MurmurHash3.h:141:3: note: here
   case  9: k2 ^= ((uint64_t)tail[ 8]) << 0;
   ^~~~
/apache-datasketches-cpp-2.0.0-incubating-src/common/include/MurmurHash3.h:142:60: warning: this statement may fall through [-Wimplicit-fallthrough=]
            k2 *= c2; k2  = ROTL64(k2,33); k2 *= c1; out.h2 ^= k2;
                                                     ~~~~~~~^~~~~
/apache-datasketches-cpp-2.0.0-incubating-src/common/include/MurmurHash3.h:144:3: note: here
   case  8: k1 ^= ((uint64_t)tail[ 7]) << 56; //@suppress("No break at end of case")
   ^~~~
/apache-datasketches-cpp-2.0.0-incubating-src/common/include/MurmurHash3.h:144:15: warning: this statement may fall through [-Wimplicit-fallthrough=]
   case  8: k1 ^= ((uint64_t)tail[ 7]) << 56; //@suppress("No break at end of case")
            ~~~^~~~~~~~~~~~~~~~~~~~~~~~~~~~~
/apache-datasketches-cpp-2.0.0-incubating-src/common/include/MurmurHash3.h:145:3: note: here
   case  7: k1 ^= ((uint64_t)tail[ 6]) << 48; //@suppress("No break at end of case")
   ^~~~
/apache-datasketches-cpp-2.0.0-incubating-src/common/include/MurmurHash3.h:145:15: warning: this statement may fall through [-Wimplicit-fallthrough=]
   case  7: k1 ^= ((uint64_t)tail[ 6]) << 48; //@suppress("No break at end of case")
            ~~~^~~~~~~~~~~~~~~~~~~~~~~~~~~~~
/apache-datasketches-cpp-2.0.0-incubating-src/common/include/MurmurHash3.h:146:3: note: here
   case  6: k1 ^= ((uint64_t)tail[ 5]) << 40; //@suppress("No break at end of case")
   ^~~~
/apache-datasketches-cpp-2.0.0-incubating-src/common/include/MurmurHash3.h:146:15: warning: this statement may fall through [-Wimplicit-fallthrough=]
   case  6: k1 ^= ((uint64_t)tail[ 5]) << 40; //@suppress("No break at end of case")
            ~~~^~~~~~~~~~~~~~~~~~~~~~~~~~~~~
/apache-datasketches-cpp-2.0.0-incubating-src/common/include/MurmurHash3.h:147:3: note: here
   case  5: k1 ^= ((uint64_t)tail[ 4]) << 32; //@suppress("No break at end of case")
   ^~~~
/apache-datasketches-cpp-2.0.0-incubating-src/common/include/MurmurHash3.h:147:15: warning: this statement may fall through [-Wimplicit-fallthrough=]
   case  5: k1 ^= ((uint64_t)tail[ 4]) << 32; //@suppress("No break at end of case")
            ~~~^~~~~~~~~~~~~~~~~~~~~~~~~~~~~
/apache-datasketches-cpp-2.0.0-incubating-src/common/include/MurmurHash3.h:148:3: note: here
   case  4: k1 ^= ((uint64_t)tail[ 3]) << 24; //@suppress("No break at end of case")
   ^~~~
/apache-datasketches-cpp-2.0.0-incubating-src/common/include/MurmurHash3.h:148:15: warning: this statement may fall through [-Wimplicit-fallthrough=]
   case  4: k1 ^= ((uint64_t)tail[ 3]) << 24; //@suppress("No break at end of case")
            ~~~^~~~~~~~~~~~~~~~~~~~~~~~~~~~~
/apache-datasketches-cpp-2.0.0-incubating-src/common/include/MurmurHash3.h:149:3: note: here
   case  3: k1 ^= ((uint64_t)tail[ 2]) << 16; //@suppress("No break at end of case")
   ^~~~
/apache-datasketches-cpp-2.0.0-incubating-src/common/include/MurmurHash3.h:149:15: warning: this statement may fall through [-Wimplicit-fallthrough=]
   case  3: k1 ^= ((uint64_t)tail[ 2]) << 16; //@suppress("No break at end of case")
            ~~~^~~~~~~~~~~~~~~~~~~~~~~~~~~~~
/apache-datasketches-cpp-2.0.0-incubating-src/common/include/MurmurHash3.h:150:3: note: here
   case  2: k1 ^= ((uint64_t)tail[ 1]) << 8; //@suppress("No break at end of case")
   ^~~~
/apache-datasketches-cpp-2.0.0-incubating-src/common/include/MurmurHash3.h:150:15: warning: this statement may fall through [-Wimplicit-fallthrough=]
   case  2: k1 ^= ((uint64_t)tail[ 1]) << 8; //@suppress("No break at end of case")
            ~~~^~~~~~~~~~~~~~~~~~~~~~~~~~~~
/apache-datasketches-cpp-2.0.0-incubating-src/common/include/MurmurHash3.h:151:3: note: here
   case  1: k1 ^= ((uint64_t)tail[ 0]) << 0;
   ^~~~
[ 50%] Building CXX object cpc/test/CMakeFiles/cpc_test.dir/compression_test.cpp.o
In file included from /apache-datasketches-cpp-2.0.0-incubating-src/cpc/include/cpc_common.hpp:25,
                 from /apache-datasketches-cpp-2.0.0-incubating-src/cpc/include/cpc_compressor.hpp:25,
                 from /apache-datasketches-cpp-2.0.0-incubating-src/cpc/test/compression_test.cpp:23:
/apache-datasketches-cpp-2.0.0-incubating-src/common/include/MurmurHash3.h: In function 'void MurmurHash3_x64_128(const void*, int, uint64_t, HashState&)':
/apache-datasketches-cpp-2.0.0-incubating-src/common/include/MurmurHash3.h:135:15: warning: this statement may fall through [-Wimplicit-fallthrough=]
   case 15: k2 ^= ((uint64_t)tail[14]) << 48; //@suppress("No break at end of case")
            ~~~^~~~~~~~~~~~~~~~~~~~~~~~~~~~~
/apache-datasketches-cpp-2.0.0-incubating-src/common/include/MurmurHash3.h:136:3: note: here
   case 14: k2 ^= ((uint64_t)tail[13]) << 40; //@suppress("No break at end of case")
   ^~~~
/apache-datasketches-cpp-2.0.0-incubating-src/common/include/MurmurHash3.h:136:15: warning: this statement may fall through [-Wimplicit-fallthrough=]
   case 14: k2 ^= ((uint64_t)tail[13]) << 40; //@suppress("No break at end of case")
            ~~~^~~~~~~~~~~~~~~~~~~~~~~~~~~~~
/apache-datasketches-cpp-2.0.0-incubating-src/common/include/MurmurHash3.h:137:3: note: here
   case 13: k2 ^= ((uint64_t)tail[12]) << 32; //@suppress("No break at end of case")
   ^~~~
/apache-datasketches-cpp-2.0.0-incubating-src/common/include/MurmurHash3.h:137:15: warning: this statement may fall through [-Wimplicit-fallthrough=]
   case 13: k2 ^= ((uint64_t)tail[12]) << 32; //@suppress("No break at end of case")
            ~~~^~~~~~~~~~~~~~~~~~~~~~~~~~~~~
/apache-datasketches-cpp-2.0.0-incubating-src/common/include/MurmurHash3.h:138:3: note: here
   case 12: k2 ^= ((uint64_t)tail[11]) << 24; //@suppress("No break at end of case")
   ^~~~
/apache-datasketches-cpp-2.0.0-incubating-src/common/include/MurmurHash3.h:138:15: warning: this statement may fall through [-Wimplicit-fallthrough=]
   case 12: k2 ^= ((uint64_t)tail[11]) << 24; //@suppress("No break at end of case")
            ~~~^~~~~~~~~~~~~~~~~~~~~~~~~~~~~
/apache-datasketches-cpp-2.0.0-incubating-src/common/include/MurmurHash3.h:139:3: note: here
   case 11: k2 ^= ((uint64_t)tail[10]) << 16; //@suppress("No break at end of case")
   ^~~~
/apache-datasketches-cpp-2.0.0-incubating-src/common/include/MurmurHash3.h:139:15: warning: this statement may fall through [-Wimplicit-fallthrough=]
   case 11: k2 ^= ((uint64_t)tail[10]) << 16; //@suppress("No break at end of case")
            ~~~^~~~~~~~~~~~~~~~~~~~~~~~~~~~~
/apache-datasketches-cpp-2.0.0-incubating-src/common/include/MurmurHash3.h:140:3: note: here
   case 10: k2 ^= ((uint64_t)tail[ 9]) << 8;  //@suppress("No break at end of case")
   ^~~~
/apache-datasketches-cpp-2.0.0-incubating-src/common/include/MurmurHash3.h:140:15: warning: this statement may fall through [-Wimplicit-fallthrough=]
   case 10: k2 ^= ((uint64_t)tail[ 9]) << 8;  //@suppress("No break at end of case")
            ~~~^~~~~~~~~~~~~~~~~~~~~~~~~~~~
/apache-datasketches-cpp-2.0.0-incubating-src/common/include/MurmurHash3.h:141:3: note: here
   case  9: k2 ^= ((uint64_t)tail[ 8]) << 0;
   ^~~~
/apache-datasketches-cpp-2.0.0-incubating-src/common/include/MurmurHash3.h:142:60: warning: this statement may fall through [-Wimplicit-fallthrough=]
            k2 *= c2; k2  = ROTL64(k2,33); k2 *= c1; out.h2 ^= k2;
                                                     ~~~~~~~^~~~~
/apache-datasketches-cpp-2.0.0-incubating-src/common/include/MurmurHash3.h:144:3: note: here
   case  8: k1 ^= ((uint64_t)tail[ 7]) << 56; //@suppress("No break at end of case")
   ^~~~
/apache-datasketches-cpp-2.0.0-incubating-src/common/include/MurmurHash3.h:144:15: warning: this statement may fall through [-Wimplicit-fallthrough=]
   case  8: k1 ^= ((uint64_t)tail[ 7]) << 56; //@suppress("No break at end of case")
            ~~~^~~~~~~~~~~~~~~~~~~~~~~~~~~~~
/apache-datasketches-cpp-2.0.0-incubating-src/common/include/MurmurHash3.h:145:3: note: here
   case  7: k1 ^= ((uint64_t)tail[ 6]) << 48; //@suppress("No break at end of case")
   ^~~~
/apache-datasketches-cpp-2.0.0-incubating-src/common/include/MurmurHash3.h:145:15: warning: this statement may fall through [-Wimplicit-fallthrough=]
   case  7: k1 ^= ((uint64_t)tail[ 6]) << 48; //@suppress("No break at end of case")
            ~~~^~~~~~~~~~~~~~~~~~~~~~~~~~~~~
/apache-datasketches-cpp-2.0.0-incubating-src/common/include/MurmurHash3.h:146:3: note: here
   case  6: k1 ^= ((uint64_t)tail[ 5]) << 40; //@suppress("No break at end of case")
   ^~~~
/apache-datasketches-cpp-2.0.0-incubating-src/common/include/MurmurHash3.h:146:15: warning: this statement may fall through [-Wimplicit-fallthrough=]
   case  6: k1 ^= ((uint64_t)tail[ 5]) << 40; //@suppress("No break at end of case")
            ~~~^~~~~~~~~~~~~~~~~~~~~~~~~~~~~
/apache-datasketches-cpp-2.0.0-incubating-src/common/include/MurmurHash3.h:147:3: note: here
   case  5: k1 ^= ((uint64_t)tail[ 4]) << 32; //@suppress("No break at end of case")
   ^~~~
/apache-datasketches-cpp-2.0.0-incubating-src/common/include/MurmurHash3.h:147:15: warning: this statement may fall through [-Wimplicit-fallthrough=]
   case  5: k1 ^= ((uint64_t)tail[ 4]) << 32; //@suppress("No break at end of case")
            ~~~^~~~~~~~~~~~~~~~~~~~~~~~~~~~~
/apache-datasketches-cpp-2.0.0-incubating-src/common/include/MurmurHash3.h:148:3: note: here
   case  4: k1 ^= ((uint64_t)tail[ 3]) << 24; //@suppress("No break at end of case")
   ^~~~
/apache-datasketches-cpp-2.0.0-incubating-src/common/include/MurmurHash3.h:148:15: warning: this statement may fall through [-Wimplicit-fallthrough=]
   case  4: k1 ^= ((uint64_t)tail[ 3]) << 24; //@suppress("No break at end of case")
            ~~~^~~~~~~~~~~~~~~~~~~~~~~~~~~~~
/apache-datasketches-cpp-2.0.0-incubating-src/common/include/MurmurHash3.h:149:3: note: here
   case  3: k1 ^= ((uint64_t)tail[ 2]) << 16; //@suppress("No break at end of case")
   ^~~~
/apache-datasketches-cpp-2.0.0-incubating-src/common/include/MurmurHash3.h:149:15: warning: this statement may fall through [-Wimplicit-fallthrough=]
   case  3: k1 ^= ((uint64_t)tail[ 2]) << 16; //@suppress("No break at end of case")
            ~~~^~~~~~~~~~~~~~~~~~~~~~~~~~~~~
/apache-datasketches-cpp-2.0.0-incubating-src/common/include/MurmurHash3.h:150:3: note: here
   case  2: k1 ^= ((uint64_t)tail[ 1]) << 8; //@suppress("No break at end of case")
   ^~~~
/apache-datasketches-cpp-2.0.0-incubating-src/common/include/MurmurHash3.h:150:15: warning: this statement may fall through [-Wimplicit-fallthrough=]
   case  2: k1 ^= ((uint64_t)tail[ 1]) << 8; //@suppress("No break at end of case")
            ~~~^~~~~~~~~~~~~~~~~~~~~~~~~~~~
/apache-datasketches-cpp-2.0.0-incubating-src/common/include/MurmurHash3.h:151:3: note: here
   case  1: k1 ^= ((uint64_t)tail[ 0]) << 0;
   ^~~~
[ 52%] Linking CXX executable cpc_test
[ 52%] Built target cpc_test
Scanning dependencies of target kll_test
[ 55%] Building CXX object kll/test/CMakeFiles/kll_test.dir/kll_sketch_test.cpp.o
In file included from /apache-datasketches-cpp-2.0.0-incubating-src/kll/include/kll_sketch.hpp:557,
                 from /apache-datasketches-cpp-2.0.0-incubating-src/kll/test/kll_sketch_test.cpp:26:
/apache-datasketches-cpp-2.0.0-incubating-src/kll/include/kll_sketch_impl.hpp: In instantiation of 'void datasketches::kll_sketch<T, C, S, A>::merge_higher_levels(O&&, uint64_t) [with O = const datasketches::kll_sketch<float, std::less<float>, datasketches::serde<float>, datasketches::test_allocator<float> >&; T = float; C = std::less<float>; S = datasketches::serde<float>; A = datasketches::test_allocator<float>; uint64_t = long unsigned int]':
/apache-datasketches-cpp-2.0.0-incubating-src/kll/include/kll_sketch_impl.hpp:196:31:   required from 'void datasketches::kll_sketch<T, C, S, A>::merge(const datasketches::kll_sketch<T, C, S, A>&) [with T = float; C = std::less<float>; S = datasketches::serde<float>; A = datasketches::test_allocator<float>]'
/apache-datasketches-cpp-2.0.0-incubating-src/kll/test/kll_sketch_test.cpp:423:26:   required from here
/apache-datasketches-cpp-2.0.0-incubating-src/kll/include/kll_sketch_impl.hpp:874:22: warning: comparison of integer expressions of different signedness: 'std::vector<unsigned int, datasketches::test_allocator<unsigned int> >::size_type' {aka 'long unsigned int'} and 'int' [-Wsign-compare]
   if (levels_.size() < (result.final_num_levels + 1)) {
[ 58%] Building CXX object kll/test/CMakeFiles/kll_test.dir/kll_sketch_custom_type_test.cpp.o
In file included from /apache-datasketches-cpp-2.0.0-incubating-src/kll/include/kll_sketch.hpp:557,
                 from /apache-datasketches-cpp-2.0.0-incubating-src/kll/test/kll_sketch_custom_type_test.cpp:23:
/apache-datasketches-cpp-2.0.0-incubating-src/kll/include/kll_sketch_impl.hpp: In instantiation of 'void datasketches::kll_sketch<T, C, S, A>::merge_higher_levels(O&&, uint64_t) [with O = const datasketches::kll_sketch<datasketches::test_type, datasketches::test_type_less, datasketches::test_type_serde, datasketches::test_allocator<datasketches::test_type> >&; T = datasketches::test_type; C = datasketches::test_type_less; S = datasketches::test_type_serde; A = datasketches::test_allocator<datasketches::test_type>; uint64_t = long unsigned int]':
/apache-datasketches-cpp-2.0.0-incubating-src/kll/include/kll_sketch_impl.hpp:196:31:   required from 'void datasketches::kll_sketch<T, C, S, A>::merge(const datasketches::kll_sketch<T, C, S, A>&) [with T = datasketches::test_type; C = datasketches::test_type_less; S = datasketches::test_type_serde; A = datasketches::test_allocator<datasketches::test_type>]'
/apache-datasketches-cpp-2.0.0-incubating-src/kll/test/kll_sketch_custom_type_test.cpp:68:26:   required from here
/apache-datasketches-cpp-2.0.0-incubating-src/kll/include/kll_sketch_impl.hpp:874:22: warning: comparison of integer expressions of different signedness: 'std::vector<unsigned int, datasketches::test_allocator<unsigned int> >::size_type' {aka 'long unsigned int'} and 'int' [-Wsign-compare]
   if (levels_.size() < (result.final_num_levels + 1)) {
/apache-datasketches-cpp-2.0.0-incubating-src/kll/include/kll_sketch_impl.hpp: In instantiation of 'void datasketches::kll_sketch<T, C, S, A>::merge_higher_levels(O&&, uint64_t) [with O = datasketches::kll_sketch<datasketches::test_type, datasketches::test_type_less, datasketches::test_type_serde, datasketches::test_allocator<datasketches::test_type> >; T = datasketches::test_type; C = datasketches::test_type_less; S = datasketches::test_type_serde; A = datasketches::test_allocator<datasketches::test_type>; uint64_t = long unsigned int]':
/apache-datasketches-cpp-2.0.0-incubating-src/kll/include/kll_sketch_impl.hpp:220:31:   required from 'void datasketches::kll_sketch<T, C, S, A>::merge(datasketches::kll_sketch<T, C, S, A>&&) [with T = datasketches::test_type; C = datasketches::test_type_less; S = datasketches::test_type_serde; A = datasketches::test_allocator<datasketches::test_type>]'
/apache-datasketches-cpp-2.0.0-incubating-src/kll/test/kll_sketch_custom_type_test.cpp:142:37:   required from here
/apache-datasketches-cpp-2.0.0-incubating-src/kll/include/kll_sketch_impl.hpp:874:22: warning: comparison of integer expressions of different signedness: 'std::vector<unsigned int, datasketches::test_allocator<unsigned int> >::size_type' {aka 'long unsigned int'} and 'int' [-Wsign-compare]
[ 61%] Building CXX object kll/test/CMakeFiles/kll_test.dir/kll_sketch_validation.cpp.o
[ 64%] Linking CXX executable kll_test
[ 64%] Built target kll_test
Scanning dependencies of target fi_test
[ 67%] Building CXX object fi/test/CMakeFiles/fi_test.dir/reverse_purge_hash_map_test.cpp.o
[ 70%] Building CXX object fi/test/CMakeFiles/fi_test.dir/frequent_items_sketch_test.cpp.o
[ 73%] Building CXX object fi/test/CMakeFiles/fi_test.dir/frequent_items_sketch_custom_type_test.cpp.o
[ 76%] Linking CXX executable fi_test
[ 76%] Built target fi_test
Scanning dependencies of target theta_test
[ 79%] Building CXX object theta/test/CMakeFiles/theta_test.dir/theta_sketch_test.cpp.o
In file included from /apache-datasketches-cpp-2.0.0-incubating-src/theta/include/theta_sketch_impl.hpp:31,
                 from /apache-datasketches-cpp-2.0.0-incubating-src/theta/include/theta_sketch.hpp:541,
                 from /apache-datasketches-cpp-2.0.0-incubating-src/theta/test/theta_sketch_test.cpp:24:
/apache-datasketches-cpp-2.0.0-incubating-src/common/include/MurmurHash3.h: In function 'void MurmurHash3_x64_128(const void*, int, uint64_t, HashState&)':
/apache-datasketches-cpp-2.0.0-incubating-src/common/include/MurmurHash3.h:135:15: warning: this statement may fall through [-Wimplicit-fallthrough=]
   case 15: k2 ^= ((uint64_t)tail[14]) << 48; //@suppress("No break at end of case")
            ~~~^~~~~~~~~~~~~~~~~~~~~~~~~~~~~
/apache-datasketches-cpp-2.0.0-incubating-src/common/include/MurmurHash3.h:136:3: note: here
   case 14: k2 ^= ((uint64_t)tail[13]) << 40; //@suppress("No break at end of case")
   ^~~~
/apache-datasketches-cpp-2.0.0-incubating-src/common/include/MurmurHash3.h:136:15: warning: this statement may fall through [-Wimplicit-fallthrough=]
   case 14: k2 ^= ((uint64_t)tail[13]) << 40; //@suppress("No break at end of case")
            ~~~^~~~~~~~~~~~~~~~~~~~~~~~~~~~~
/apache-datasketches-cpp-2.0.0-incubating-src/common/include/MurmurHash3.h:137:3: note: here
   case 13: k2 ^= ((uint64_t)tail[12]) << 32; //@suppress("No break at end of case")
   ^~~~
/apache-datasketches-cpp-2.0.0-incubating-src/common/include/MurmurHash3.h:137:15: warning: this statement may fall through [-Wimplicit-fallthrough=]
   case 13: k2 ^= ((uint64_t)tail[12]) << 32; //@suppress("No break at end of case")
            ~~~^~~~~~~~~~~~~~~~~~~~~~~~~~~~~
/apache-datasketches-cpp-2.0.0-incubating-src/common/include/MurmurHash3.h:138:3: note: here
   case 12: k2 ^= ((uint64_t)tail[11]) << 24; //@suppress("No break at end of case")
   ^~~~
/apache-datasketches-cpp-2.0.0-incubating-src/common/include/MurmurHash3.h:138:15: warning: this statement may fall through [-Wimplicit-fallthrough=]
   case 12: k2 ^= ((uint64_t)tail[11]) << 24; //@suppress("No break at end of case")
            ~~~^~~~~~~~~~~~~~~~~~~~~~~~~~~~~
/apache-datasketches-cpp-2.0.0-incubating-src/common/include/MurmurHash3.h:139:3: note: here
   case 11: k2 ^= ((uint64_t)tail[10]) << 16; //@suppress("No break at end of case")
   ^~~~
/apache-datasketches-cpp-2.0.0-incubating-src/common/include/MurmurHash3.h:139:15: warning: this statement may fall through [-Wimplicit-fallthrough=]
   case 11: k2 ^= ((uint64_t)tail[10]) << 16; //@suppress("No break at end of case")
            ~~~^~~~~~~~~~~~~~~~~~~~~~~~~~~~~
/apache-datasketches-cpp-2.0.0-incubating-src/common/include/MurmurHash3.h:140:3: note: here
   case 10: k2 ^= ((uint64_t)tail[ 9]) << 8;  //@suppress("No break at end of case")
   ^~~~
/apache-datasketches-cpp-2.0.0-incubating-src/common/include/MurmurHash3.h:140:15: warning: this statement may fall through [-Wimplicit-fallthrough=]
   case 10: k2 ^= ((uint64_t)tail[ 9]) << 8;  //@suppress("No break at end of case")
            ~~~^~~~~~~~~~~~~~~~~~~~~~~~~~~~
/apache-datasketches-cpp-2.0.0-incubating-src/common/include/MurmurHash3.h:141:3: note: here
   case  9: k2 ^= ((uint64_t)tail[ 8]) << 0;
   ^~~~
/apache-datasketches-cpp-2.0.0-incubating-src/common/include/MurmurHash3.h:142:60: warning: this statement may fall through [-Wimplicit-fallthrough=]
            k2 *= c2; k2  = ROTL64(k2,33); k2 *= c1; out.h2 ^= k2;
                                                     ~~~~~~~^~~~~
/apache-datasketches-cpp-2.0.0-incubating-src/common/include/MurmurHash3.h:144:3: note: here
   case  8: k1 ^= ((uint64_t)tail[ 7]) << 56; //@suppress("No break at end of case")
   ^~~~
/apache-datasketches-cpp-2.0.0-incubating-src/common/include/MurmurHash3.h:144:15: warning: this statement may fall through [-Wimplicit-fallthrough=]
   case  8: k1 ^= ((uint64_t)tail[ 7]) << 56; //@suppress("No break at end of case")
            ~~~^~~~~~~~~~~~~~~~~~~~~~~~~~~~~
/apache-datasketches-cpp-2.0.0-incubating-src/common/include/MurmurHash3.h:145:3: note: here
   case  7: k1 ^= ((uint64_t)tail[ 6]) << 48; //@suppress("No break at end of case")
   ^~~~
/apache-datasketches-cpp-2.0.0-incubating-src/common/include/MurmurHash3.h:145:15: warning: this statement may fall through [-Wimplicit-fallthrough=]
   case  7: k1 ^= ((uint64_t)tail[ 6]) << 48; //@suppress("No break at end of case")
            ~~~^~~~~~~~~~~~~~~~~~~~~~~~~~~~~
/apache-datasketches-cpp-2.0.0-incubating-src/common/include/MurmurHash3.h:146:3: note: here
   case  6: k1 ^= ((uint64_t)tail[ 5]) << 40; //@suppress("No break at end of case")
   ^~~~
/apache-datasketches-cpp-2.0.0-incubating-src/common/include/MurmurHash3.h:146:15: warning: this statement may fall through [-Wimplicit-fallthrough=]
   case  6: k1 ^= ((uint64_t)tail[ 5]) << 40; //@suppress("No break at end of case")
            ~~~^~~~~~~~~~~~~~~~~~~~~~~~~~~~~
/apache-datasketches-cpp-2.0.0-incubating-src/common/include/MurmurHash3.h:147:3: note: here
   case  5: k1 ^= ((uint64_t)tail[ 4]) << 32; //@suppress("No break at end of case")
   ^~~~
/apache-datasketches-cpp-2.0.0-incubating-src/common/include/MurmurHash3.h:147:15: warning: this statement may fall through [-Wimplicit-fallthrough=]
   case  5: k1 ^= ((uint64_t)tail[ 4]) << 32; //@suppress("No break at end of case")
            ~~~^~~~~~~~~~~~~~~~~~~~~~~~~~~~~
/apache-datasketches-cpp-2.0.0-incubating-src/common/include/MurmurHash3.h:148:3: note: here
   case  4: k1 ^= ((uint64_t)tail[ 3]) << 24; //@suppress("No break at end of case")
   ^~~~
/apache-datasketches-cpp-2.0.0-incubating-src/common/include/MurmurHash3.h:148:15: warning: this statement may fall through [-Wimplicit-fallthrough=]
   case  4: k1 ^= ((uint64_t)tail[ 3]) << 24; //@suppress("No break at end of case")
            ~~~^~~~~~~~~~~~~~~~~~~~~~~~~~~~~
/apache-datasketches-cpp-2.0.0-incubating-src/common/include/MurmurHash3.h:149:3: note: here
   case  3: k1 ^= ((uint64_t)tail[ 2]) << 16; //@suppress("No break at end of case")
   ^~~~
/apache-datasketches-cpp-2.0.0-incubating-src/common/include/MurmurHash3.h:149:15: warning: this statement may fall through [-Wimplicit-fallthrough=]
   case  3: k1 ^= ((uint64_t)tail[ 2]) << 16; //@suppress("No break at end of case")
            ~~~^~~~~~~~~~~~~~~~~~~~~~~~~~~~~
/apache-datasketches-cpp-2.0.0-incubating-src/common/include/MurmurHash3.h:150:3: note: here
   case  2: k1 ^= ((uint64_t)tail[ 1]) << 8; //@suppress("No break at end of case")
   ^~~~
/apache-datasketches-cpp-2.0.0-incubating-src/common/include/MurmurHash3.h:150:15: warning: this statement may fall through [-Wimplicit-fallthrough=]
   case  2: k1 ^= ((uint64_t)tail[ 1]) << 8; //@suppress("No break at end of case")
            ~~~^~~~~~~~~~~~~~~~~~~~~~~~~~~~
/apache-datasketches-cpp-2.0.0-incubating-src/common/include/MurmurHash3.h:151:3: note: here
   case  1: k1 ^= ((uint64_t)tail[ 0]) << 0;
   ^~~~
[ 82%] Building CXX object theta/test/CMakeFiles/theta_test.dir/theta_union_test.cpp.o
In file included from /apache-datasketches-cpp-2.0.0-incubating-src/theta/include/theta_sketch_impl.hpp:31,
                 from /apache-datasketches-cpp-2.0.0-incubating-src/theta/include/theta_sketch.hpp:541,
                 from /apache-datasketches-cpp-2.0.0-incubating-src/theta/include/theta_union.hpp:27,
                 from /apache-datasketches-cpp-2.0.0-incubating-src/theta/test/theta_union_test.cpp:22:
/apache-datasketches-cpp-2.0.0-incubating-src/common/include/MurmurHash3.h: In function 'void MurmurHash3_x64_128(const void*, int, uint64_t, HashState&)':
/apache-datasketches-cpp-2.0.0-incubating-src/common/include/MurmurHash3.h:135:15: warning: this statement may fall through [-Wimplicit-fallthrough=]
   case 15: k2 ^= ((uint64_t)tail[14]) << 48; //@suppress("No break at end of case")
            ~~~^~~~~~~~~~~~~~~~~~~~~~~~~~~~~
/apache-datasketches-cpp-2.0.0-incubating-src/common/include/MurmurHash3.h:136:3: note: here
   case 14: k2 ^= ((uint64_t)tail[13]) << 40; //@suppress("No break at end of case")
   ^~~~
/apache-datasketches-cpp-2.0.0-incubating-src/common/include/MurmurHash3.h:136:15: warning: this statement may fall through [-Wimplicit-fallthrough=]
   case 14: k2 ^= ((uint64_t)tail[13]) << 40; //@suppress("No break at end of case")
            ~~~^~~~~~~~~~~~~~~~~~~~~~~~~~~~~
/apache-datasketches-cpp-2.0.0-incubating-src/common/include/MurmurHash3.h:137:3: note: here
   case 13: k2 ^= ((uint64_t)tail[12]) << 32; //@suppress("No break at end of case")
   ^~~~
/apache-datasketches-cpp-2.0.0-incubating-src/common/include/MurmurHash3.h:137:15: warning: this statement may fall through [-Wimplicit-fallthrough=]
   case 13: k2 ^= ((uint64_t)tail[12]) << 32; //@suppress("No break at end of case")
            ~~~^~~~~~~~~~~~~~~~~~~~~~~~~~~~~
/apache-datasketches-cpp-2.0.0-incubating-src/common/include/MurmurHash3.h:138:3: note: here
   case 12: k2 ^= ((uint64_t)tail[11]) << 24; //@suppress("No break at end of case")
   ^~~~
/apache-datasketches-cpp-2.0.0-incubating-src/common/include/MurmurHash3.h:138:15: warning: this statement may fall through [-Wimplicit-fallthrough=]
   case 12: k2 ^= ((uint64_t)tail[11]) << 24; //@suppress("No break at end of case")
            ~~~^~~~~~~~~~~~~~~~~~~~~~~~~~~~~
/apache-datasketches-cpp-2.0.0-incubating-src/common/include/MurmurHash3.h:139:3: note: here
   case 11: k2 ^= ((uint64_t)tail[10]) << 16; //@suppress("No break at end of case")
   ^~~~
/apache-datasketches-cpp-2.0.0-incubating-src/common/include/MurmurHash3.h:139:15: warning: this statement may fall through [-Wimplicit-fallthrough=]
   case 11: k2 ^= ((uint64_t)tail[10]) << 16; //@suppress("No break at end of case")
            ~~~^~~~~~~~~~~~~~~~~~~~~~~~~~~~~
/apache-datasketches-cpp-2.0.0-incubating-src/common/include/MurmurHash3.h:140:3: note: here
   case 10: k2 ^= ((uint64_t)tail[ 9]) << 8;  //@suppress("No break at end of case")
   ^~~~
/apache-datasketches-cpp-2.0.0-incubating-src/common/include/MurmurHash3.h:140:15: warning: this statement may fall through [-Wimplicit-fallthrough=]
   case 10: k2 ^= ((uint64_t)tail[ 9]) << 8;  //@suppress("No break at end of case")
            ~~~^~~~~~~~~~~~~~~~~~~~~~~~~~~~
/apache-datasketches-cpp-2.0.0-incubating-src/common/include/MurmurHash3.h:141:3: note: here
   case  9: k2 ^= ((uint64_t)tail[ 8]) << 0;
   ^~~~
/apache-datasketches-cpp-2.0.0-incubating-src/common/include/MurmurHash3.h:142:60: warning: this statement may fall through [-Wimplicit-fallthrough=]
            k2 *= c2; k2  = ROTL64(k2,33); k2 *= c1; out.h2 ^= k2;
                                                     ~~~~~~~^~~~~
/apache-datasketches-cpp-2.0.0-incubating-src/common/include/MurmurHash3.h:144:3: note: here
   case  8: k1 ^= ((uint64_t)tail[ 7]) << 56; //@suppress("No break at end of case")
   ^~~~
/apache-datasketches-cpp-2.0.0-incubating-src/common/include/MurmurHash3.h:144:15: warning: this statement may fall through [-Wimplicit-fallthrough=]
   case  8: k1 ^= ((uint64_t)tail[ 7]) << 56; //@suppress("No break at end of case")
            ~~~^~~~~~~~~~~~~~~~~~~~~~~~~~~~~
/apache-datasketches-cpp-2.0.0-incubating-src/common/include/MurmurHash3.h:145:3: note: here
   case  7: k1 ^= ((uint64_t)tail[ 6]) << 48; //@suppress("No break at end of case")
   ^~~~
/apache-datasketches-cpp-2.0.0-incubating-src/common/include/MurmurHash3.h:145:15: warning: this statement may fall through [-Wimplicit-fallthrough=]
   case  7: k1 ^= ((uint64_t)tail[ 6]) << 48; //@suppress("No break at end of case")
            ~~~^~~~~~~~~~~~~~~~~~~~~~~~~~~~~
/apache-datasketches-cpp-2.0.0-incubating-src/common/include/MurmurHash3.h:146:3: note: here
   case  6: k1 ^= ((uint64_t)tail[ 5]) << 40; //@suppress("No break at end of case")
   ^~~~
/apache-datasketches-cpp-2.0.0-incubating-src/common/include/MurmurHash3.h:146:15: warning: this statement may fall through [-Wimplicit-fallthrough=]
   case  6: k1 ^= ((uint64_t)tail[ 5]) << 40; //@suppress("No break at end of case")
            ~~~^~~~~~~~~~~~~~~~~~~~~~~~~~~~~
/apache-datasketches-cpp-2.0.0-incubating-src/common/include/MurmurHash3.h:147:3: note: here
   case  5: k1 ^= ((uint64_t)tail[ 4]) << 32; //@suppress("No break at end of case")
   ^~~~
/apache-datasketches-cpp-2.0.0-incubating-src/common/include/MurmurHash3.h:147:15: warning: this statement may fall through [-Wimplicit-fallthrough=]
   case  5: k1 ^= ((uint64_t)tail[ 4]) << 32; //@suppress("No break at end of case")
            ~~~^~~~~~~~~~~~~~~~~~~~~~~~~~~~~
/apache-datasketches-cpp-2.0.0-incubating-src/common/include/MurmurHash3.h:148:3: note: here
   case  4: k1 ^= ((uint64_t)tail[ 3]) << 24; //@suppress("No break at end of case")
   ^~~~
/apache-datasketches-cpp-2.0.0-incubating-src/common/include/MurmurHash3.h:148:15: warning: this statement may fall through [-Wimplicit-fallthrough=]
   case  4: k1 ^= ((uint64_t)tail[ 3]) << 24; //@suppress("No break at end of case")
            ~~~^~~~~~~~~~~~~~~~~~~~~~~~~~~~~
/apache-datasketches-cpp-2.0.0-incubating-src/common/include/MurmurHash3.h:149:3: note: here
   case  3: k1 ^= ((uint64_t)tail[ 2]) << 16; //@suppress("No break at end of case")
   ^~~~
/apache-datasketches-cpp-2.0.0-incubating-src/common/include/MurmurHash3.h:149:15: warning: this statement may fall through [-Wimplicit-fallthrough=]
   case  3: k1 ^= ((uint64_t)tail[ 2]) << 16; //@suppress("No break at end of case")
            ~~~^~~~~~~~~~~~~~~~~~~~~~~~~~~~~
/apache-datasketches-cpp-2.0.0-incubating-src/common/include/MurmurHash3.h:150:3: note: here
   case  2: k1 ^= ((uint64_t)tail[ 1]) << 8; //@suppress("No break at end of case")
   ^~~~
/apache-datasketches-cpp-2.0.0-incubating-src/common/include/MurmurHash3.h:150:15: warning: this statement may fall through [-Wimplicit-fallthrough=]
   case  2: k1 ^= ((uint64_t)tail[ 1]) << 8; //@suppress("No break at end of case")
            ~~~^~~~~~~~~~~~~~~~~~~~~~~~~~~~
/apache-datasketches-cpp-2.0.0-incubating-src/common/include/MurmurHash3.h:151:3: note: here
   case  1: k1 ^= ((uint64_t)tail[ 0]) << 0;
   ^~~~
[ 85%] Building CXX object theta/test/CMakeFiles/theta_test.dir/theta_intersection_test.cpp.o
In file included from /apache-datasketches-cpp-2.0.0-incubating-src/theta/include/theta_sketch_impl.hpp:31,
                 from /apache-datasketches-cpp-2.0.0-incubating-src/theta/include/theta_sketch.hpp:541,
                 from /apache-datasketches-cpp-2.0.0-incubating-src/theta/include/theta_intersection.hpp:27,
                 from /apache-datasketches-cpp-2.0.0-incubating-src/theta/test/theta_intersection_test.cpp:22:
/apache-datasketches-cpp-2.0.0-incubating-src/common/include/MurmurHash3.h: In function 'void MurmurHash3_x64_128(const void*, int, uint64_t, HashState&)':
/apache-datasketches-cpp-2.0.0-incubating-src/common/include/MurmurHash3.h:135:15: warning: this statement may fall through [-Wimplicit-fallthrough=]
   case 15: k2 ^= ((uint64_t)tail[14]) << 48; //@suppress("No break at end of case")
            ~~~^~~~~~~~~~~~~~~~~~~~~~~~~~~~~
/apache-datasketches-cpp-2.0.0-incubating-src/common/include/MurmurHash3.h:136:3: note: here
   case 14: k2 ^= ((uint64_t)tail[13]) << 40; //@suppress("No break at end of case")
   ^~~~
/apache-datasketches-cpp-2.0.0-incubating-src/common/include/MurmurHash3.h:136:15: warning: this statement may fall through [-Wimplicit-fallthrough=]
   case 14: k2 ^= ((uint64_t)tail[13]) << 40; //@suppress("No break at end of case")
            ~~~^~~~~~~~~~~~~~~~~~~~~~~~~~~~~
/apache-datasketches-cpp-2.0.0-incubating-src/common/include/MurmurHash3.h:137:3: note: here
   case 13: k2 ^= ((uint64_t)tail[12]) << 32; //@suppress("No break at end of case")
   ^~~~
/apache-datasketches-cpp-2.0.0-incubating-src/common/include/MurmurHash3.h:137:15: warning: this statement may fall through [-Wimplicit-fallthrough=]
   case 13: k2 ^= ((uint64_t)tail[12]) << 32; //@suppress("No break at end of case")
            ~~~^~~~~~~~~~~~~~~~~~~~~~~~~~~~~
/apache-datasketches-cpp-2.0.0-incubating-src/common/include/MurmurHash3.h:138:3: note: here
   case 12: k2 ^= ((uint64_t)tail[11]) << 24; //@suppress("No break at end of case")
   ^~~~
/apache-datasketches-cpp-2.0.0-incubating-src/common/include/MurmurHash3.h:138:15: warning: this statement may fall through [-Wimplicit-fallthrough=]
   case 12: k2 ^= ((uint64_t)tail[11]) << 24; //@suppress("No break at end of case")
            ~~~^~~~~~~~~~~~~~~~~~~~~~~~~~~~~
/apache-datasketches-cpp-2.0.0-incubating-src/common/include/MurmurHash3.h:139:3: note: here
   case 11: k2 ^= ((uint64_t)tail[10]) << 16; //@suppress("No break at end of case")
   ^~~~
/apache-datasketches-cpp-2.0.0-incubating-src/common/include/MurmurHash3.h:139:15: warning: this statement may fall through [-Wimplicit-fallthrough=]
   case 11: k2 ^= ((uint64_t)tail[10]) << 16; //@suppress("No break at end of case")
            ~~~^~~~~~~~~~~~~~~~~~~~~~~~~~~~~
/apache-datasketches-cpp-2.0.0-incubating-src/common/include/MurmurHash3.h:140:3: note: here
   case 10: k2 ^= ((uint64_t)tail[ 9]) << 8;  //@suppress("No break at end of case")
   ^~~~
/apache-datasketches-cpp-2.0.0-incubating-src/common/include/MurmurHash3.h:140:15: warning: this statement may fall through [-Wimplicit-fallthrough=]
   case 10: k2 ^= ((uint64_t)tail[ 9]) << 8;  //@suppress("No break at end of case")
            ~~~^~~~~~~~~~~~~~~~~~~~~~~~~~~~
/apache-datasketches-cpp-2.0.0-incubating-src/common/include/MurmurHash3.h:141:3: note: here
   case  9: k2 ^= ((uint64_t)tail[ 8]) << 0;
   ^~~~
/apache-datasketches-cpp-2.0.0-incubating-src/common/include/MurmurHash3.h:142:60: warning: this statement may fall through [-Wimplicit-fallthrough=]
            k2 *= c2; k2  = ROTL64(k2,33); k2 *= c1; out.h2 ^= k2;
                                                     ~~~~~~~^~~~~
/apache-datasketches-cpp-2.0.0-incubating-src/common/include/MurmurHash3.h:144:3: note: here
   case  8: k1 ^= ((uint64_t)tail[ 7]) << 56; //@suppress("No break at end of case")
   ^~~~
/apache-datasketches-cpp-2.0.0-incubating-src/common/include/MurmurHash3.h:144:15: warning: this statement may fall through [-Wimplicit-fallthrough=]
   case  8: k1 ^= ((uint64_t)tail[ 7]) << 56; //@suppress("No break at end of case")
            ~~~^~~~~~~~~~~~~~~~~~~~~~~~~~~~~
/apache-datasketches-cpp-2.0.0-incubating-src/common/include/MurmurHash3.h:145:3: note: here
   case  7: k1 ^= ((uint64_t)tail[ 6]) << 48; //@suppress("No break at end of case")
   ^~~~
/apache-datasketches-cpp-2.0.0-incubating-src/common/include/MurmurHash3.h:145:15: warning: this statement may fall through [-Wimplicit-fallthrough=]
   case  7: k1 ^= ((uint64_t)tail[ 6]) << 48; //@suppress("No break at end of case")
            ~~~^~~~~~~~~~~~~~~~~~~~~~~~~~~~~
/apache-datasketches-cpp-2.0.0-incubating-src/common/include/MurmurHash3.h:146:3: note: here
   case  6: k1 ^= ((uint64_t)tail[ 5]) << 40; //@suppress("No break at end of case")
   ^~~~
/apache-datasketches-cpp-2.0.0-incubating-src/common/include/MurmurHash3.h:146:15: warning: this statement may fall through [-Wimplicit-fallthrough=]
   case  6: k1 ^= ((uint64_t)tail[ 5]) << 40; //@suppress("No break at end of case")
            ~~~^~~~~~~~~~~~~~~~~~~~~~~~~~~~~
/apache-datasketches-cpp-2.0.0-incubating-src/common/include/MurmurHash3.h:147:3: note: here
   case  5: k1 ^= ((uint64_t)tail[ 4]) << 32; //@suppress("No break at end of case")
   ^~~~
/apache-datasketches-cpp-2.0.0-incubating-src/common/include/MurmurHash3.h:147:15: warning: this statement may fall through [-Wimplicit-fallthrough=]
   case  5: k1 ^= ((uint64_t)tail[ 4]) << 32; //@suppress("No break at end of case")
            ~~~^~~~~~~~~~~~~~~~~~~~~~~~~~~~~
/apache-datasketches-cpp-2.0.0-incubating-src/common/include/MurmurHash3.h:148:3: note: here
   case  4: k1 ^= ((uint64_t)tail[ 3]) << 24; //@suppress("No break at end of case")
   ^~~~
/apache-datasketches-cpp-2.0.0-incubating-src/common/include/MurmurHash3.h:148:15: warning: this statement may fall through [-Wimplicit-fallthrough=]
   case  4: k1 ^= ((uint64_t)tail[ 3]) << 24; //@suppress("No break at end of case")
            ~~~^~~~~~~~~~~~~~~~~~~~~~~~~~~~~
/apache-datasketches-cpp-2.0.0-incubating-src/common/include/MurmurHash3.h:149:3: note: here
   case  3: k1 ^= ((uint64_t)tail[ 2]) << 16; //@suppress("No break at end of case")
   ^~~~
/apache-datasketches-cpp-2.0.0-incubating-src/common/include/MurmurHash3.h:149:15: warning: this statement may fall through [-Wimplicit-fallthrough=]
   case  3: k1 ^= ((uint64_t)tail[ 2]) << 16; //@suppress("No break at end of case")
            ~~~^~~~~~~~~~~~~~~~~~~~~~~~~~~~~
/apache-datasketches-cpp-2.0.0-incubating-src/common/include/MurmurHash3.h:150:3: note: here
   case  2: k1 ^= ((uint64_t)tail[ 1]) << 8; //@suppress("No break at end of case")
   ^~~~
/apache-datasketches-cpp-2.0.0-incubating-src/common/include/MurmurHash3.h:150:15: warning: this statement may fall through [-Wimplicit-fallthrough=]
   case  2: k1 ^= ((uint64_t)tail[ 1]) << 8; //@suppress("No break at end of case")
            ~~~^~~~~~~~~~~~~~~~~~~~~~~~~~~~
/apache-datasketches-cpp-2.0.0-incubating-src/common/include/MurmurHash3.h:151:3: note: here
   case  1: k1 ^= ((uint64_t)tail[ 0]) << 0;
   ^~~~

[ 88%] Building CXX object theta/test/CMakeFiles/theta_test.dir/theta_a_not_b_test.cpp.o
In file included from /apache-datasketches-cpp-2.0.0-incubating-src/theta/include/theta_sketch_impl.hpp:31,
                 from /apache-datasketches-cpp-2.0.0-incubating-src/theta/include/theta_sketch.hpp:541,
                 from /apache-datasketches-cpp-2.0.0-incubating-src/theta/include/theta_a_not_b.hpp:27,
                 from /apache-datasketches-cpp-2.0.0-incubating-src/theta/test/theta_a_not_b_test.cpp:22:
/apache-datasketches-cpp-2.0.0-incubating-src/common/include/MurmurHash3.h: In function 'void MurmurHash3_x64_128(const void*, int, uint64_t, HashState&)':
/apache-datasketches-cpp-2.0.0-incubating-src/common/include/MurmurHash3.h:135:15: warning: this statement may fall through [-Wimplicit-fallthrough=]
   case 15: k2 ^= ((uint64_t)tail[14]) << 48; //@suppress("No break at end of case")
            ~~~^~~~~~~~~~~~~~~~~~~~~~~~~~~~~
/apache-datasketches-cpp-2.0.0-incubating-src/common/include/MurmurHash3.h:136:3: note: here
   case 14: k2 ^= ((uint64_t)tail[13]) << 40; //@suppress("No break at end of case")
   ^~~~
/apache-datasketches-cpp-2.0.0-incubating-src/common/include/MurmurHash3.h:136:15: warning: this statement may fall through [-Wimplicit-fallthrough=]
   case 14: k2 ^= ((uint64_t)tail[13]) << 40; //@suppress("No break at end of case")
            ~~~^~~~~~~~~~~~~~~~~~~~~~~~~~~~~
/apache-datasketches-cpp-2.0.0-incubating-src/common/include/MurmurHash3.h:137:3: note: here
   case 13: k2 ^= ((uint64_t)tail[12]) << 32; //@suppress("No break at end of case")
   ^~~~
/apache-datasketches-cpp-2.0.0-incubating-src/common/include/MurmurHash3.h:137:15: warning: this statement may fall through [-Wimplicit-fallthrough=]
   case 13: k2 ^= ((uint64_t)tail[12]) << 32; //@suppress("No break at end of case")
            ~~~^~~~~~~~~~~~~~~~~~~~~~~~~~~~~
/apache-datasketches-cpp-2.0.0-incubating-src/common/include/MurmurHash3.h:138:3: note: here
   case 12: k2 ^= ((uint64_t)tail[11]) << 24; //@suppress("No break at end of case")
   ^~~~
/apache-datasketches-cpp-2.0.0-incubating-src/common/include/MurmurHash3.h:138:15: warning: this statement may fall through [-Wimplicit-fallthrough=]
   case 12: k2 ^= ((uint64_t)tail[11]) << 24; //@suppress("No break at end of case")
            ~~~^~~~~~~~~~~~~~~~~~~~~~~~~~~~~
/apache-datasketches-cpp-2.0.0-incubating-src/common/include/MurmurHash3.h:139:3: note: here
   case 11: k2 ^= ((uint64_t)tail[10]) << 16; //@suppress("No break at end of case")
   ^~~~
/apache-datasketches-cpp-2.0.0-incubating-src/common/include/MurmurHash3.h:139:15: warning: this statement may fall through [-Wimplicit-fallthrough=]
   case 11: k2 ^= ((uint64_t)tail[10]) << 16; //@suppress("No break at end of case")
            ~~~^~~~~~~~~~~~~~~~~~~~~~~~~~~~~
/apache-datasketches-cpp-2.0.0-incubating-src/common/include/MurmurHash3.h:140:3: note: here
   case 10: k2 ^= ((uint64_t)tail[ 9]) << 8;  //@suppress("No break at end of case")
   ^~~~
/apache-datasketches-cpp-2.0.0-incubating-src/common/include/MurmurHash3.h:140:15: warning: this statement may fall through [-Wimplicit-fallthrough=]
   case 10: k2 ^= ((uint64_t)tail[ 9]) << 8;  //@suppress("No break at end of case")
            ~~~^~~~~~~~~~~~~~~~~~~~~~~~~~~~
/apache-datasketches-cpp-2.0.0-incubating-src/common/include/MurmurHash3.h:141:3: note: here
   case  9: k2 ^= ((uint64_t)tail[ 8]) << 0;
   ^~~~
/apache-datasketches-cpp-2.0.0-incubating-src/common/include/MurmurHash3.h:142:60: warning: this statement may fall through [-Wimplicit-fallthrough=]
            k2 *= c2; k2  = ROTL64(k2,33); k2 *= c1; out.h2 ^= k2;
                                                     ~~~~~~~^~~~~
/apache-datasketches-cpp-2.0.0-incubating-src/common/include/MurmurHash3.h:144:3: note: here
   case  8: k1 ^= ((uint64_t)tail[ 7]) << 56; //@suppress("No break at end of case")
   ^~~~
/apache-datasketches-cpp-2.0.0-incubating-src/common/include/MurmurHash3.h:144:15: warning: this statement may fall through [-Wimplicit-fallthrough=]
   case  8: k1 ^= ((uint64_t)tail[ 7]) << 56; //@suppress("No break at end of case")
            ~~~^~~~~~~~~~~~~~~~~~~~~~~~~~~~~
/apache-datasketches-cpp-2.0.0-incubating-src/common/include/MurmurHash3.h:145:3: note: here
   case  7: k1 ^= ((uint64_t)tail[ 6]) << 48; //@suppress("No break at end of case")
   ^~~~
/apache-datasketches-cpp-2.0.0-incubating-src/common/include/MurmurHash3.h:145:15: warning: this statement may fall through [-Wimplicit-fallthrough=]
   case  7: k1 ^= ((uint64_t)tail[ 6]) << 48; //@suppress("No break at end of case")
            ~~~^~~~~~~~~~~~~~~~~~~~~~~~~~~~~
/apache-datasketches-cpp-2.0.0-incubating-src/common/include/MurmurHash3.h:146:3: note: here
   case  6: k1 ^= ((uint64_t)tail[ 5]) << 40; //@suppress("No break at end of case")
   ^~~~
/apache-datasketches-cpp-2.0.0-incubating-src/common/include/MurmurHash3.h:146:15: warning: this statement may fall through [-Wimplicit-fallthrough=]
   case  6: k1 ^= ((uint64_t)tail[ 5]) << 40; //@suppress("No break at end of case")
            ~~~^~~~~~~~~~~~~~~~~~~~~~~~~~~~~
/apache-datasketches-cpp-2.0.0-incubating-src/common/include/MurmurHash3.h:147:3: note: here
   case  5: k1 ^= ((uint64_t)tail[ 4]) << 32; //@suppress("No break at end of case")
   ^~~~
/apache-datasketches-cpp-2.0.0-incubating-src/common/include/MurmurHash3.h:147:15: warning: this statement may fall through [-Wimplicit-fallthrough=]
   case  5: k1 ^= ((uint64_t)tail[ 4]) << 32; //@suppress("No break at end of case")
            ~~~^~~~~~~~~~~~~~~~~~~~~~~~~~~~~
/apache-datasketches-cpp-2.0.0-incubating-src/common/include/MurmurHash3.h:148:3: note: here
   case  4: k1 ^= ((uint64_t)tail[ 3]) << 24; //@suppress("No break at end of case")
   ^~~~
/apache-datasketches-cpp-2.0.0-incubating-src/common/include/MurmurHash3.h:148:15: warning: this statement may fall through [-Wimplicit-fallthrough=]
   case  4: k1 ^= ((uint64_t)tail[ 3]) << 24; //@suppress("No break at end of case")
            ~~~^~~~~~~~~~~~~~~~~~~~~~~~~~~~~
/apache-datasketches-cpp-2.0.0-incubating-src/common/include/MurmurHash3.h:149:3: note: here
   case  3: k1 ^= ((uint64_t)tail[ 2]) << 16; //@suppress("No break at end of case")
   ^~~~
/apache-datasketches-cpp-2.0.0-incubating-src/common/include/MurmurHash3.h:149:15: warning: this statement may fall through [-Wimplicit-fallthrough=]
   case  3: k1 ^= ((uint64_t)tail[ 2]) << 16; //@suppress("No break at end of case")
            ~~~^~~~~~~~~~~~~~~~~~~~~~~~~~~~~
/apache-datasketches-cpp-2.0.0-incubating-src/common/include/MurmurHash3.h:150:3: note: here
   case  2: k1 ^= ((uint64_t)tail[ 1]) << 8; //@suppress("No break at end of case")
   ^~~~
/apache-datasketches-cpp-2.0.0-incubating-src/common/include/MurmurHash3.h:150:15: warning: this statement may fall through [-Wimplicit-fallthrough=]
   case  2: k1 ^= ((uint64_t)tail[ 1]) << 8; //@suppress("No break at end of case")
            ~~~^~~~~~~~~~~~~~~~~~~~~~~~~~~~
/apache-datasketches-cpp-2.0.0-incubating-src/common/include/MurmurHash3.h:151:3: note: here
   case  1: k1 ^= ((uint64_t)tail[ 0]) << 0;
   ^~~~
[ 91%] Linking CXX executable theta_test
[ 91%] Built target theta_test
Scanning dependencies of target sampling_test
[ 94%] Building CXX object sampling/test/CMakeFiles/sampling_test.dir/var_opt_sketch_test.cpp.o
[ 97%] Building CXX object sampling/test/CMakeFiles/sampling_test.dir/var_opt_union_test.cpp.o
[100%] Linking CXX executable sampling_test
[100%] Built target sampling_test
Removing intermediate container e921b2b7a3ee
 ---> fef50efa2da9
Step 11/11 : RUN make test
 ---> Running in cada1029ec77
Running tests...
Test project /apache-datasketches-cpp-2.0.0-incubating-src/build
    Start 1: hll_test
1/6 Test #1: hll_test .........................   Passed   46.64 sec
    Start 2: cpc_test
2/6 Test #2: cpc_test .........................   Passed    1.79 sec
    Start 3: kll_test
3/6 Test #3: kll_test .........................   Passed    2.38 sec
    Start 4: fi_test
4/6 Test #4: fi_test ..........................   Passed    0.00 sec
    Start 5: theta_test
5/6 Test #5: theta_test .......................   Passed    0.03 sec
    Start 6: sampling_test
6/6 Test #6: sampling_test ....................***Exception: SegFault  0.01 sec

83% tests passed, 1 tests failed out of 6

Total Test time (real) =  50.86 sec

The following tests FAILED:
Errors while running CTest
	  6 - sampling_test (SEGFAULT)
make: *** [Makefile:86: test] Error 8
The command '/bin/sh -c make test' returned a non-zero code: 2
